2025-12-07 21:33:53,647 - INFO - Starting automated login flow...
2025-12-07 21:33:53,655 - INFO - Opening Login URL: https://kite.zerodha.com/connect/login?api_key=fwes6m5ghrny6yaf&v=3
2025-12-07 21:33:53,656 - INFO - Listening for callback on 127.0.0.1:80...
2025-12-07 21:33:54,179 - INFO - Request Token received via callback.
2025-12-07 21:33:54,325 - INFO - New Access Token generated and saved.
2025-12-07 21:33:54,327 - INFO - Kite Connect initialized.
2025-12-07 21:33:54,329 - INFO - Fetching instruments from Kite API...
2025-12-07 21:33:54,584 - INFO - Loaded 8700 instruments.
2025-12-07 21:33:54,587 - INFO - Starting Stock Screener Application
2025-12-07 21:33:54,587 - INFO - Loading Nifty 500 tickers...
2025-12-07 21:33:54,799 - INFO - Initializing Kite data fetch process...
2025-12-07 21:33:54,813 - INFO - Fetching data for 360ONE.NS (Token: 3343617) from 2025-12-06...
2025-12-07 21:33:54,867 - WARNING - No data returned for 360ONE.NS
2025-12-07 21:33:54,869 - INFO - Fetching data for 3MINDIA.NS (Token: 121345) from 2025-12-06...
2025-12-07 21:33:54,917 - WARNING - No data returned for 3MINDIA.NS
2025-12-07 21:33:54,918 - INFO - Fetching data for ABB.NS (Token: 3329) from 2025-12-06...
2025-12-07 21:33:54,974 - WARNING - No data returned for ABB.NS
2025-12-07 21:33:54,979 - INFO - Fetching data for ACC.NS (Token: 5633) from 2025-12-06...
2025-12-07 21:33:55,030 - WARNING - No data returned for ACC.NS
2025-12-07 21:33:55,047 - INFO - Fetching data for ACMESOLAR.NS (Token: 6927617) from 2025-12-06...
2025-12-07 21:33:55,099 - WARNING - No data returned for ACMESOLAR.NS
2025-12-07 21:33:55,102 - INFO - Fetching data for AIAENG.NS (Token: 3350017) from 2025-12-06...
2025-12-07 21:33:55,156 - WARNING - No data returned for AIAENG.NS
2025-12-07 21:33:55,166 - INFO - Fetching data for APLAPOLLO.NS (Token: 6599681) from 2025-12-06...
2025-12-07 21:33:55,234 - WARNING - No data returned for APLAPOLLO.NS
2025-12-07 21:33:55,273 - INFO - Fetching data for AUBANK.NS (Token: 5436929) from 2025-12-06...
2025-12-07 21:33:55,336 - WARNING - No data returned for AUBANK.NS
2025-12-07 21:33:55,341 - INFO - Fetching data for AWL.NS (Token: 2076161) from 2025-12-06...
2025-12-07 21:33:55,397 - WARNING - No data returned for AWL.NS
2025-12-07 21:33:55,398 - INFO - Fetching data for AADHARHFC.NS (Token: 6074625) from 2025-12-06...
2025-12-07 21:33:55,453 - WARNING - No data returned for AADHARHFC.NS
2025-12-07 21:33:55,458 - INFO - Fetching data for AARTIIND.NS (Token: 1793) from 2025-12-06...
2025-12-07 21:33:55,507 - WARNING - No data returned for AARTIIND.NS
2025-12-07 21:33:55,510 - INFO - Fetching data for AAVAS.NS (Token: 1378561) from 2025-12-06...
2025-12-07 21:33:55,557 - WARNING - No data returned for AAVAS.NS
2025-12-07 21:33:55,558 - INFO - Fetching data for ABBOTINDIA.NS (Token: 4583169) from 2025-12-06...
2025-12-07 21:33:55,608 - WARNING - No data returned for ABBOTINDIA.NS
2025-12-07 21:33:55,612 - INFO - Fetching data for ACE.NS (Token: 3478273) from 2025-12-06...
2025-12-07 21:33:55,658 - WARNING - No data returned for ACE.NS
2025-12-07 21:33:55,662 - INFO - Fetching data for ADANIENSOL.NS (Token: 2615553) from 2025-12-06...
2025-12-07 21:33:55,710 - WARNING - No data returned for ADANIENSOL.NS
2025-12-07 21:33:55,712 - INFO - Fetching data for ADANIENT.NS (Token: 6401) from 2025-12-06...
2025-12-07 21:33:55,758 - WARNING - No data returned for ADANIENT.NS
2025-12-07 21:33:55,762 - INFO - Fetching data for ADANIGREEN.NS (Token: 912129) from 2025-12-06...
2025-12-07 21:33:55,815 - WARNING - No data returned for ADANIGREEN.NS
2025-12-07 21:33:55,817 - INFO - Fetching data for ADANIPORTS.NS (Token: 3861249) from 2025-12-06...
2025-12-07 21:33:55,861 - WARNING - No data returned for ADANIPORTS.NS
2025-12-07 21:33:55,862 - INFO - Fetching data for ADANIPOWER.NS (Token: 4451329) from 2025-12-06...
2025-12-07 21:33:56,082 - WARNING - No data returned for ADANIPOWER.NS
2025-12-07 21:33:56,084 - INFO - Fetching data for ATGL.NS (Token: 1552897) from 2025-12-06...
2025-12-07 21:33:56,129 - WARNING - No data returned for ATGL.NS
2025-12-07 21:33:56,135 - INFO - Fetching data for ABCAPITAL.NS (Token: 5533185) from 2025-12-06...
2025-12-07 21:33:56,265 - WARNING - No data returned for ABCAPITAL.NS
2025-12-07 21:33:56,284 - INFO - Fetching data for ABFRL.NS (Token: 7707649) from 2025-12-06...
2025-12-07 21:33:56,400 - WARNING - No data returned for ABFRL.NS
2025-12-07 21:33:56,415 - INFO - Fetching data for ABLBL.NS (Token: 193751809) from 2025-12-06...
2025-12-07 21:33:56,465 - WARNING - No data returned for ABLBL.NS
2025-12-07 21:33:56,468 - INFO - Fetching data for ABREL.NS (Token: 160001) from 2025-12-06...
2025-12-07 21:33:56,515 - WARNING - No data returned for ABREL.NS
2025-12-07 21:33:56,517 - INFO - Fetching data for ABSLAMC.NS (Token: 1540609) from 2025-12-06...
2025-12-07 21:33:56,570 - WARNING - No data returned for ABSLAMC.NS
2025-12-07 21:33:56,582 - INFO - Fetching data for AEGISLOG.NS (Token: 10241) from 2025-12-06...
2025-12-07 21:33:56,643 - WARNING - No data returned for AEGISLOG.NS
2025-12-07 21:33:56,646 - INFO - Fetching data for AEGISVOPAK.NS (Token: 193878017) from 2025-12-06...
2025-12-07 21:33:56,694 - WARNING - No data returned for AEGISVOPAK.NS
2025-12-07 21:33:56,700 - INFO - Fetching data for AFCONS.NS (Token: 6650113) from 2025-12-06...
2025-12-07 21:33:56,757 - WARNING - No data returned for AFCONS.NS
2025-12-07 21:33:56,767 - INFO - Fetching data for AFFLE.NS (Token: 2903809) from 2025-12-06...
2025-12-07 21:33:56,831 - WARNING - No data returned for AFFLE.NS
2025-12-07 21:33:56,833 - INFO - Fetching data for AJANTPHARM.NS (Token: 2079745) from 2025-12-06...
2025-12-07 21:33:56,890 - WARNING - No data returned for AJANTPHARM.NS
2025-12-07 21:33:56,899 - INFO - Fetching data for AKUMS.NS (Token: 6327041) from 2025-12-06...
2025-12-07 21:33:56,965 - WARNING - No data returned for AKUMS.NS
2025-12-07 21:33:56,967 - INFO - Fetching data for AKZOINDIA.NS (Token: 375553) from 2025-12-06...
2025-12-07 21:33:57,018 - WARNING - No data returned for AKZOINDIA.NS
2025-12-07 21:33:57,021 - INFO - Fetching data for APLLTD.NS (Token: 6483969) from 2025-12-06...
2025-12-07 21:33:57,078 - WARNING - No data returned for APLLTD.NS
2025-12-07 21:33:57,081 - INFO - Fetching data for ALKEM.NS (Token: 2995969) from 2025-12-06...
2025-12-07 21:33:57,128 - WARNING - No data returned for ALKEM.NS
2025-12-07 21:33:57,132 - INFO - Fetching data for ALKYLAMINE.NS (Token: 1148673) from 2025-12-06...
2025-12-07 21:33:57,194 - WARNING - No data returned for ALKYLAMINE.NS
2025-12-07 21:33:57,199 - INFO - Fetching data for ALOKINDS.NS (Token: 4524801) from 2025-12-06...
2025-12-07 21:33:57,249 - WARNING - No data returned for ALOKINDS.NS
2025-12-07 21:33:57,261 - INFO - Fetching data for ARE&M.NS (Token: 25601) from 2025-12-06...
2025-12-07 21:33:57,313 - WARNING - No data returned for ARE&M.NS
2025-12-07 21:33:57,315 - INFO - Fetching data for AMBER.NS (Token: 303361) from 2025-12-06...
2025-12-07 21:33:57,366 - WARNING - No data returned for AMBER.NS
2025-12-07 21:33:57,369 - INFO - Fetching data for AMBUJACEM.NS (Token: 325121) from 2025-12-06...
2025-12-07 21:33:57,438 - WARNING - No data returned for AMBUJACEM.NS
2025-12-07 21:33:57,446 - INFO - Fetching data for ANANDRATHI.NS (Token: 1829121) from 2025-12-06...
2025-12-07 21:33:57,500 - WARNING - No data returned for ANANDRATHI.NS
2025-12-07 21:33:57,502 - INFO - Fetching data for ANANTRAJ.NS (Token: 3486721) from 2025-12-06...
2025-12-07 21:33:57,562 - WARNING - No data returned for ANANTRAJ.NS
2025-12-07 21:33:57,565 - INFO - Fetching data for ANGELONE.NS (Token: 82945) from 2025-12-06...
2025-12-07 21:33:57,618 - WARNING - No data returned for ANGELONE.NS
2025-12-07 21:33:57,624 - INFO - Fetching data for APARINDS.NS (Token: 2941697) from 2025-12-06...
2025-12-07 21:33:57,705 - WARNING - No data returned for APARINDS.NS
2025-12-07 21:33:57,719 - INFO - Fetching data for APOLLOHOSP.NS (Token: 40193) from 2025-12-06...
2025-12-07 21:33:57,774 - WARNING - No data returned for APOLLOHOSP.NS
2025-12-07 21:33:57,777 - INFO - Fetching data for APOLLOTYRE.NS (Token: 41729) from 2025-12-06...
2025-12-07 21:33:57,826 - WARNING - No data returned for APOLLOTYRE.NS
2025-12-07 21:33:57,832 - INFO - Fetching data for APTUS.NS (Token: 1391361) from 2025-12-06...
2025-12-07 21:33:57,889 - WARNING - No data returned for APTUS.NS
2025-12-07 21:33:57,896 - INFO - Fetching data for ASAHIINDIA.NS (Token: 1376769) from 2025-12-06...
2025-12-07 21:33:57,951 - WARNING - No data returned for ASAHIINDIA.NS
2025-12-07 21:33:57,959 - INFO - Fetching data for ASHOKLEY.NS (Token: 54273) from 2025-12-06...
2025-12-07 21:33:58,026 - WARNING - No data returned for ASHOKLEY.NS
2025-12-07 21:33:58,031 - INFO - Fetching data for ASIANPAINT.NS (Token: 60417) from 2025-12-06...
2025-12-07 21:33:58,102 - WARNING - No data returned for ASIANPAINT.NS
2025-12-07 21:33:58,111 - INFO - Fetching data for ASTERDM.NS (Token: 386049) from 2025-12-06...
2025-12-07 21:33:58,163 - WARNING - No data returned for ASTERDM.NS
2025-12-07 21:33:58,169 - INFO - Fetching data for ASTRAZEN.NS (Token: 1436161) from 2025-12-06...
2025-12-07 21:33:58,248 - WARNING - No data returned for ASTRAZEN.NS
2025-12-07 21:33:58,251 - INFO - Fetching data for ASTRAL.NS (Token: 3691009) from 2025-12-06...
2025-12-07 21:33:58,309 - WARNING - No data returned for ASTRAL.NS
2025-12-07 21:33:58,316 - INFO - Fetching data for ATHERENERG.NS (Token: 193957121) from 2025-12-06...
2025-12-07 21:33:58,366 - WARNING - No data returned for ATHERENERG.NS
2025-12-07 21:33:58,368 - INFO - Fetching data for ATUL.NS (Token: 67329) from 2025-12-06...
2025-12-07 21:33:58,424 - WARNING - No data returned for ATUL.NS
2025-12-07 21:33:58,427 - INFO - Fetching data for AUROPHARMA.NS (Token: 70401) from 2025-12-06...
2025-12-07 21:33:58,477 - WARNING - No data returned for AUROPHARMA.NS
2025-12-07 21:33:58,479 - INFO - Fetching data for AIIL.NS (Token: 6029569) from 2025-12-06...
2025-12-07 21:33:58,530 - WARNING - No data returned for AIIL.NS
2025-12-07 21:33:58,533 - INFO - Fetching data for DMART.NS (Token: 5097729) from 2025-12-06...
2025-12-07 21:33:58,598 - WARNING - No data returned for DMART.NS
2025-12-07 21:33:58,601 - INFO - Fetching data for AXISBANK.NS (Token: 1510401) from 2025-12-06...
2025-12-07 21:33:58,680 - WARNING - No data returned for AXISBANK.NS
2025-12-07 21:33:58,682 - INFO - Fetching data for BASF.NS (Token: 94209) from 2025-12-06...
2025-12-07 21:33:58,745 - WARNING - No data returned for BASF.NS
2025-12-07 21:33:58,747 - INFO - Fetching data for BEML.NS (Token: 101121) from 2025-12-06...
2025-12-07 21:33:58,794 - WARNING - No data returned for BEML.NS
2025-12-07 21:33:58,798 - INFO - Fetching data for BLS.NS (Token: 4423425) from 2025-12-06...
2025-12-07 21:33:58,845 - WARNING - No data returned for BLS.NS
2025-12-07 21:33:58,847 - INFO - Fetching data for BSE.NS (Token: 5013761) from 2025-12-06...
2025-12-07 21:33:58,896 - WARNING - No data returned for BSE.NS
2025-12-07 21:33:58,898 - INFO - Fetching data for BAJAJ-AUTO.NS (Token: 4267265) from 2025-12-06...
2025-12-07 21:33:58,946 - WARNING - No data returned for BAJAJ-AUTO.NS
2025-12-07 21:33:58,948 - INFO - Fetching data for BAJFINANCE.NS (Token: 81153) from 2025-12-06...
2025-12-07 21:33:59,030 - WARNING - No data returned for BAJFINANCE.NS
2025-12-07 21:33:59,031 - INFO - Fetching data for BAJAJFINSV.NS (Token: 4268801) from 2025-12-06...
2025-12-07 21:33:59,076 - WARNING - No data returned for BAJAJFINSV.NS
2025-12-07 21:33:59,078 - INFO - Fetching data for BAJAJHLDNG.NS (Token: 78081) from 2025-12-06...
2025-12-07 21:33:59,127 - WARNING - No data returned for BAJAJHLDNG.NS
2025-12-07 21:33:59,129 - INFO - Fetching data for BAJAJHFL.NS (Token: 6469121) from 2025-12-06...
2025-12-07 21:33:59,179 - WARNING - No data returned for BAJAJHFL.NS
2025-12-07 21:33:59,181 - INFO - Fetching data for BALKRISIND.NS (Token: 85761) from 2025-12-06...
2025-12-07 21:33:59,229 - WARNING - No data returned for BALKRISIND.NS
2025-12-07 21:33:59,231 - INFO - Fetching data for BALRAMCHIN.NS (Token: 87297) from 2025-12-06...
2025-12-07 21:33:59,279 - WARNING - No data returned for BALRAMCHIN.NS
2025-12-07 21:33:59,280 - INFO - Fetching data for BANDHANBNK.NS (Token: 579329) from 2025-12-06...
2025-12-07 21:33:59,327 - WARNING - No data returned for BANDHANBNK.NS
2025-12-07 21:33:59,329 - INFO - Fetching data for BANKBARODA.NS (Token: 1195009) from 2025-12-06...
2025-12-07 21:33:59,378 - WARNING - No data returned for BANKBARODA.NS
2025-12-07 21:33:59,381 - INFO - Fetching data for BANKINDIA.NS (Token: 1214721) from 2025-12-06...
2025-12-07 21:33:59,428 - WARNING - No data returned for BANKINDIA.NS
2025-12-07 21:33:59,430 - INFO - Fetching data for MAHABANK.NS (Token: 2912513) from 2025-12-06...
2025-12-07 21:33:59,504 - WARNING - No data returned for MAHABANK.NS
2025-12-07 21:33:59,515 - INFO - Fetching data for BATAINDIA.NS (Token: 94977) from 2025-12-06...
2025-12-07 21:33:59,585 - WARNING - No data returned for BATAINDIA.NS
2025-12-07 21:33:59,590 - INFO - Fetching data for BAYERCROP.NS (Token: 4589313) from 2025-12-06...
2025-12-07 21:33:59,642 - WARNING - No data returned for BAYERCROP.NS
2025-12-07 21:33:59,648 - INFO - Fetching data for BERGEPAINT.NS (Token: 103425) from 2025-12-06...
2025-12-07 21:33:59,698 - WARNING - No data returned for BERGEPAINT.NS
2025-12-07 21:33:59,700 - INFO - Fetching data for BDL.NS (Token: 548865) from 2025-12-06...
2025-12-07 21:33:59,747 - WARNING - No data returned for BDL.NS
2025-12-07 21:33:59,749 - INFO - Fetching data for BEL.NS (Token: 98049) from 2025-12-06...
2025-12-07 21:33:59,808 - WARNING - No data returned for BEL.NS
2025-12-07 21:33:59,816 - INFO - Fetching data for BHARATFORG.NS (Token: 108033) from 2025-12-06...
2025-12-07 21:33:59,878 - WARNING - No data returned for BHARATFORG.NS
2025-12-07 21:33:59,880 - INFO - Fetching data for BHEL.NS (Token: 112129) from 2025-12-06...
2025-12-07 21:33:59,927 - WARNING - No data returned for BHEL.NS
2025-12-07 21:33:59,932 - INFO - Fetching data for BPCL.NS (Token: 134657) from 2025-12-06...
2025-12-07 21:33:59,981 - WARNING - No data returned for BPCL.NS
2025-12-07 21:33:59,983 - INFO - Fetching data for BHARTIARTL.NS (Token: 2714625) from 2025-12-06...
2025-12-07 21:34:00,032 - WARNING - No data returned for BHARTIARTL.NS
2025-12-07 21:34:00,037 - INFO - Fetching data for BHARTIHEXA.NS (Token: 6013185) from 2025-12-06...
2025-12-07 21:34:00,099 - WARNING - No data returned for BHARTIHEXA.NS
2025-12-07 21:34:00,102 - INFO - Fetching data for BIKAJI.NS (Token: 3063297) from 2025-12-06...
2025-12-07 21:34:00,165 - WARNING - No data returned for BIKAJI.NS
2025-12-07 21:34:00,167 - INFO - Fetching data for BIOCON.NS (Token: 2911489) from 2025-12-06...
2025-12-07 21:34:00,218 - WARNING - No data returned for BIOCON.NS
2025-12-07 21:34:00,222 - INFO - Fetching data for BSOFT.NS (Token: 1790465) from 2025-12-06...
2025-12-07 21:34:00,284 - WARNING - No data returned for BSOFT.NS
2025-12-07 21:34:00,288 - INFO - Fetching data for BLUEDART.NS (Token: 126721) from 2025-12-06...
2025-12-07 21:34:00,363 - WARNING - No data returned for BLUEDART.NS
2025-12-07 21:34:00,365 - INFO - Fetching data for BLUEJET.NS (Token: 5039617) from 2025-12-06...
2025-12-07 21:34:00,417 - WARNING - No data returned for BLUEJET.NS
2025-12-07 21:34:00,422 - INFO - Fetching data for BLUESTARCO.NS (Token: 2127617) from 2025-12-06...
2025-12-07 21:34:00,484 - WARNING - No data returned for BLUESTARCO.NS
2025-12-07 21:34:00,489 - INFO - Fetching data for BBTC.NS (Token: 97281) from 2025-12-06...
2025-12-07 21:34:00,545 - WARNING - No data returned for BBTC.NS
2025-12-07 21:34:00,554 - INFO - Fetching data for BOSCHLTD.NS (Token: 558337) from 2025-12-06...
2025-12-07 21:34:00,612 - WARNING - No data returned for BOSCHLTD.NS
2025-12-07 21:34:00,679 - INFO - Fetching data for FIRSTCRY.NS (Token: 6352385) from 2025-12-06...
2025-12-07 21:34:00,729 - WARNING - No data returned for FIRSTCRY.NS
2025-12-07 21:34:00,733 - INFO - Fetching data for BRIGADE.NS (Token: 3887105) from 2025-12-06...
2025-12-07 21:34:00,783 - WARNING - No data returned for BRIGADE.NS
2025-12-07 21:34:00,797 - INFO - Fetching data for BRITANNIA.NS (Token: 140033) from 2025-12-06...
2025-12-07 21:34:00,846 - WARNING - No data returned for BRITANNIA.NS
2025-12-07 21:34:00,849 - INFO - Fetching data for MAPMYINDIA.NS (Token: 1850113) from 2025-12-06...
2025-12-07 21:34:00,900 - WARNING - No data returned for MAPMYINDIA.NS
2025-12-07 21:34:00,905 - INFO - Fetching data for CCL.NS (Token: 2931713) from 2025-12-06...
2025-12-07 21:34:00,965 - WARNING - No data returned for CCL.NS
2025-12-07 21:34:00,966 - INFO - Fetching data for CESC.NS (Token: 160769) from 2025-12-06...
2025-12-07 21:34:01,015 - WARNING - No data returned for CESC.NS
2025-12-07 21:34:01,019 - INFO - Fetching data for CGPOWER.NS (Token: 194561) from 2025-12-06...
2025-12-07 21:34:01,086 - WARNING - No data returned for CGPOWER.NS
2025-12-07 21:34:01,092 - INFO - Fetching data for CRISIL.NS (Token: 193793) from 2025-12-06...
2025-12-07 21:34:01,143 - WARNING - No data returned for CRISIL.NS
2025-12-07 21:34:01,149 - INFO - Fetching data for CAMPUS.NS (Token: 2396673) from 2025-12-06...
2025-12-07 21:34:01,201 - WARNING - No data returned for CAMPUS.NS
2025-12-07 21:34:01,209 - INFO - Fetching data for CANFINHOME.NS (Token: 149249) from 2025-12-06...
2025-12-07 21:34:01,267 - WARNING - No data returned for CANFINHOME.NS
2025-12-07 21:34:01,269 - INFO - Fetching data for CANBK.NS (Token: 2763265) from 2025-12-06...
2025-12-07 21:34:01,326 - WARNING - No data returned for CANBK.NS
2025-12-07 21:34:01,332 - INFO - Fetching data for CAPLIPOINT.NS (Token: 999937) from 2025-12-06...
2025-12-07 21:34:01,404 - WARNING - No data returned for CAPLIPOINT.NS
2025-12-07 21:34:01,415 - INFO - Fetching data for CGCL.NS (Token: 5204225) from 2025-12-06...
2025-12-07 21:34:01,467 - WARNING - No data returned for CGCL.NS
2025-12-07 21:34:01,473 - INFO - Fetching data for CARBORUNIV.NS (Token: 152321) from 2025-12-06...
2025-12-07 21:34:01,522 - WARNING - No data returned for CARBORUNIV.NS
2025-12-07 21:34:01,530 - INFO - Fetching data for CASTROLIND.NS (Token: 320001) from 2025-12-06...
2025-12-07 21:34:01,583 - WARNING - No data returned for CASTROLIND.NS
2025-12-07 21:34:01,587 - INFO - Fetching data for CEATLTD.NS (Token: 3905025) from 2025-12-06...
2025-12-07 21:34:01,646 - WARNING - No data returned for CEATLTD.NS
2025-12-07 21:34:01,647 - INFO - Fetching data for CENTRALBK.NS (Token: 3812865) from 2025-12-06...
2025-12-07 21:34:01,696 - WARNING - No data returned for CENTRALBK.NS
2025-12-07 21:34:01,701 - INFO - Fetching data for CDSL.NS (Token: 5420545) from 2025-12-06...
2025-12-07 21:34:01,752 - WARNING - No data returned for CDSL.NS
2025-12-07 21:34:01,759 - INFO - Fetching data for CENTURYPLY.NS (Token: 3406081) from 2025-12-06...
2025-12-07 21:34:01,816 - WARNING - No data returned for CENTURYPLY.NS
2025-12-07 21:34:01,819 - INFO - Fetching data for CERA.NS (Token: 3849985) from 2025-12-06...
2025-12-07 21:34:01,875 - WARNING - No data returned for CERA.NS
2025-12-07 21:34:01,881 - INFO - Fetching data for CHALET.NS (Token: 2187777) from 2025-12-06...
2025-12-07 21:34:01,932 - WARNING - No data returned for CHALET.NS
2025-12-07 21:34:01,935 - INFO - Fetching data for CHAMBLFERT.NS (Token: 163073) from 2025-12-06...
2025-12-07 21:34:01,984 - WARNING - No data returned for CHAMBLFERT.NS
2025-12-07 21:34:01,991 - INFO - Fetching data for CHENNPETRO.NS (Token: 524545) from 2025-12-06...
2025-12-07 21:34:02,047 - WARNING - No data returned for CHENNPETRO.NS
2025-12-07 21:34:02,050 - INFO - Fetching data for CHOICEIN.NS (Token: 2269697) from 2025-12-06...
2025-12-07 21:34:02,094 - WARNING - No data returned for CHOICEIN.NS
2025-12-07 21:34:02,107 - INFO - Fetching data for CHOLAHLDNG.NS (Token: 5565441) from 2025-12-06...
2025-12-07 21:34:02,173 - WARNING - No data returned for CHOLAHLDNG.NS
2025-12-07 21:34:02,201 - INFO - Fetching data for CHOLAFIN.NS (Token: 175361) from 2025-12-06...
2025-12-07 21:34:02,381 - WARNING - No data returned for CHOLAFIN.NS
2025-12-07 21:34:02,390 - INFO - Fetching data for CIPLA.NS (Token: 177665) from 2025-12-06...
2025-12-07 21:34:02,456 - WARNING - No data returned for CIPLA.NS
2025-12-07 21:34:02,468 - INFO - Fetching data for CUB.NS (Token: 1459457) from 2025-12-06...
2025-12-07 21:34:02,527 - WARNING - No data returned for CUB.NS
2025-12-07 21:34:02,544 - INFO - Fetching data for CLEAN.NS (Token: 1292545) from 2025-12-06...
2025-12-07 21:34:02,603 - WARNING - No data returned for CLEAN.NS
2025-12-07 21:34:02,610 - INFO - Fetching data for COALINDIA.NS (Token: 5215745) from 2025-12-06...
2025-12-07 21:34:02,663 - WARNING - No data returned for COALINDIA.NS
2025-12-07 21:34:02,669 - INFO - Fetching data for COCHINSHIP.NS (Token: 5506049) from 2025-12-06...
2025-12-07 21:34:02,718 - WARNING - No data returned for COCHINSHIP.NS
2025-12-07 21:34:02,725 - INFO - Fetching data for COFORGE.NS (Token: 2955009) from 2025-12-06...
2025-12-07 21:34:02,777 - WARNING - No data returned for COFORGE.NS
2025-12-07 21:34:02,781 - INFO - Fetching data for COHANCE.NS (Token: 4593921) from 2025-12-06...
2025-12-07 21:34:02,833 - WARNING - No data returned for COHANCE.NS
2025-12-07 21:34:02,835 - INFO - Fetching data for COLPAL.NS (Token: 3876097) from 2025-12-06...
2025-12-07 21:34:02,899 - WARNING - No data returned for COLPAL.NS
2025-12-07 21:34:02,902 - INFO - Fetching data for CAMS.NS (Token: 87553) from 2025-12-06...
2025-12-07 21:34:02,953 - WARNING - No data returned for CAMS.NS
2025-12-07 21:34:02,957 - INFO - Fetching data for CONCORDBIO.NS (Token: 4623361) from 2025-12-06...
2025-12-07 21:34:03,011 - WARNING - No data returned for CONCORDBIO.NS
2025-12-07 21:34:03,013 - INFO - Fetching data for CONCOR.NS (Token: 1215745) from 2025-12-06...
2025-12-07 21:34:03,060 - WARNING - No data returned for CONCOR.NS
2025-12-07 21:34:03,064 - INFO - Fetching data for COROMANDEL.NS (Token: 189185) from 2025-12-06...
2025-12-07 21:34:03,115 - WARNING - No data returned for COROMANDEL.NS
2025-12-07 21:34:03,122 - INFO - Fetching data for CRAFTSMAN.NS (Token: 730625) from 2025-12-06...
2025-12-07 21:34:03,181 - WARNING - No data returned for CRAFTSMAN.NS
2025-12-07 21:34:03,183 - INFO - Fetching data for CREDITACC.NS (Token: 1131777) from 2025-12-06...
2025-12-07 21:34:03,257 - WARNING - No data returned for CREDITACC.NS
2025-12-07 21:34:03,261 - INFO - Fetching data for CROMPTON.NS (Token: 4376065) from 2025-12-06...
2025-12-07 21:34:03,310 - WARNING - No data returned for CROMPTON.NS
2025-12-07 21:34:03,317 - INFO - Fetching data for CUMMINSIND.NS (Token: 486657) from 2025-12-06...
2025-12-07 21:34:03,367 - WARNING - No data returned for CUMMINSIND.NS
2025-12-07 21:34:03,374 - INFO - Fetching data for CYIENT.NS (Token: 1471489) from 2025-12-06...
2025-12-07 21:34:03,433 - WARNING - No data returned for CYIENT.NS
2025-12-07 21:34:03,441 - INFO - Fetching data for DCMSHRIRAM.NS (Token: 207617) from 2025-12-06...
2025-12-07 21:34:03,496 - WARNING - No data returned for DCMSHRIRAM.NS
2025-12-07 21:34:03,500 - INFO - Fetching data for DLF.NS (Token: 3771393) from 2025-12-06...
2025-12-07 21:34:03,549 - WARNING - No data returned for DLF.NS
2025-12-07 21:34:03,551 - INFO - Fetching data for DOMS.NS (Token: 5261057) from 2025-12-06...
2025-12-07 21:34:03,605 - WARNING - No data returned for DOMS.NS
2025-12-07 21:34:03,611 - INFO - Fetching data for DABUR.NS (Token: 197633) from 2025-12-06...
2025-12-07 21:34:03,660 - WARNING - No data returned for DABUR.NS
2025-12-07 21:34:03,665 - INFO - Fetching data for DALBHARAT.NS (Token: 2067201) from 2025-12-06...
2025-12-07 21:34:03,716 - WARNING - No data returned for DALBHARAT.NS
2025-12-07 21:34:03,722 - INFO - Fetching data for DATAPATTNS.NS (Token: 1883649) from 2025-12-06...
2025-12-07 21:34:03,781 - WARNING - No data returned for DATAPATTNS.NS
2025-12-07 21:34:03,783 - INFO - Fetching data for DEEPAKFERT.NS (Token: 211713) from 2025-12-06...
2025-12-07 21:34:03,831 - WARNING - No data returned for DEEPAKFERT.NS
2025-12-07 21:34:03,833 - INFO - Fetching data for DEEPAKNTR.NS (Token: 5105409) from 2025-12-06...
2025-12-07 21:34:03,886 - WARNING - No data returned for DEEPAKNTR.NS
2025-12-07 21:34:03,893 - INFO - Fetching data for DELHIVERY.NS (Token: 2457345) from 2025-12-06...
2025-12-07 21:34:03,967 - WARNING - No data returned for DELHIVERY.NS
2025-12-07 21:34:03,971 - INFO - Fetching data for DEVYANI.NS (Token: 1375489) from 2025-12-06...
2025-12-07 21:34:04,029 - WARNING - No data returned for DEVYANI.NS
2025-12-07 21:34:04,032 - INFO - Fetching data for DIVISLAB.NS (Token: 2800641) from 2025-12-06...
2025-12-07 21:34:04,108 - WARNING - No data returned for DIVISLAB.NS
2025-12-07 21:34:04,110 - INFO - Fetching data for DIXON.NS (Token: 5552641) from 2025-12-06...
2025-12-07 21:34:04,159 - WARNING - No data returned for DIXON.NS
2025-12-07 21:34:04,163 - INFO - Fetching data for AGARWALEYE.NS (Token: 7539713) from 2025-12-06...
2025-12-07 21:34:04,213 - WARNING - No data returned for AGARWALEYE.NS
2025-12-07 21:34:04,215 - INFO - Fetching data for LALPATHLAB.NS (Token: 2983425) from 2025-12-06...
2025-12-07 21:34:04,268 - WARNING - No data returned for LALPATHLAB.NS
2025-12-07 21:34:04,274 - INFO - Fetching data for DRREDDY.NS (Token: 225537) from 2025-12-06...
2025-12-07 21:34:04,328 - WARNING - No data returned for DRREDDY.NS
2025-12-07 21:34:04,334 - WARNING - Could not find token for DUMMYHDLVR.NS
2025-12-07 21:34:04,337 - INFO - Fetching data for EIDPARRY.NS (Token: 234497) from 2025-12-06...
2025-12-07 21:34:04,392 - WARNING - No data returned for EIDPARRY.NS
2025-12-07 21:34:04,395 - INFO - Fetching data for EIHOTEL.NS (Token: 235265) from 2025-12-06...
2025-12-07 21:34:04,443 - WARNING - No data returned for EIHOTEL.NS
2025-12-07 21:34:04,447 - INFO - Fetching data for EICHERMOT.NS (Token: 232961) from 2025-12-06...
2025-12-07 21:34:04,511 - WARNING - No data returned for EICHERMOT.NS
2025-12-07 21:34:04,514 - INFO - Fetching data for ELECON.NS (Token: 3492609) from 2025-12-06...
2025-12-07 21:34:04,574 - WARNING - No data returned for ELECON.NS
2025-12-07 21:34:04,583 - INFO - Fetching data for ELGIEQUIP.NS (Token: 239873) from 2025-12-06...
2025-12-07 21:34:04,646 - WARNING - No data returned for ELGIEQUIP.NS
2025-12-07 21:34:04,652 - INFO - Fetching data for EMAMILTD.NS (Token: 3460353) from 2025-12-06...
2025-12-07 21:34:04,710 - WARNING - No data returned for EMAMILTD.NS
2025-12-07 21:34:04,714 - INFO - Fetching data for EMCURE.NS (Token: 6245889) from 2025-12-06...
2025-12-07 21:34:04,763 - WARNING - No data returned for EMCURE.NS
2025-12-07 21:34:04,765 - INFO - Fetching data for ENDURANCE.NS (Token: 4818433) from 2025-12-06...
2025-12-07 21:34:04,816 - WARNING - No data returned for ENDURANCE.NS
2025-12-07 21:34:04,818 - INFO - Fetching data for ENGINERSIN.NS (Token: 1256193) from 2025-12-06...
2025-12-07 21:34:04,871 - WARNING - No data returned for ENGINERSIN.NS
2025-12-07 21:34:04,879 - INFO - Fetching data for ERIS.NS (Token: 5415425) from 2025-12-06...
2025-12-07 21:34:04,934 - WARNING - No data returned for ERIS.NS
2025-12-07 21:34:04,941 - INFO - Fetching data for ESCORTS.NS (Token: 245249) from 2025-12-06...
2025-12-07 21:34:05,015 - WARNING - No data returned for ESCORTS.NS
2025-12-07 21:34:05,018 - INFO - Fetching data for ETERNAL.NS (Token: 1304833) from 2025-12-06...
2025-12-07 21:34:05,075 - WARNING - No data returned for ETERNAL.NS
2025-12-07 21:34:05,080 - INFO - Fetching data for EXIDEIND.NS (Token: 173057) from 2025-12-06...
2025-12-07 21:34:05,128 - WARNING - No data returned for EXIDEIND.NS
2025-12-07 21:34:05,130 - INFO - Fetching data for NYKAA.NS (Token: 1675521) from 2025-12-06...
2025-12-07 21:34:05,180 - WARNING - No data returned for NYKAA.NS
2025-12-07 21:34:05,184 - INFO - Fetching data for FEDERALBNK.NS (Token: 261889) from 2025-12-06...
2025-12-07 21:34:05,234 - WARNING - No data returned for FEDERALBNK.NS
2025-12-07 21:34:05,238 - INFO - Fetching data for FACT.NS (Token: 258049) from 2025-12-06...
2025-12-07 21:34:05,291 - WARNING - No data returned for FACT.NS
2025-12-07 21:34:05,293 - INFO - Fetching data for FINCABLES.NS (Token: 265729) from 2025-12-06...
2025-12-07 21:34:05,361 - WARNING - No data returned for FINCABLES.NS
2025-12-07 21:34:05,365 - INFO - Fetching data for FINPIPE.NS (Token: 266497) from 2025-12-06...
2025-12-07 21:34:05,415 - WARNING - No data returned for FINPIPE.NS
2025-12-07 21:34:05,417 - INFO - Fetching data for FSL.NS (Token: 3661825) from 2025-12-06...
2025-12-07 21:34:05,471 - WARNING - No data returned for FSL.NS
2025-12-07 21:34:05,475 - INFO - Fetching data for FIVESTAR.NS (Token: 3080193) from 2025-12-06...
2025-12-07 21:34:05,525 - WARNING - No data returned for FIVESTAR.NS
2025-12-07 21:34:05,534 - INFO - Fetching data for FORCEMOT.NS (Token: 2962689) from 2025-12-06...
2025-12-07 21:34:05,583 - WARNING - No data returned for FORCEMOT.NS
2025-12-07 21:34:05,584 - INFO - Fetching data for FORTIS.NS (Token: 3735553) from 2025-12-06...
2025-12-07 21:34:05,636 - WARNING - No data returned for FORTIS.NS
2025-12-07 21:34:05,646 - INFO - Fetching data for GAIL.NS (Token: 1207553) from 2025-12-06...
2025-12-07 21:34:05,697 - WARNING - No data returned for GAIL.NS
2025-12-07 21:34:05,699 - INFO - Fetching data for GVT&D.NS (Token: 4296449) from 2025-12-06...
2025-12-07 21:34:05,748 - WARNING - No data returned for GVT&D.NS
2025-12-07 21:34:05,750 - INFO - Fetching data for GMRAIRPORT.NS (Token: 3463169) from 2025-12-06...
2025-12-07 21:34:05,799 - WARNING - No data returned for GMRAIRPORT.NS
2025-12-07 21:34:05,802 - INFO - Fetching data for GRSE.NS (Token: 1401601) from 2025-12-06...
2025-12-07 21:34:05,853 - WARNING - No data returned for GRSE.NS
2025-12-07 21:34:05,860 - INFO - Fetching data for GICRE.NS (Token: 70913) from 2025-12-06...
2025-12-07 21:34:05,913 - WARNING - No data returned for GICRE.NS
2025-12-07 21:34:05,916 - INFO - Fetching data for GILLETTE.NS (Token: 403457) from 2025-12-06...
2025-12-07 21:34:05,967 - WARNING - No data returned for GILLETTE.NS
2025-12-07 21:34:05,969 - INFO - Fetching data for GLAND.NS (Token: 303617) from 2025-12-06...
2025-12-07 21:34:06,023 - WARNING - No data returned for GLAND.NS
2025-12-07 21:34:06,031 - INFO - Fetching data for GLAXO.NS (Token: 295169) from 2025-12-06...
2025-12-07 21:34:06,100 - WARNING - No data returned for GLAXO.NS
2025-12-07 21:34:06,113 - INFO - Fetching data for GLENMARK.NS (Token: 1895937) from 2025-12-06...
2025-12-07 21:34:06,169 - WARNING - No data returned for GLENMARK.NS
2025-12-07 21:34:06,175 - INFO - Fetching data for MEDANTA.NS (Token: 3060737) from 2025-12-06...
2025-12-07 21:34:06,231 - WARNING - No data returned for MEDANTA.NS
2025-12-07 21:34:06,238 - INFO - Fetching data for GODIGIT.NS (Token: 6092545) from 2025-12-06...
2025-12-07 21:34:06,294 - WARNING - No data returned for GODIGIT.NS
2025-12-07 21:34:06,299 - INFO - Fetching data for GPIL.NS (Token: 3432705) from 2025-12-06...
2025-12-07 21:34:06,357 - WARNING - No data returned for GPIL.NS
2025-12-07 21:34:06,386 - INFO - Fetching data for GODFRYPHLP.NS (Token: 302337) from 2025-12-06...
2025-12-07 21:34:06,464 - WARNING - No data returned for GODFRYPHLP.NS
2025-12-07 21:34:06,509 - INFO - Fetching data for GODREJAGRO.NS (Token: 36865) from 2025-12-06...
2025-12-07 21:34:06,565 - WARNING - No data returned for GODREJAGRO.NS
2025-12-07 21:34:06,567 - INFO - Fetching data for GODREJCP.NS (Token: 2585345) from 2025-12-06...
2025-12-07 21:34:06,616 - WARNING - No data returned for GODREJCP.NS
2025-12-07 21:34:06,623 - INFO - Fetching data for GODREJIND.NS (Token: 2796801) from 2025-12-06...
2025-12-07 21:34:06,679 - WARNING - No data returned for GODREJIND.NS
2025-12-07 21:34:06,683 - INFO - Fetching data for GODREJPROP.NS (Token: 4576001) from 2025-12-06...
2025-12-07 21:34:06,732 - WARNING - No data returned for GODREJPROP.NS
2025-12-07 21:34:06,734 - INFO - Fetching data for GRANULES.NS (Token: 3039233) from 2025-12-06...
2025-12-07 21:34:06,783 - WARNING - No data returned for GRANULES.NS
2025-12-07 21:34:06,786 - INFO - Fetching data for GRAPHITE.NS (Token: 151553) from 2025-12-06...
2025-12-07 21:34:06,845 - WARNING - No data returned for GRAPHITE.NS
2025-12-07 21:34:06,847 - INFO - Fetching data for GRASIM.NS (Token: 315393) from 2025-12-06...
2025-12-07 21:34:06,896 - WARNING - No data returned for GRASIM.NS
2025-12-07 21:34:06,898 - INFO - Fetching data for GRAVITA.NS (Token: 5256705) from 2025-12-06...
2025-12-07 21:34:06,945 - WARNING - No data returned for GRAVITA.NS
2025-12-07 21:34:06,947 - INFO - Fetching data for GESHIP.NS (Token: 3526657) from 2025-12-06...
2025-12-07 21:34:06,994 - WARNING - No data returned for GESHIP.NS
2025-12-07 21:34:06,999 - INFO - Fetching data for FLUOROCHEM.NS (Token: 3520001) from 2025-12-06...
2025-12-07 21:34:07,047 - WARNING - No data returned for FLUOROCHEM.NS
2025-12-07 21:34:07,049 - INFO - Fetching data for GUJGASLTD.NS (Token: 2713345) from 2025-12-06...
2025-12-07 21:34:07,098 - WARNING - No data returned for GUJGASLTD.NS
2025-12-07 21:34:07,100 - INFO - Fetching data for GMDCLTD.NS (Token: 1332225) from 2025-12-06...
2025-12-07 21:34:07,146 - WARNING - No data returned for GMDCLTD.NS
2025-12-07 21:34:07,148 - INFO - Fetching data for GSPL.NS (Token: 3378433) from 2025-12-06...
2025-12-07 21:34:07,201 - WARNING - No data returned for GSPL.NS
2025-12-07 21:34:07,206 - INFO - Fetching data for HEG.NS (Token: 342017) from 2025-12-06...
2025-12-07 21:34:07,275 - WARNING - No data returned for HEG.NS
2025-12-07 21:34:07,283 - INFO - Fetching data for HBLENGINE.NS (Token: 3575297) from 2025-12-06...
2025-12-07 21:34:07,338 - WARNING - No data returned for HBLENGINE.NS
2025-12-07 21:34:07,348 - INFO - Fetching data for HCLTECH.NS (Token: 1850625) from 2025-12-06...
2025-12-07 21:34:07,408 - WARNING - No data returned for HCLTECH.NS
2025-12-07 21:34:07,414 - INFO - Fetching data for HDFCAMC.NS (Token: 1086465) from 2025-12-06...
2025-12-07 21:34:07,462 - WARNING - No data returned for HDFCAMC.NS
2025-12-07 21:34:07,466 - INFO - Fetching data for HDFCBANK.NS (Token: 341249) from 2025-12-06...
2025-12-07 21:34:07,516 - WARNING - No data returned for HDFCBANK.NS
2025-12-07 21:34:07,518 - INFO - Fetching data for HDFCLIFE.NS (Token: 119553) from 2025-12-06...
2025-12-07 21:34:07,570 - WARNING - No data returned for HDFCLIFE.NS
2025-12-07 21:34:07,578 - INFO - Fetching data for HFCL.NS (Token: 5619457) from 2025-12-06...
2025-12-07 21:34:07,632 - WARNING - No data returned for HFCL.NS
2025-12-07 21:34:07,634 - INFO - Fetching data for HAPPSTMNDS.NS (Token: 12289) from 2025-12-06...
2025-12-07 21:34:07,682 - WARNING - No data returned for HAPPSTMNDS.NS
2025-12-07 21:34:07,685 - INFO - Fetching data for HAVELLS.NS (Token: 2513665) from 2025-12-06...
2025-12-07 21:34:07,734 - WARNING - No data returned for HAVELLS.NS
2025-12-07 21:34:07,738 - INFO - Fetching data for HEROMOTOCO.NS (Token: 345089) from 2025-12-06...
2025-12-07 21:34:07,786 - WARNING - No data returned for HEROMOTOCO.NS
2025-12-07 21:34:07,793 - INFO - Fetching data for HEXT.NS (Token: 7594497) from 2025-12-06...
2025-12-07 21:34:07,846 - WARNING - No data returned for HEXT.NS
2025-12-07 21:34:07,848 - INFO - Fetching data for HSCL.NS (Token: 3669505) from 2025-12-06...
2025-12-07 21:34:07,894 - WARNING - No data returned for HSCL.NS
2025-12-07 21:34:07,898 - INFO - Fetching data for HINDALCO.NS (Token: 348929) from 2025-12-06...
2025-12-07 21:34:07,947 - WARNING - No data returned for HINDALCO.NS
2025-12-07 21:34:07,949 - INFO - Fetching data for HAL.NS (Token: 589569) from 2025-12-06...
2025-12-07 21:34:07,996 - WARNING - No data returned for HAL.NS
2025-12-07 21:34:07,999 - INFO - Fetching data for HINDCOPPER.NS (Token: 4592385) from 2025-12-06...
2025-12-07 21:34:08,055 - WARNING - No data returned for HINDCOPPER.NS
2025-12-07 21:34:08,059 - INFO - Fetching data for HINDPETRO.NS (Token: 359937) from 2025-12-06...
2025-12-07 21:34:08,111 - WARNING - No data returned for HINDPETRO.NS
2025-12-07 21:34:08,123 - INFO - Fetching data for HINDUNILVR.NS (Token: 356865) from 2025-12-06...
2025-12-07 21:34:08,184 - WARNING - No data returned for HINDUNILVR.NS
2025-12-07 21:34:08,191 - INFO - Fetching data for HINDZINC.NS (Token: 364545) from 2025-12-06...
2025-12-07 21:34:08,244 - WARNING - No data returned for HINDZINC.NS
2025-12-07 21:34:08,247 - INFO - Fetching data for POWERINDIA.NS (Token: 4724993) from 2025-12-06...
2025-12-07 21:34:08,310 - WARNING - No data returned for POWERINDIA.NS
2025-12-07 21:34:08,317 - INFO - Fetching data for HOMEFIRST.NS (Token: 526337) from 2025-12-06...
2025-12-07 21:34:08,379 - WARNING - No data returned for HOMEFIRST.NS
2025-12-07 21:34:08,391 - INFO - Fetching data for HONASA.NS (Token: 5072129) from 2025-12-06...
2025-12-07 21:34:08,450 - WARNING - No data returned for HONASA.NS
2025-12-07 21:34:08,452 - INFO - Fetching data for HONAUT.NS (Token: 874753) from 2025-12-06...
2025-12-07 21:34:08,504 - WARNING - No data returned for HONAUT.NS
2025-12-07 21:34:08,510 - INFO - Fetching data for HUDCO.NS (Token: 5331201) from 2025-12-06...
2025-12-07 21:34:08,565 - WARNING - No data returned for HUDCO.NS
2025-12-07 21:34:08,567 - INFO - Fetching data for HYUNDAI.NS (Token: 6616065) from 2025-12-06...
2025-12-07 21:34:08,617 - WARNING - No data returned for HYUNDAI.NS
2025-12-07 21:34:08,625 - INFO - Fetching data for ICICIBANK.NS (Token: 1270529) from 2025-12-06...
2025-12-07 21:34:08,685 - WARNING - No data returned for ICICIBANK.NS
2025-12-07 21:34:08,698 - INFO - Fetching data for ICICIGI.NS (Token: 5573121) from 2025-12-06...
2025-12-07 21:34:08,776 - WARNING - No data returned for ICICIGI.NS
2025-12-07 21:34:08,779 - INFO - Fetching data for ICICIPRULI.NS (Token: 4774913) from 2025-12-06...
2025-12-07 21:34:08,844 - WARNING - No data returned for ICICIPRULI.NS
2025-12-07 21:34:08,859 - INFO - Fetching data for IDBI.NS (Token: 377857) from 2025-12-06...
2025-12-07 21:34:08,927 - WARNING - No data returned for IDBI.NS
2025-12-07 21:34:08,934 - INFO - Fetching data for IDFCFIRSTB.NS (Token: 2863105) from 2025-12-06...
2025-12-07 21:34:08,995 - WARNING - No data returned for IDFCFIRSTB.NS
2025-12-07 21:34:08,997 - INFO - Fetching data for IFCI.NS (Token: 381697) from 2025-12-06...
2025-12-07 21:34:09,044 - WARNING - No data returned for IFCI.NS
2025-12-07 21:34:09,048 - INFO - Fetching data for IIFL.NS (Token: 3023105) from 2025-12-06...
2025-12-07 21:34:09,095 - WARNING - No data returned for IIFL.NS
2025-12-07 21:34:09,097 - INFO - Fetching data for INOXINDIA.NS (Token: 5275393) from 2025-12-06...
2025-12-07 21:34:09,164 - WARNING - No data returned for INOXINDIA.NS
2025-12-07 21:34:09,171 - INFO - Fetching data for IRB.NS (Token: 3920129) from 2025-12-06...
2025-12-07 21:34:09,224 - WARNING - No data returned for IRB.NS
2025-12-07 21:34:09,230 - INFO - Fetching data for IRCON.NS (Token: 1276417) from 2025-12-06...
2025-12-07 21:34:09,283 - WARNING - No data returned for IRCON.NS
2025-12-07 21:34:09,289 - INFO - Fetching data for ITCHOTELS.NS (Token: 7488257) from 2025-12-06...
2025-12-07 21:34:09,349 - WARNING - No data returned for ITCHOTELS.NS
2025-12-07 21:34:09,350 - INFO - Fetching data for ITC.NS (Token: 424961) from 2025-12-06...
