2025-12-07 17:46:53,377 - INFO - Starting Stock Screener Application
2025-12-07 17:46:53,377 - INFO - Loading Nifty 500 tickers...
2025-12-07 17:46:53,545 - INFO - Initializing data fetch process...
2025-12-07 17:46:53,796 - INFO - Fetching data for 502 tickers starting from 1y...
2025-12-07 17:47:16,840 - INFO - Loading collected data from database...
2025-12-07 17:47:17,273 - WARNING - No data available in DB for DUMMYHDLVR.NS
2025-12-07 17:47:18,210 - INFO - Loaded 501 tickers for analysis.
2025-12-07 17:47:18,213 - INFO - Analyzing stocks...
2025-12-07 17:47:18,213 - INFO - Starting scan for 502 stocks...
2025-12-07 17:47:18,222 - INFO - Analyzed 0/502 stocks...
2025-12-07 17:47:18,893 - INFO - Analyzed 50/502 stocks...
2025-12-07 17:47:19,648 - INFO - Analyzed 100/502 stocks...
2025-12-07 17:47:20,322 - INFO - Analyzed 150/502 stocks...
2025-12-07 17:47:21,103 - INFO - Analyzed 200/502 stocks...
2025-12-07 17:47:21,874 - INFO - Analyzed 250/502 stocks...
2025-12-07 17:47:22,657 - INFO - Analyzed 300/502 stocks...
2025-12-07 17:47:23,362 - INFO - Analyzed 350/502 stocks...
2025-12-07 17:47:24,083 - INFO - Analyzed 400/502 stocks...
2025-12-07 17:47:24,785 - INFO - Analyzed 450/502 stocks...
2025-12-07 17:47:25,488 - INFO - Analyzed 500/502 stocks...
2025-12-07 17:47:25,521 - INFO - Found 25 winners.
2025-12-07 17:47:38,146 - INFO - 
Top 5 stocks with the highest momentum:
