2025-12-07 18:00:15,686 - INFO - Starting Stock Screener Application
2025-12-07 18:00:15,686 - INFO - Loading Nifty 500 tickers...
2025-12-07 18:00:15,872 - INFO - Initializing data fetch process...
2025-12-07 18:00:16,369 - INFO - Fetching data for 501 tickers starting from 2025-12-06...
2025-12-07 18:00:54,710 - INFO - Fetching data for 1 tickers starting from 1y...
2025-12-07 18:00:56,421 - INFO - Loading collected data from database...
2025-12-07 18:00:56,849 - WARNING - No data available in DB for DUMMYHDLVR.NS
2025-12-07 18:00:57,811 - INFO - Loaded 501 tickers for analysis.
2025-12-07 18:00:57,824 - INFO - Analyzing stocks...
2025-12-07 18:00:57,825 - INFO - Starting scan for 502 stocks...
2025-12-07 18:00:57,825 - INFO - Analyzed 0/502 stocks...
2025-12-07 18:00:58,630 - INFO - Analyzed 50/502 stocks...
2025-12-07 18:00:59,456 - INFO - Analyzed 100/502 stocks...
2025-12-07 18:01:00,185 - INFO - Analyzed 150/502 stocks...
2025-12-07 18:01:00,951 - INFO - Analyzed 200/502 stocks...
2025-12-07 18:01:01,698 - INFO - Analyzed 250/502 stocks...
2025-12-07 18:01:02,453 - INFO - Analyzed 300/502 stocks...
2025-12-07 18:01:03,173 - INFO - Analyzed 350/502 stocks...
2025-12-07 18:01:03,892 - INFO - Analyzed 400/502 stocks...
2025-12-07 18:01:04,583 - INFO - Analyzed 450/502 stocks...
2025-12-07 18:01:05,352 - INFO - Analyzed 500/502 stocks...
2025-12-07 18:01:05,387 - INFO - Found 25 winners.
2025-12-07 18:01:05,435 - INFO - 
Top 5 stocks with the highest momentum:
