2025-12-07 18:02:06,738 - INFO - Starting Stock Screener Application
2025-12-07 18:02:06,738 - INFO - Loading Nifty 500 tickers...
2025-12-07 18:02:06,893 - INFO - Initializing data fetch process...
2025-12-07 18:02:06,895 - INFO - Skipping weekend date: 2025-12-06 for 360ONE.NS
2025-12-07 18:02:06,896 - INFO - Skipping weekend date: 2025-12-07 for 360ONE.NS
2025-12-07 18:02:06,897 - INFO - Skipping weekend date: 2025-12-06 for 3MINDIA.NS
2025-12-07 18:02:06,897 - INFO - Skipping weekend date: 2025-12-07 for 3MINDIA.NS
2025-12-07 18:02:06,899 - INFO - Skipping weekend date: 2025-12-06 for ABB.NS
2025-12-07 18:02:06,900 - INFO - Skipping weekend date: 2025-12-07 for ABB.NS
2025-12-07 18:02:06,901 - INFO - Skipping weekend date: 2025-12-06 for ACC.NS
2025-12-07 18:02:06,901 - INFO - Skipping weekend date: 2025-12-07 for ACC.NS
2025-12-07 18:02:06,902 - INFO - Skipping weekend date: 2025-12-06 for ACMESOLAR.NS
2025-12-07 18:02:06,902 - INFO - Skipping weekend date: 2025-12-07 for ACMESOLAR.NS
2025-12-07 18:02:06,905 - INFO - Skipping weekend date: 2025-12-06 for AIAENG.NS
2025-12-07 18:02:06,905 - INFO - Skipping weekend date: 2025-12-07 for AIAENG.NS
2025-12-07 18:02:06,907 - INFO - Skipping weekend date: 2025-12-06 for APLAPOLLO.NS
2025-12-07 18:02:06,907 - INFO - Skipping weekend date: 2025-12-07 for APLAPOLLO.NS
2025-12-07 18:02:06,908 - INFO - Skipping weekend date: 2025-12-06 for AUBANK.NS
2025-12-07 18:02:06,908 - INFO - Skipping weekend date: 2025-12-07 for AUBANK.NS
2025-12-07 18:02:06,910 - INFO - Skipping weekend date: 2025-12-06 for AWL.NS
2025-12-07 18:02:06,910 - INFO - Skipping weekend date: 2025-12-07 for AWL.NS
2025-12-07 18:02:06,911 - INFO - Skipping weekend date: 2025-12-06 for AADHARHFC.NS
2025-12-07 18:02:06,912 - INFO - Skipping weekend date: 2025-12-07 for AADHARHFC.NS
2025-12-07 18:02:06,913 - INFO - Skipping weekend date: 2025-12-06 for AARTIIND.NS
2025-12-07 18:02:06,913 - INFO - Skipping weekend date: 2025-12-07 for AARTIIND.NS
2025-12-07 18:02:06,914 - INFO - Skipping weekend date: 2025-12-06 for AAVAS.NS
2025-12-07 18:02:06,915 - INFO - Skipping weekend date: 2025-12-07 for AAVAS.NS
2025-12-07 18:02:06,916 - INFO - Skipping weekend date: 2025-12-06 for ABBOTINDIA.NS
2025-12-07 18:02:06,916 - INFO - Skipping weekend date: 2025-12-07 for ABBOTINDIA.NS
2025-12-07 18:02:06,917 - INFO - Skipping weekend date: 2025-12-06 for ACE.NS
2025-12-07 18:02:06,918 - INFO - Skipping weekend date: 2025-12-07 for ACE.NS
2025-12-07 18:02:06,920 - INFO - Skipping weekend date: 2025-12-06 for ADANIENSOL.NS
2025-12-07 18:02:06,920 - INFO - Skipping weekend date: 2025-12-07 for ADANIENSOL.NS
2025-12-07 18:02:06,923 - INFO - Skipping weekend date: 2025-12-06 for ADANIENT.NS
2025-12-07 18:02:06,923 - INFO - Skipping weekend date: 2025-12-07 for ADANIENT.NS
2025-12-07 18:02:06,924 - INFO - Skipping weekend date: 2025-12-06 for ADANIGREEN.NS
2025-12-07 18:02:06,925 - INFO - Skipping weekend date: 2025-12-07 for ADANIGREEN.NS
2025-12-07 18:02:06,926 - INFO - Skipping weekend date: 2025-12-06 for ADANIPORTS.NS
2025-12-07 18:02:06,926 - INFO - Skipping weekend date: 2025-12-07 for ADANIPORTS.NS
2025-12-07 18:02:06,928 - INFO - Skipping weekend date: 2025-12-06 for ADANIPOWER.NS
2025-12-07 18:02:06,928 - INFO - Skipping weekend date: 2025-12-07 for ADANIPOWER.NS
2025-12-07 18:02:06,930 - INFO - Skipping weekend date: 2025-12-06 for ATGL.NS
2025-12-07 18:02:06,930 - INFO - Skipping weekend date: 2025-12-07 for ATGL.NS
2025-12-07 18:02:06,931 - INFO - Skipping weekend date: 2025-12-06 for ABCAPITAL.NS
2025-12-07 18:02:06,931 - INFO - Skipping weekend date: 2025-12-07 for ABCAPITAL.NS
2025-12-07 18:02:06,933 - INFO - Skipping weekend date: 2025-12-06 for ABFRL.NS
2025-12-07 18:02:06,933 - INFO - Skipping weekend date: 2025-12-07 for ABFRL.NS
2025-12-07 18:02:06,936 - INFO - Skipping weekend date: 2025-12-06 for ABLBL.NS
2025-12-07 18:02:06,936 - INFO - Skipping weekend date: 2025-12-07 for ABLBL.NS
2025-12-07 18:02:06,940 - INFO - Skipping weekend date: 2025-12-06 for ABREL.NS
2025-12-07 18:02:06,940 - INFO - Skipping weekend date: 2025-12-07 for ABREL.NS
2025-12-07 18:02:06,942 - INFO - Skipping weekend date: 2025-12-06 for ABSLAMC.NS
2025-12-07 18:02:06,942 - INFO - Skipping weekend date: 2025-12-07 for ABSLAMC.NS
2025-12-07 18:02:06,944 - INFO - Skipping weekend date: 2025-12-06 for AEGISLOG.NS
2025-12-07 18:02:06,945 - INFO - Skipping weekend date: 2025-12-07 for AEGISLOG.NS
2025-12-07 18:02:06,948 - INFO - Skipping weekend date: 2025-12-06 for AEGISVOPAK.NS
2025-12-07 18:02:06,948 - INFO - Skipping weekend date: 2025-12-07 for AEGISVOPAK.NS
2025-12-07 18:02:06,949 - INFO - Skipping weekend date: 2025-12-06 for AFCONS.NS
2025-12-07 18:02:06,950 - INFO - Skipping weekend date: 2025-12-07 for AFCONS.NS
2025-12-07 18:02:06,951 - INFO - Skipping weekend date: 2025-12-06 for AFFLE.NS
2025-12-07 18:02:06,951 - INFO - Skipping weekend date: 2025-12-07 for AFFLE.NS
2025-12-07 18:02:06,952 - INFO - Skipping weekend date: 2025-12-06 for AJANTPHARM.NS
2025-12-07 18:02:06,952 - INFO - Skipping weekend date: 2025-12-07 for AJANTPHARM.NS
2025-12-07 18:02:06,954 - INFO - Skipping weekend date: 2025-12-06 for AKUMS.NS
2025-12-07 18:02:06,955 - INFO - Skipping weekend date: 2025-12-07 for AKUMS.NS
2025-12-07 18:02:06,956 - INFO - Skipping weekend date: 2025-12-06 for AKZOINDIA.NS
2025-12-07 18:02:06,957 - INFO - Skipping weekend date: 2025-12-07 for AKZOINDIA.NS
2025-12-07 18:02:06,958 - INFO - Skipping weekend date: 2025-12-06 for APLLTD.NS
2025-12-07 18:02:06,958 - INFO - Skipping weekend date: 2025-12-07 for APLLTD.NS
2025-12-07 18:02:06,959 - INFO - Skipping weekend date: 2025-12-06 for ALKEM.NS
2025-12-07 18:02:06,960 - INFO - Skipping weekend date: 2025-12-07 for ALKEM.NS
2025-12-07 18:02:06,961 - INFO - Skipping weekend date: 2025-12-06 for ALKYLAMINE.NS
2025-12-07 18:02:06,961 - INFO - Skipping weekend date: 2025-12-07 for ALKYLAMINE.NS
2025-12-07 18:02:06,962 - INFO - Skipping weekend date: 2025-12-06 for ALOKINDS.NS
2025-12-07 18:02:06,962 - INFO - Skipping weekend date: 2025-12-07 for ALOKINDS.NS
2025-12-07 18:02:06,963 - INFO - Skipping weekend date: 2025-12-06 for ARE&M.NS
2025-12-07 18:02:06,963 - INFO - Skipping weekend date: 2025-12-07 for ARE&M.NS
2025-12-07 18:02:06,964 - INFO - Skipping weekend date: 2025-12-06 for AMBER.NS
2025-12-07 18:02:06,964 - INFO - Skipping weekend date: 2025-12-07 for AMBER.NS
2025-12-07 18:02:06,965 - INFO - Skipping weekend date: 2025-12-06 for AMBUJACEM.NS
2025-12-07 18:02:06,965 - INFO - Skipping weekend date: 2025-12-07 for AMBUJACEM.NS
2025-12-07 18:02:06,966 - INFO - Skipping weekend date: 2025-12-06 for ANANDRATHI.NS
2025-12-07 18:02:06,967 - INFO - Skipping weekend date: 2025-12-07 for ANANDRATHI.NS
2025-12-07 18:02:06,968 - INFO - Skipping weekend date: 2025-12-06 for ANANTRAJ.NS
2025-12-07 18:02:06,968 - INFO - Skipping weekend date: 2025-12-07 for ANANTRAJ.NS
2025-12-07 18:02:06,969 - INFO - Skipping weekend date: 2025-12-06 for ANGELONE.NS
2025-12-07 18:02:06,969 - INFO - Skipping weekend date: 2025-12-07 for ANGELONE.NS
2025-12-07 18:02:06,970 - INFO - Skipping weekend date: 2025-12-06 for APARINDS.NS
2025-12-07 18:02:06,971 - INFO - Skipping weekend date: 2025-12-07 for APARINDS.NS
2025-12-07 18:02:06,972 - INFO - Skipping weekend date: 2025-12-06 for APOLLOHOSP.NS
2025-12-07 18:02:06,972 - INFO - Skipping weekend date: 2025-12-07 for APOLLOHOSP.NS
2025-12-07 18:02:06,974 - INFO - Skipping weekend date: 2025-12-06 for APOLLOTYRE.NS
2025-12-07 18:02:06,974 - INFO - Skipping weekend date: 2025-12-07 for APOLLOTYRE.NS
2025-12-07 18:02:06,975 - INFO - Skipping weekend date: 2025-12-06 for APTUS.NS
2025-12-07 18:02:06,975 - INFO - Skipping weekend date: 2025-12-07 for APTUS.NS
2025-12-07 18:02:06,976 - INFO - Skipping weekend date: 2025-12-06 for ASAHIINDIA.NS
2025-12-07 18:02:06,976 - INFO - Skipping weekend date: 2025-12-07 for ASAHIINDIA.NS
2025-12-07 18:02:06,977 - INFO - Skipping weekend date: 2025-12-06 for ASHOKLEY.NS
2025-12-07 18:02:06,977 - INFO - Skipping weekend date: 2025-12-07 for ASHOKLEY.NS
2025-12-07 18:02:06,978 - INFO - Skipping weekend date: 2025-12-06 for ASIANPAINT.NS
2025-12-07 18:02:06,978 - INFO - Skipping weekend date: 2025-12-07 for ASIANPAINT.NS
2025-12-07 18:02:06,979 - INFO - Skipping weekend date: 2025-12-06 for ASTERDM.NS
2025-12-07 18:02:06,979 - INFO - Skipping weekend date: 2025-12-07 for ASTERDM.NS
2025-12-07 18:02:06,980 - INFO - Skipping weekend date: 2025-12-06 for ASTRAZEN.NS
2025-12-07 18:02:06,980 - INFO - Skipping weekend date: 2025-12-07 for ASTRAZEN.NS
2025-12-07 18:02:06,981 - INFO - Skipping weekend date: 2025-12-06 for ASTRAL.NS
2025-12-07 18:02:06,981 - INFO - Skipping weekend date: 2025-12-07 for ASTRAL.NS
2025-12-07 18:02:06,982 - INFO - Skipping weekend date: 2025-12-06 for ATHERENERG.NS
2025-12-07 18:02:06,982 - INFO - Skipping weekend date: 2025-12-07 for ATHERENERG.NS
2025-12-07 18:02:06,983 - INFO - Skipping weekend date: 2025-12-06 for ATUL.NS
2025-12-07 18:02:06,983 - INFO - Skipping weekend date: 2025-12-07 for ATUL.NS
2025-12-07 18:02:06,984 - INFO - Skipping weekend date: 2025-12-06 for AUROPHARMA.NS
2025-12-07 18:02:06,984 - INFO - Skipping weekend date: 2025-12-07 for AUROPHARMA.NS
2025-12-07 18:02:06,985 - INFO - Skipping weekend date: 2025-12-06 for AIIL.NS
2025-12-07 18:02:06,985 - INFO - Skipping weekend date: 2025-12-07 for AIIL.NS
2025-12-07 18:02:06,988 - INFO - Skipping weekend date: 2025-12-06 for DMART.NS
2025-12-07 18:02:06,988 - INFO - Skipping weekend date: 2025-12-07 for DMART.NS
2025-12-07 18:02:06,990 - INFO - Skipping weekend date: 2025-12-06 for AXISBANK.NS
2025-12-07 18:02:06,990 - INFO - Skipping weekend date: 2025-12-07 for AXISBANK.NS
2025-12-07 18:02:06,991 - INFO - Skipping weekend date: 2025-12-06 for BASF.NS
2025-12-07 18:02:06,991 - INFO - Skipping weekend date: 2025-12-07 for BASF.NS
2025-12-07 18:02:06,993 - INFO - Skipping weekend date: 2025-12-06 for BEML.NS
2025-12-07 18:02:06,993 - INFO - Skipping weekend date: 2025-12-07 for BEML.NS
2025-12-07 18:02:06,994 - INFO - Skipping weekend date: 2025-12-06 for BLS.NS
2025-12-07 18:02:06,994 - INFO - Skipping weekend date: 2025-12-07 for BLS.NS
2025-12-07 18:02:06,995 - INFO - Skipping weekend date: 2025-12-06 for BSE.NS
2025-12-07 18:02:06,996 - INFO - Skipping weekend date: 2025-12-07 for BSE.NS
2025-12-07 18:02:06,996 - INFO - Skipping weekend date: 2025-12-06 for BAJAJ-AUTO.NS
2025-12-07 18:02:06,997 - INFO - Skipping weekend date: 2025-12-07 for BAJAJ-AUTO.NS
2025-12-07 18:02:06,998 - INFO - Skipping weekend date: 2025-12-06 for BAJFINANCE.NS
2025-12-07 18:02:06,998 - INFO - Skipping weekend date: 2025-12-07 for BAJFINANCE.NS
2025-12-07 18:02:06,999 - INFO - Skipping weekend date: 2025-12-06 for BAJAJFINSV.NS
2025-12-07 18:02:06,999 - INFO - Skipping weekend date: 2025-12-07 for BAJAJFINSV.NS
2025-12-07 18:02:07,000 - INFO - Skipping weekend date: 2025-12-06 for BAJAJHLDNG.NS
2025-12-07 18:02:07,000 - INFO - Skipping weekend date: 2025-12-07 for BAJAJHLDNG.NS
2025-12-07 18:02:07,001 - INFO - Skipping weekend date: 2025-12-06 for BAJAJHFL.NS
2025-12-07 18:02:07,001 - INFO - Skipping weekend date: 2025-12-07 for BAJAJHFL.NS
2025-12-07 18:02:07,002 - INFO - Skipping weekend date: 2025-12-06 for BALKRISIND.NS
2025-12-07 18:02:07,002 - INFO - Skipping weekend date: 2025-12-07 for BALKRISIND.NS
2025-12-07 18:02:07,004 - INFO - Skipping weekend date: 2025-12-06 for BALRAMCHIN.NS
2025-12-07 18:02:07,005 - INFO - Skipping weekend date: 2025-12-07 for BALRAMCHIN.NS
2025-12-07 18:02:07,006 - INFO - Skipping weekend date: 2025-12-06 for BANDHANBNK.NS
2025-12-07 18:02:07,006 - INFO - Skipping weekend date: 2025-12-07 for BANDHANBNK.NS
2025-12-07 18:02:07,008 - INFO - Skipping weekend date: 2025-12-06 for BANKBARODA.NS
2025-12-07 18:02:07,008 - INFO - Skipping weekend date: 2025-12-07 for BANKBARODA.NS
2025-12-07 18:02:07,009 - INFO - Skipping weekend date: 2025-12-06 for BANKINDIA.NS
2025-12-07 18:02:07,009 - INFO - Skipping weekend date: 2025-12-07 for BANKINDIA.NS
2025-12-07 18:02:07,010 - INFO - Skipping weekend date: 2025-12-06 for MAHABANK.NS
2025-12-07 18:02:07,010 - INFO - Skipping weekend date: 2025-12-07 for MAHABANK.NS
2025-12-07 18:02:07,012 - INFO - Skipping weekend date: 2025-12-06 for BATAINDIA.NS
2025-12-07 18:02:07,012 - INFO - Skipping weekend date: 2025-12-07 for BATAINDIA.NS
2025-12-07 18:02:07,014 - INFO - Skipping weekend date: 2025-12-06 for BAYERCROP.NS
2025-12-07 18:02:07,014 - INFO - Skipping weekend date: 2025-12-07 for BAYERCROP.NS
2025-12-07 18:02:07,016 - INFO - Skipping weekend date: 2025-12-06 for BERGEPAINT.NS
2025-12-07 18:02:07,016 - INFO - Skipping weekend date: 2025-12-07 for BERGEPAINT.NS
2025-12-07 18:02:07,017 - INFO - Skipping weekend date: 2025-12-06 for BDL.NS
2025-12-07 18:02:07,017 - INFO - Skipping weekend date: 2025-12-07 for BDL.NS
2025-12-07 18:02:07,018 - INFO - Skipping weekend date: 2025-12-06 for BEL.NS
2025-12-07 18:02:07,018 - INFO - Skipping weekend date: 2025-12-07 for BEL.NS
2025-12-07 18:02:07,019 - INFO - Skipping weekend date: 2025-12-06 for BHARATFORG.NS
2025-12-07 18:02:07,019 - INFO - Skipping weekend date: 2025-12-07 for BHARATFORG.NS
2025-12-07 18:02:07,020 - INFO - Skipping weekend date: 2025-12-06 for BHEL.NS
2025-12-07 18:02:07,021 - INFO - Skipping weekend date: 2025-12-07 for BHEL.NS
2025-12-07 18:02:07,023 - INFO - Skipping weekend date: 2025-12-06 for BPCL.NS
2025-12-07 18:02:07,023 - INFO - Skipping weekend date: 2025-12-07 for BPCL.NS
2025-12-07 18:02:07,024 - INFO - Skipping weekend date: 2025-12-06 for BHARTIARTL.NS
2025-12-07 18:02:07,024 - INFO - Skipping weekend date: 2025-12-07 for BHARTIARTL.NS
2025-12-07 18:02:07,025 - INFO - Skipping weekend date: 2025-12-06 for BHARTIHEXA.NS
2025-12-07 18:02:07,025 - INFO - Skipping weekend date: 2025-12-07 for BHARTIHEXA.NS
2025-12-07 18:02:07,027 - INFO - Skipping weekend date: 2025-12-06 for BIKAJI.NS
2025-12-07 18:02:07,027 - INFO - Skipping weekend date: 2025-12-07 for BIKAJI.NS
2025-12-07 18:02:07,028 - INFO - Skipping weekend date: 2025-12-06 for BIOCON.NS
2025-12-07 18:02:07,028 - INFO - Skipping weekend date: 2025-12-07 for BIOCON.NS
2025-12-07 18:02:07,029 - INFO - Skipping weekend date: 2025-12-06 for BSOFT.NS
2025-12-07 18:02:07,029 - INFO - Skipping weekend date: 2025-12-07 for BSOFT.NS
2025-12-07 18:02:07,030 - INFO - Skipping weekend date: 2025-12-06 for BLUEDART.NS
2025-12-07 18:02:07,030 - INFO - Skipping weekend date: 2025-12-07 for BLUEDART.NS
2025-12-07 18:02:07,031 - INFO - Skipping weekend date: 2025-12-06 for BLUEJET.NS
2025-12-07 18:02:07,031 - INFO - Skipping weekend date: 2025-12-07 for BLUEJET.NS
2025-12-07 18:02:07,032 - INFO - Skipping weekend date: 2025-12-06 for BLUESTARCO.NS
2025-12-07 18:02:07,033 - INFO - Skipping weekend date: 2025-12-07 for BLUESTARCO.NS
2025-12-07 18:02:07,033 - INFO - Skipping weekend date: 2025-12-06 for BBTC.NS
2025-12-07 18:02:07,034 - INFO - Skipping weekend date: 2025-12-07 for BBTC.NS
2025-12-07 18:02:07,034 - INFO - Skipping weekend date: 2025-12-06 for BOSCHLTD.NS
2025-12-07 18:02:07,035 - INFO - Skipping weekend date: 2025-12-07 for BOSCHLTD.NS
2025-12-07 18:02:07,036 - INFO - Skipping weekend date: 2025-12-06 for FIRSTCRY.NS
2025-12-07 18:02:07,036 - INFO - Skipping weekend date: 2025-12-07 for FIRSTCRY.NS
2025-12-07 18:02:07,037 - INFO - Skipping weekend date: 2025-12-06 for BRIGADE.NS
2025-12-07 18:02:07,038 - INFO - Skipping weekend date: 2025-12-07 for BRIGADE.NS
2025-12-07 18:02:07,039 - INFO - Skipping weekend date: 2025-12-06 for BRITANNIA.NS
2025-12-07 18:02:07,039 - INFO - Skipping weekend date: 2025-12-07 for BRITANNIA.NS
2025-12-07 18:02:07,040 - INFO - Skipping weekend date: 2025-12-06 for MAPMYINDIA.NS
2025-12-07 18:02:07,040 - INFO - Skipping weekend date: 2025-12-07 for MAPMYINDIA.NS
2025-12-07 18:02:07,042 - INFO - Skipping weekend date: 2025-12-06 for CCL.NS
2025-12-07 18:02:07,043 - INFO - Skipping weekend date: 2025-12-07 for CCL.NS
2025-12-07 18:02:07,044 - INFO - Skipping weekend date: 2025-12-06 for CESC.NS
2025-12-07 18:02:07,044 - INFO - Skipping weekend date: 2025-12-07 for CESC.NS
2025-12-07 18:02:07,045 - INFO - Skipping weekend date: 2025-12-06 for CGPOWER.NS
2025-12-07 18:02:07,045 - INFO - Skipping weekend date: 2025-12-07 for CGPOWER.NS
2025-12-07 18:02:07,046 - INFO - Skipping weekend date: 2025-12-06 for CRISIL.NS
2025-12-07 18:02:07,046 - INFO - Skipping weekend date: 2025-12-07 for CRISIL.NS
2025-12-07 18:02:07,047 - INFO - Skipping weekend date: 2025-12-06 for CAMPUS.NS
2025-12-07 18:02:07,048 - INFO - Skipping weekend date: 2025-12-07 for CAMPUS.NS
2025-12-07 18:02:07,048 - INFO - Skipping weekend date: 2025-12-06 for CANFINHOME.NS
2025-12-07 18:02:07,049 - INFO - Skipping weekend date: 2025-12-07 for CANFINHOME.NS
2025-12-07 18:02:07,050 - INFO - Skipping weekend date: 2025-12-06 for CANBK.NS
2025-12-07 18:02:07,050 - INFO - Skipping weekend date: 2025-12-07 for CANBK.NS
2025-12-07 18:02:07,051 - INFO - Skipping weekend date: 2025-12-06 for CAPLIPOINT.NS
2025-12-07 18:02:07,051 - INFO - Skipping weekend date: 2025-12-07 for CAPLIPOINT.NS
2025-12-07 18:02:07,052 - INFO - Skipping weekend date: 2025-12-06 for CGCL.NS
2025-12-07 18:02:07,053 - INFO - Skipping weekend date: 2025-12-07 for CGCL.NS
2025-12-07 18:02:07,055 - INFO - Skipping weekend date: 2025-12-06 for CARBORUNIV.NS
2025-12-07 18:02:07,055 - INFO - Skipping weekend date: 2025-12-07 for CARBORUNIV.NS
2025-12-07 18:02:07,056 - INFO - Skipping weekend date: 2025-12-06 for CASTROLIND.NS
2025-12-07 18:02:07,056 - INFO - Skipping weekend date: 2025-12-07 for CASTROLIND.NS
2025-12-07 18:02:07,058 - INFO - Skipping weekend date: 2025-12-06 for CEATLTD.NS
2025-12-07 18:02:07,059 - INFO - Skipping weekend date: 2025-12-07 for CEATLTD.NS
2025-12-07 18:02:07,060 - INFO - Skipping weekend date: 2025-12-06 for CENTRALBK.NS
2025-12-07 18:02:07,060 - INFO - Skipping weekend date: 2025-12-07 for CENTRALBK.NS
2025-12-07 18:02:07,061 - INFO - Skipping weekend date: 2025-12-06 for CDSL.NS
2025-12-07 18:02:07,061 - INFO - Skipping weekend date: 2025-12-07 for CDSL.NS
2025-12-07 18:02:07,062 - INFO - Skipping weekend date: 2025-12-06 for CENTURYPLY.NS
2025-12-07 18:02:07,062 - INFO - Skipping weekend date: 2025-12-07 for CENTURYPLY.NS
2025-12-07 18:02:07,063 - INFO - Skipping weekend date: 2025-12-06 for CERA.NS
2025-12-07 18:02:07,063 - INFO - Skipping weekend date: 2025-12-07 for CERA.NS
2025-12-07 18:02:07,064 - INFO - Skipping weekend date: 2025-12-06 for CHALET.NS
2025-12-07 18:02:07,065 - INFO - Skipping weekend date: 2025-12-07 for CHALET.NS
2025-12-07 18:02:07,065 - INFO - Skipping weekend date: 2025-12-06 for CHAMBLFERT.NS
2025-12-07 18:02:07,066 - INFO - Skipping weekend date: 2025-12-07 for CHAMBLFERT.NS
2025-12-07 18:02:07,067 - INFO - Skipping weekend date: 2025-12-06 for CHENNPETRO.NS
2025-12-07 18:02:07,067 - INFO - Skipping weekend date: 2025-12-07 for CHENNPETRO.NS
2025-12-07 18:02:07,068 - INFO - Skipping weekend date: 2025-12-06 for CHOICEIN.NS
2025-12-07 18:02:07,068 - INFO - Skipping weekend date: 2025-12-07 for CHOICEIN.NS
2025-12-07 18:02:07,069 - INFO - Skipping weekend date: 2025-12-06 for CHOLAHLDNG.NS
2025-12-07 18:02:07,069 - INFO - Skipping weekend date: 2025-12-07 for CHOLAHLDNG.NS
2025-12-07 18:02:07,070 - INFO - Skipping weekend date: 2025-12-06 for CHOLAFIN.NS
2025-12-07 18:02:07,071 - INFO - Skipping weekend date: 2025-12-07 for CHOLAFIN.NS
2025-12-07 18:02:07,072 - INFO - Skipping weekend date: 2025-12-06 for CIPLA.NS
2025-12-07 18:02:07,073 - INFO - Skipping weekend date: 2025-12-07 for CIPLA.NS
2025-12-07 18:02:07,075 - INFO - Skipping weekend date: 2025-12-06 for CUB.NS
2025-12-07 18:02:07,075 - INFO - Skipping weekend date: 2025-12-07 for CUB.NS
2025-12-07 18:02:07,077 - INFO - Skipping weekend date: 2025-12-06 for CLEAN.NS
2025-12-07 18:02:07,077 - INFO - Skipping weekend date: 2025-12-07 for CLEAN.NS
2025-12-07 18:02:07,078 - INFO - Skipping weekend date: 2025-12-06 for COALINDIA.NS
2025-12-07 18:02:07,078 - INFO - Skipping weekend date: 2025-12-07 for COALINDIA.NS
2025-12-07 18:02:07,079 - INFO - Skipping weekend date: 2025-12-06 for COCHINSHIP.NS
2025-12-07 18:02:07,080 - INFO - Skipping weekend date: 2025-12-07 for COCHINSHIP.NS
2025-12-07 18:02:07,080 - INFO - Skipping weekend date: 2025-12-06 for COFORGE.NS
2025-12-07 18:02:07,081 - INFO - Skipping weekend date: 2025-12-07 for COFORGE.NS
2025-12-07 18:02:07,082 - INFO - Skipping weekend date: 2025-12-06 for COHANCE.NS
2025-12-07 18:02:07,082 - INFO - Skipping weekend date: 2025-12-07 for COHANCE.NS
2025-12-07 18:02:07,083 - INFO - Skipping weekend date: 2025-12-06 for COLPAL.NS
2025-12-07 18:02:07,083 - INFO - Skipping weekend date: 2025-12-07 for COLPAL.NS
2025-12-07 18:02:07,084 - INFO - Skipping weekend date: 2025-12-06 for CAMS.NS
2025-12-07 18:02:07,084 - INFO - Skipping weekend date: 2025-12-07 for CAMS.NS
2025-12-07 18:02:07,086 - INFO - Skipping weekend date: 2025-12-06 for CONCORDBIO.NS
2025-12-07 18:02:07,086 - INFO - Skipping weekend date: 2025-12-07 for CONCORDBIO.NS
2025-12-07 18:02:07,089 - INFO - Skipping weekend date: 2025-12-06 for CONCOR.NS
2025-12-07 18:02:07,090 - INFO - Skipping weekend date: 2025-12-07 for CONCOR.NS
2025-12-07 18:02:07,094 - INFO - Skipping weekend date: 2025-12-06 for COROMANDEL.NS
2025-12-07 18:02:07,094 - INFO - Skipping weekend date: 2025-12-07 for COROMANDEL.NS
2025-12-07 18:02:07,096 - INFO - Skipping weekend date: 2025-12-06 for CRAFTSMAN.NS
2025-12-07 18:02:07,096 - INFO - Skipping weekend date: 2025-12-07 for CRAFTSMAN.NS
2025-12-07 18:02:07,097 - INFO - Skipping weekend date: 2025-12-06 for CREDITACC.NS
2025-12-07 18:02:07,098 - INFO - Skipping weekend date: 2025-12-07 for CREDITACC.NS
2025-12-07 18:02:07,099 - INFO - Skipping weekend date: 2025-12-06 for CROMPTON.NS
2025-12-07 18:02:07,099 - INFO - Skipping weekend date: 2025-12-07 for CROMPTON.NS
2025-12-07 18:02:07,100 - INFO - Skipping weekend date: 2025-12-06 for CUMMINSIND.NS
2025-12-07 18:02:07,101 - INFO - Skipping weekend date: 2025-12-07 for CUMMINSIND.NS
2025-12-07 18:02:07,102 - INFO - Skipping weekend date: 2025-12-06 for CYIENT.NS
2025-12-07 18:02:07,102 - INFO - Skipping weekend date: 2025-12-07 for CYIENT.NS
2025-12-07 18:02:07,103 - INFO - Skipping weekend date: 2025-12-06 for DCMSHRIRAM.NS
2025-12-07 18:02:07,103 - INFO - Skipping weekend date: 2025-12-07 for DCMSHRIRAM.NS
2025-12-07 18:02:07,106 - INFO - Skipping weekend date: 2025-12-06 for DLF.NS
2025-12-07 18:02:07,106 - INFO - Skipping weekend date: 2025-12-07 for DLF.NS
2025-12-07 18:02:07,108 - INFO - Skipping weekend date: 2025-12-06 for DOMS.NS
2025-12-07 18:02:07,108 - INFO - Skipping weekend date: 2025-12-07 for DOMS.NS
2025-12-07 18:02:07,109 - INFO - Skipping weekend date: 2025-12-06 for DABUR.NS
2025-12-07 18:02:07,109 - INFO - Skipping weekend date: 2025-12-07 for DABUR.NS
2025-12-07 18:02:07,110 - INFO - Skipping weekend date: 2025-12-06 for DALBHARAT.NS
2025-12-07 18:02:07,110 - INFO - Skipping weekend date: 2025-12-07 for DALBHARAT.NS
2025-12-07 18:02:07,111 - INFO - Skipping weekend date: 2025-12-06 for DATAPATTNS.NS
2025-12-07 18:02:07,111 - INFO - Skipping weekend date: 2025-12-07 for DATAPATTNS.NS
2025-12-07 18:02:07,112 - INFO - Skipping weekend date: 2025-12-06 for DEEPAKFERT.NS
2025-12-07 18:02:07,112 - INFO - Skipping weekend date: 2025-12-07 for DEEPAKFERT.NS
2025-12-07 18:02:07,113 - INFO - Skipping weekend date: 2025-12-06 for DEEPAKNTR.NS
2025-12-07 18:02:07,114 - INFO - Skipping weekend date: 2025-12-07 for DEEPAKNTR.NS
2025-12-07 18:02:07,115 - INFO - Skipping weekend date: 2025-12-06 for DELHIVERY.NS
2025-12-07 18:02:07,115 - INFO - Skipping weekend date: 2025-12-07 for DELHIVERY.NS
2025-12-07 18:02:07,116 - INFO - Skipping weekend date: 2025-12-06 for DEVYANI.NS
2025-12-07 18:02:07,116 - INFO - Skipping weekend date: 2025-12-07 for DEVYANI.NS
2025-12-07 18:02:07,117 - INFO - Skipping weekend date: 2025-12-06 for DIVISLAB.NS
2025-12-07 18:02:07,117 - INFO - Skipping weekend date: 2025-12-07 for DIVISLAB.NS
2025-12-07 18:02:07,118 - INFO - Skipping weekend date: 2025-12-06 for DIXON.NS
2025-12-07 18:02:07,118 - INFO - Skipping weekend date: 2025-12-07 for DIXON.NS
2025-12-07 18:02:07,119 - INFO - Skipping weekend date: 2025-12-06 for AGARWALEYE.NS
2025-12-07 18:02:07,119 - INFO - Skipping weekend date: 2025-12-07 for AGARWALEYE.NS
2025-12-07 18:02:07,121 - INFO - Skipping weekend date: 2025-12-06 for LALPATHLAB.NS
2025-12-07 18:02:07,121 - INFO - Skipping weekend date: 2025-12-07 for LALPATHLAB.NS
2025-12-07 18:02:07,123 - INFO - Skipping weekend date: 2025-12-06 for DRREDDY.NS
2025-12-07 18:02:07,123 - INFO - Skipping weekend date: 2025-12-07 for DRREDDY.NS
2025-12-07 18:02:07,125 - INFO - Skipping weekend date: 2025-12-06 for EIDPARRY.NS
2025-12-07 18:02:07,125 - INFO - Skipping weekend date: 2025-12-07 for EIDPARRY.NS
2025-12-07 18:02:07,126 - INFO - Skipping weekend date: 2025-12-06 for EIHOTEL.NS
2025-12-07 18:02:07,126 - INFO - Skipping weekend date: 2025-12-07 for EIHOTEL.NS
2025-12-07 18:02:07,127 - INFO - Skipping weekend date: 2025-12-06 for EICHERMOT.NS
2025-12-07 18:02:07,127 - INFO - Skipping weekend date: 2025-12-07 for EICHERMOT.NS
2025-12-07 18:02:07,128 - INFO - Skipping weekend date: 2025-12-06 for ELECON.NS
2025-12-07 18:02:07,128 - INFO - Skipping weekend date: 2025-12-07 for ELECON.NS
2025-12-07 18:02:07,129 - INFO - Skipping weekend date: 2025-12-06 for ELGIEQUIP.NS
2025-12-07 18:02:07,129 - INFO - Skipping weekend date: 2025-12-07 for ELGIEQUIP.NS
2025-12-07 18:02:07,130 - INFO - Skipping weekend date: 2025-12-06 for EMAMILTD.NS
2025-12-07 18:02:07,130 - INFO - Skipping weekend date: 2025-12-07 for EMAMILTD.NS
2025-12-07 18:02:07,131 - INFO - Skipping weekend date: 2025-12-06 for EMCURE.NS
2025-12-07 18:02:07,131 - INFO - Skipping weekend date: 2025-12-07 for EMCURE.NS
2025-12-07 18:02:07,133 - INFO - Skipping weekend date: 2025-12-06 for ENDURANCE.NS
2025-12-07 18:02:07,133 - INFO - Skipping weekend date: 2025-12-07 for ENDURANCE.NS
2025-12-07 18:02:07,134 - INFO - Skipping weekend date: 2025-12-06 for ENGINERSIN.NS
2025-12-07 18:02:07,134 - INFO - Skipping weekend date: 2025-12-07 for ENGINERSIN.NS
2025-12-07 18:02:07,135 - INFO - Skipping weekend date: 2025-12-06 for ERIS.NS
2025-12-07 18:02:07,135 - INFO - Skipping weekend date: 2025-12-07 for ERIS.NS
2025-12-07 18:02:07,136 - INFO - Skipping weekend date: 2025-12-06 for ESCORTS.NS
2025-12-07 18:02:07,137 - INFO - Skipping weekend date: 2025-12-07 for ESCORTS.NS
2025-12-07 18:02:07,139 - INFO - Skipping weekend date: 2025-12-06 for ETERNAL.NS
2025-12-07 18:02:07,139 - INFO - Skipping weekend date: 2025-12-07 for ETERNAL.NS
2025-12-07 18:02:07,140 - INFO - Skipping weekend date: 2025-12-06 for EXIDEIND.NS
2025-12-07 18:02:07,140 - INFO - Skipping weekend date: 2025-12-07 for EXIDEIND.NS
2025-12-07 18:02:07,141 - INFO - Skipping weekend date: 2025-12-06 for NYKAA.NS
2025-12-07 18:02:07,141 - INFO - Skipping weekend date: 2025-12-07 for NYKAA.NS
2025-12-07 18:02:07,143 - INFO - Skipping weekend date: 2025-12-06 for FEDERALBNK.NS
2025-12-07 18:02:07,143 - INFO - Skipping weekend date: 2025-12-07 for FEDERALBNK.NS
2025-12-07 18:02:07,144 - INFO - Skipping weekend date: 2025-12-06 for FACT.NS
2025-12-07 18:02:07,144 - INFO - Skipping weekend date: 2025-12-07 for FACT.NS
2025-12-07 18:02:07,145 - INFO - Skipping weekend date: 2025-12-06 for FINCABLES.NS
2025-12-07 18:02:07,145 - INFO - Skipping weekend date: 2025-12-07 for FINCABLES.NS
2025-12-07 18:02:07,146 - INFO - Skipping weekend date: 2025-12-06 for FINPIPE.NS
2025-12-07 18:02:07,146 - INFO - Skipping weekend date: 2025-12-07 for FINPIPE.NS
2025-12-07 18:02:07,147 - INFO - Skipping weekend date: 2025-12-06 for FSL.NS
2025-12-07 18:02:07,147 - INFO - Skipping weekend date: 2025-12-07 for FSL.NS
2025-12-07 18:02:07,148 - INFO - Skipping weekend date: 2025-12-06 for FIVESTAR.NS
2025-12-07 18:02:07,148 - INFO - Skipping weekend date: 2025-12-07 for FIVESTAR.NS
2025-12-07 18:02:07,149 - INFO - Skipping weekend date: 2025-12-06 for FORCEMOT.NS
2025-12-07 18:02:07,149 - INFO - Skipping weekend date: 2025-12-07 for FORCEMOT.NS
2025-12-07 18:02:07,151 - INFO - Skipping weekend date: 2025-12-06 for FORTIS.NS
2025-12-07 18:02:07,151 - INFO - Skipping weekend date: 2025-12-07 for FORTIS.NS
2025-12-07 18:02:07,152 - INFO - Skipping weekend date: 2025-12-06 for GAIL.NS
2025-12-07 18:02:07,152 - INFO - Skipping weekend date: 2025-12-07 for GAIL.NS
2025-12-07 18:02:07,153 - INFO - Skipping weekend date: 2025-12-06 for GVT&D.NS
2025-12-07 18:02:07,153 - INFO - Skipping weekend date: 2025-12-07 for GVT&D.NS
2025-12-07 18:02:07,155 - INFO - Skipping weekend date: 2025-12-06 for GMRAIRPORT.NS
2025-12-07 18:02:07,156 - INFO - Skipping weekend date: 2025-12-07 for GMRAIRPORT.NS
2025-12-07 18:02:07,157 - INFO - Skipping weekend date: 2025-12-06 for GRSE.NS
2025-12-07 18:02:07,158 - INFO - Skipping weekend date: 2025-12-07 for GRSE.NS
2025-12-07 18:02:07,159 - INFO - Skipping weekend date: 2025-12-06 for GICRE.NS
2025-12-07 18:02:07,159 - INFO - Skipping weekend date: 2025-12-07 for GICRE.NS
2025-12-07 18:02:07,160 - INFO - Skipping weekend date: 2025-12-06 for GILLETTE.NS
2025-12-07 18:02:07,160 - INFO - Skipping weekend date: 2025-12-07 for GILLETTE.NS
2025-12-07 18:02:07,161 - INFO - Skipping weekend date: 2025-12-06 for GLAND.NS
2025-12-07 18:02:07,161 - INFO - Skipping weekend date: 2025-12-07 for GLAND.NS
2025-12-07 18:02:07,162 - INFO - Skipping weekend date: 2025-12-06 for GLAXO.NS
2025-12-07 18:02:07,162 - INFO - Skipping weekend date: 2025-12-07 for GLAXO.NS
2025-12-07 18:02:07,164 - INFO - Skipping weekend date: 2025-12-06 for GLENMARK.NS
2025-12-07 18:02:07,164 - INFO - Skipping weekend date: 2025-12-07 for GLENMARK.NS
2025-12-07 18:02:07,165 - INFO - Skipping weekend date: 2025-12-06 for MEDANTA.NS
2025-12-07 18:02:07,165 - INFO - Skipping weekend date: 2025-12-07 for MEDANTA.NS
2025-12-07 18:02:07,166 - INFO - Skipping weekend date: 2025-12-06 for GODIGIT.NS
2025-12-07 18:02:07,166 - INFO - Skipping weekend date: 2025-12-07 for GODIGIT.NS
2025-12-07 18:02:07,167 - INFO - Skipping weekend date: 2025-12-06 for GPIL.NS
2025-12-07 18:02:07,168 - INFO - Skipping weekend date: 2025-12-07 for GPIL.NS
2025-12-07 18:02:07,171 - INFO - Skipping weekend date: 2025-12-06 for GODFRYPHLP.NS
2025-12-07 18:02:07,171 - INFO - Skipping weekend date: 2025-12-07 for GODFRYPHLP.NS
2025-12-07 18:02:07,173 - INFO - Skipping weekend date: 2025-12-06 for GODREJAGRO.NS
2025-12-07 18:02:07,173 - INFO - Skipping weekend date: 2025-12-07 for GODREJAGRO.NS
2025-12-07 18:02:07,174 - INFO - Skipping weekend date: 2025-12-06 for GODREJCP.NS
2025-12-07 18:02:07,175 - INFO - Skipping weekend date: 2025-12-07 for GODREJCP.NS
2025-12-07 18:02:07,176 - INFO - Skipping weekend date: 2025-12-06 for GODREJIND.NS
2025-12-07 18:02:07,176 - INFO - Skipping weekend date: 2025-12-07 for GODREJIND.NS
2025-12-07 18:02:07,177 - INFO - Skipping weekend date: 2025-12-06 for GODREJPROP.NS
2025-12-07 18:02:07,177 - INFO - Skipping weekend date: 2025-12-07 for GODREJPROP.NS
2025-12-07 18:02:07,178 - INFO - Skipping weekend date: 2025-12-06 for GRANULES.NS
2025-12-07 18:02:07,178 - INFO - Skipping weekend date: 2025-12-07 for GRANULES.NS
2025-12-07 18:02:07,179 - INFO - Skipping weekend date: 2025-12-06 for GRAPHITE.NS
2025-12-07 18:02:07,179 - INFO - Skipping weekend date: 2025-12-07 for GRAPHITE.NS
2025-12-07 18:02:07,180 - INFO - Skipping weekend date: 2025-12-06 for GRASIM.NS
2025-12-07 18:02:07,180 - INFO - Skipping weekend date: 2025-12-07 for GRASIM.NS
2025-12-07 18:02:07,181 - INFO - Skipping weekend date: 2025-12-06 for GRAVITA.NS
2025-12-07 18:02:07,182 - INFO - Skipping weekend date: 2025-12-07 for GRAVITA.NS
2025-12-07 18:02:07,182 - INFO - Skipping weekend date: 2025-12-06 for GESHIP.NS
2025-12-07 18:02:07,183 - INFO - Skipping weekend date: 2025-12-07 for GESHIP.NS
2025-12-07 18:02:07,184 - INFO - Skipping weekend date: 2025-12-06 for FLUOROCHEM.NS
2025-12-07 18:02:07,184 - INFO - Skipping weekend date: 2025-12-07 for FLUOROCHEM.NS
2025-12-07 18:02:07,185 - INFO - Skipping weekend date: 2025-12-06 for GUJGASLTD.NS
2025-12-07 18:02:07,185 - INFO - Skipping weekend date: 2025-12-07 for GUJGASLTD.NS
2025-12-07 18:02:07,186 - INFO - Skipping weekend date: 2025-12-06 for GMDCLTD.NS
2025-12-07 18:02:07,187 - INFO - Skipping weekend date: 2025-12-07 for GMDCLTD.NS
2025-12-07 18:02:07,188 - INFO - Skipping weekend date: 2025-12-06 for GSPL.NS
2025-12-07 18:02:07,189 - INFO - Skipping weekend date: 2025-12-07 for GSPL.NS
2025-12-07 18:02:07,190 - INFO - Skipping weekend date: 2025-12-06 for HEG.NS
2025-12-07 18:02:07,190 - INFO - Skipping weekend date: 2025-12-07 for HEG.NS
2025-12-07 18:02:07,191 - INFO - Skipping weekend date: 2025-12-06 for HBLENGINE.NS
2025-12-07 18:02:07,191 - INFO - Skipping weekend date: 2025-12-07 for HBLENGINE.NS
2025-12-07 18:02:07,193 - INFO - Skipping weekend date: 2025-12-06 for HCLTECH.NS
2025-12-07 18:02:07,193 - INFO - Skipping weekend date: 2025-12-07 for HCLTECH.NS
2025-12-07 18:02:07,194 - INFO - Skipping weekend date: 2025-12-06 for HDFCAMC.NS
2025-12-07 18:02:07,194 - INFO - Skipping weekend date: 2025-12-07 for HDFCAMC.NS
2025-12-07 18:02:07,195 - INFO - Skipping weekend date: 2025-12-06 for HDFCBANK.NS
2025-12-07 18:02:07,195 - INFO - Skipping weekend date: 2025-12-07 for HDFCBANK.NS
2025-12-07 18:02:07,196 - INFO - Skipping weekend date: 2025-12-06 for HDFCLIFE.NS
2025-12-07 18:02:07,196 - INFO - Skipping weekend date: 2025-12-07 for HDFCLIFE.NS
2025-12-07 18:02:07,197 - INFO - Skipping weekend date: 2025-12-06 for HFCL.NS
2025-12-07 18:02:07,197 - INFO - Skipping weekend date: 2025-12-07 for HFCL.NS
2025-12-07 18:02:07,198 - INFO - Skipping weekend date: 2025-12-06 for HAPPSTMNDS.NS
2025-12-07 18:02:07,199 - INFO - Skipping weekend date: 2025-12-07 for HAPPSTMNDS.NS
2025-12-07 18:02:07,200 - INFO - Skipping weekend date: 2025-12-06 for HAVELLS.NS
2025-12-07 18:02:07,200 - INFO - Skipping weekend date: 2025-12-07 for HAVELLS.NS
2025-12-07 18:02:07,201 - INFO - Skipping weekend date: 2025-12-06 for HEROMOTOCO.NS
2025-12-07 18:02:07,201 - INFO - Skipping weekend date: 2025-12-07 for HEROMOTOCO.NS
2025-12-07 18:02:07,202 - INFO - Skipping weekend date: 2025-12-06 for HEXT.NS
2025-12-07 18:02:07,202 - INFO - Skipping weekend date: 2025-12-07 for HEXT.NS
2025-12-07 18:02:07,203 - INFO - Skipping weekend date: 2025-12-06 for HSCL.NS
2025-12-07 18:02:07,203 - INFO - Skipping weekend date: 2025-12-07 for HSCL.NS
2025-12-07 18:02:07,205 - INFO - Skipping weekend date: 2025-12-06 for HINDALCO.NS
2025-12-07 18:02:07,205 - INFO - Skipping weekend date: 2025-12-07 for HINDALCO.NS
2025-12-07 18:02:07,207 - INFO - Skipping weekend date: 2025-12-06 for HAL.NS
2025-12-07 18:02:07,207 - INFO - Skipping weekend date: 2025-12-07 for HAL.NS
2025-12-07 18:02:07,209 - INFO - Skipping weekend date: 2025-12-06 for HINDCOPPER.NS
2025-12-07 18:02:07,209 - INFO - Skipping weekend date: 2025-12-07 for HINDCOPPER.NS
2025-12-07 18:02:07,210 - INFO - Skipping weekend date: 2025-12-06 for HINDPETRO.NS
2025-12-07 18:02:07,210 - INFO - Skipping weekend date: 2025-12-07 for HINDPETRO.NS
2025-12-07 18:02:07,212 - INFO - Skipping weekend date: 2025-12-06 for HINDUNILVR.NS
2025-12-07 18:02:07,212 - INFO - Skipping weekend date: 2025-12-07 for HINDUNILVR.NS
2025-12-07 18:02:07,213 - INFO - Skipping weekend date: 2025-12-06 for HINDZINC.NS
2025-12-07 18:02:07,213 - INFO - Skipping weekend date: 2025-12-07 for HINDZINC.NS
2025-12-07 18:02:07,214 - INFO - Skipping weekend date: 2025-12-06 for POWERINDIA.NS
2025-12-07 18:02:07,215 - INFO - Skipping weekend date: 2025-12-07 for POWERINDIA.NS
2025-12-07 18:02:07,215 - INFO - Skipping weekend date: 2025-12-06 for HOMEFIRST.NS
2025-12-07 18:02:07,216 - INFO - Skipping weekend date: 2025-12-07 for HOMEFIRST.NS
2025-12-07 18:02:07,217 - INFO - Skipping weekend date: 2025-12-06 for HONASA.NS
2025-12-07 18:02:07,217 - INFO - Skipping weekend date: 2025-12-07 for HONASA.NS
2025-12-07 18:02:07,218 - INFO - Skipping weekend date: 2025-12-06 for HONAUT.NS
2025-12-07 18:02:07,218 - INFO - Skipping weekend date: 2025-12-07 for HONAUT.NS
2025-12-07 18:02:07,219 - INFO - Skipping weekend date: 2025-12-06 for HUDCO.NS
2025-12-07 18:02:07,219 - INFO - Skipping weekend date: 2025-12-07 for HUDCO.NS
2025-12-07 18:02:07,220 - INFO - Skipping weekend date: 2025-12-06 for HYUNDAI.NS
2025-12-07 18:02:07,220 - INFO - Skipping weekend date: 2025-12-07 for HYUNDAI.NS
2025-12-07 18:02:07,222 - INFO - Skipping weekend date: 2025-12-06 for ICICIBANK.NS
2025-12-07 18:02:07,223 - INFO - Skipping weekend date: 2025-12-07 for ICICIBANK.NS
2025-12-07 18:02:07,224 - INFO - Skipping weekend date: 2025-12-06 for ICICIGI.NS
2025-12-07 18:02:07,224 - INFO - Skipping weekend date: 2025-12-07 for ICICIGI.NS
2025-12-07 18:02:07,225 - INFO - Skipping weekend date: 2025-12-06 for ICICIPRULI.NS
2025-12-07 18:02:07,225 - INFO - Skipping weekend date: 2025-12-07 for ICICIPRULI.NS
2025-12-07 18:02:07,226 - INFO - Skipping weekend date: 2025-12-06 for IDBI.NS
2025-12-07 18:02:07,226 - INFO - Skipping weekend date: 2025-12-07 for IDBI.NS
2025-12-07 18:02:07,228 - INFO - Skipping weekend date: 2025-12-06 for IDFCFIRSTB.NS
2025-12-07 18:02:07,228 - INFO - Skipping weekend date: 2025-12-07 for IDFCFIRSTB.NS
2025-12-07 18:02:07,229 - INFO - Skipping weekend date: 2025-12-06 for IFCI.NS
2025-12-07 18:02:07,229 - INFO - Skipping weekend date: 2025-12-07 for IFCI.NS
2025-12-07 18:02:07,230 - INFO - Skipping weekend date: 2025-12-06 for IIFL.NS
2025-12-07 18:02:07,230 - INFO - Skipping weekend date: 2025-12-07 for IIFL.NS
2025-12-07 18:02:07,231 - INFO - Skipping weekend date: 2025-12-06 for INOXINDIA.NS
2025-12-07 18:02:07,231 - INFO - Skipping weekend date: 2025-12-07 for INOXINDIA.NS
2025-12-07 18:02:07,232 - INFO - Skipping weekend date: 2025-12-06 for IRB.NS
2025-12-07 18:02:07,232 - INFO - Skipping weekend date: 2025-12-07 for IRB.NS
2025-12-07 18:02:07,233 - INFO - Skipping weekend date: 2025-12-06 for IRCON.NS
2025-12-07 18:02:07,233 - INFO - Skipping weekend date: 2025-12-07 for IRCON.NS
2025-12-07 18:02:07,234 - INFO - Skipping weekend date: 2025-12-06 for ITCHOTELS.NS
2025-12-07 18:02:07,234 - INFO - Skipping weekend date: 2025-12-07 for ITCHOTELS.NS
2025-12-07 18:02:07,235 - INFO - Skipping weekend date: 2025-12-06 for ITC.NS
2025-12-07 18:02:07,235 - INFO - Skipping weekend date: 2025-12-07 for ITC.NS
2025-12-07 18:02:07,236 - INFO - Skipping weekend date: 2025-12-06 for ITI.NS
2025-12-07 18:02:07,236 - INFO - Skipping weekend date: 2025-12-07 for ITI.NS
2025-12-07 18:02:07,238 - INFO - Skipping weekend date: 2025-12-06 for INDGN.NS
2025-12-07 18:02:07,239 - INFO - Skipping weekend date: 2025-12-07 for INDGN.NS
2025-12-07 18:02:07,240 - INFO - Skipping weekend date: 2025-12-06 for INDIACEM.NS
2025-12-07 18:02:07,240 - INFO - Skipping weekend date: 2025-12-07 for INDIACEM.NS
2025-12-07 18:02:07,241 - INFO - Skipping weekend date: 2025-12-06 for INDIAMART.NS
2025-12-07 18:02:07,241 - INFO - Skipping weekend date: 2025-12-07 for INDIAMART.NS
2025-12-07 18:02:07,243 - INFO - Skipping weekend date: 2025-12-06 for INDIANB.NS
2025-12-07 18:02:07,243 - INFO - Skipping weekend date: 2025-12-07 for INDIANB.NS
2025-12-07 18:02:07,246 - INFO - Skipping weekend date: 2025-12-06 for IEX.NS
2025-12-07 18:02:07,246 - INFO - Skipping weekend date: 2025-12-07 for IEX.NS
2025-12-07 18:02:07,247 - INFO - Skipping weekend date: 2025-12-06 for INDHOTEL.NS
2025-12-07 18:02:07,247 - INFO - Skipping weekend date: 2025-12-07 for INDHOTEL.NS
2025-12-07 18:02:07,248 - INFO - Skipping weekend date: 2025-12-06 for IOC.NS
2025-12-07 18:02:07,249 - INFO - Skipping weekend date: 2025-12-07 for IOC.NS
2025-12-07 18:02:07,250 - INFO - Skipping weekend date: 2025-12-06 for IOB.NS
2025-12-07 18:02:07,250 - INFO - Skipping weekend date: 2025-12-07 for IOB.NS
2025-12-07 18:02:07,251 - INFO - Skipping weekend date: 2025-12-06 for IRCTC.NS
2025-12-07 18:02:07,251 - INFO - Skipping weekend date: 2025-12-07 for IRCTC.NS
2025-12-07 18:02:07,252 - INFO - Skipping weekend date: 2025-12-06 for IRFC.NS
2025-12-07 18:02:07,252 - INFO - Skipping weekend date: 2025-12-07 for IRFC.NS
2025-12-07 18:02:07,253 - INFO - Skipping weekend date: 2025-12-06 for IREDA.NS
2025-12-07 18:02:07,253 - INFO - Skipping weekend date: 2025-12-07 for IREDA.NS
2025-12-07 18:02:07,255 - INFO - Skipping weekend date: 2025-12-06 for IGL.NS
2025-12-07 18:02:07,255 - INFO - Skipping weekend date: 2025-12-07 for IGL.NS
2025-12-07 18:02:07,257 - INFO - Skipping weekend date: 2025-12-06 for INDUSTOWER.NS
2025-12-07 18:02:07,257 - INFO - Skipping weekend date: 2025-12-07 for INDUSTOWER.NS
2025-12-07 18:02:07,258 - INFO - Skipping weekend date: 2025-12-06 for INDUSINDBK.NS
2025-12-07 18:02:07,258 - INFO - Skipping weekend date: 2025-12-07 for INDUSINDBK.NS
2025-12-07 18:02:07,259 - INFO - Skipping weekend date: 2025-12-06 for NAUKRI.NS
2025-12-07 18:02:07,260 - INFO - Skipping weekend date: 2025-12-07 for NAUKRI.NS
2025-12-07 18:02:07,260 - INFO - Skipping weekend date: 2025-12-06 for INFY.NS
2025-12-07 18:02:07,261 - INFO - Skipping weekend date: 2025-12-07 for INFY.NS
2025-12-07 18:02:07,262 - INFO - Skipping weekend date: 2025-12-06 for INOXWIND.NS
2025-12-07 18:02:07,262 - INFO - Skipping weekend date: 2025-12-07 for INOXWIND.NS
2025-12-07 18:02:07,263 - INFO - Skipping weekend date: 2025-12-06 for INTELLECT.NS
2025-12-07 18:02:07,263 - INFO - Skipping weekend date: 2025-12-07 for INTELLECT.NS
2025-12-07 18:02:07,264 - INFO - Skipping weekend date: 2025-12-06 for INDIGO.NS
2025-12-07 18:02:07,264 - INFO - Skipping weekend date: 2025-12-07 for INDIGO.NS
2025-12-07 18:02:07,265 - INFO - Skipping weekend date: 2025-12-06 for IGIL.NS
2025-12-07 18:02:07,265 - INFO - Skipping weekend date: 2025-12-07 for IGIL.NS
2025-12-07 18:02:07,266 - INFO - Skipping weekend date: 2025-12-06 for IKS.NS
2025-12-07 18:02:07,266 - INFO - Skipping weekend date: 2025-12-07 for IKS.NS
2025-12-07 18:02:07,267 - INFO - Skipping weekend date: 2025-12-06 for IPCALAB.NS
2025-12-07 18:02:07,267 - INFO - Skipping weekend date: 2025-12-07 for IPCALAB.NS
2025-12-07 18:02:07,268 - INFO - Skipping weekend date: 2025-12-06 for JBCHEPHARM.NS
2025-12-07 18:02:07,268 - INFO - Skipping weekend date: 2025-12-07 for JBCHEPHARM.NS
2025-12-07 18:02:07,269 - INFO - Skipping weekend date: 2025-12-06 for JKCEMENT.NS
2025-12-07 18:02:07,269 - INFO - Skipping weekend date: 2025-12-07 for JKCEMENT.NS
2025-12-07 18:02:07,271 - INFO - Skipping weekend date: 2025-12-06 for JBMA.NS
2025-12-07 18:02:07,272 - INFO - Skipping weekend date: 2025-12-07 for JBMA.NS
2025-12-07 18:02:07,273 - INFO - Skipping weekend date: 2025-12-06 for JKTYRE.NS
2025-12-07 18:02:07,273 - INFO - Skipping weekend date: 2025-12-07 for JKTYRE.NS
2025-12-07 18:02:07,275 - INFO - Skipping weekend date: 2025-12-06 for JMFINANCIL.NS
2025-12-07 18:02:07,275 - INFO - Skipping weekend date: 2025-12-07 for JMFINANCIL.NS
2025-12-07 18:02:07,276 - INFO - Skipping weekend date: 2025-12-06 for JSWENERGY.NS
2025-12-07 18:02:07,276 - INFO - Skipping weekend date: 2025-12-07 for JSWENERGY.NS
2025-12-07 18:02:07,277 - INFO - Skipping weekend date: 2025-12-06 for JSWINFRA.NS
2025-12-07 18:02:07,277 - INFO - Skipping weekend date: 2025-12-07 for JSWINFRA.NS
2025-12-07 18:02:07,278 - INFO - Skipping weekend date: 2025-12-06 for JSWSTEEL.NS
2025-12-07 18:02:07,278 - INFO - Skipping weekend date: 2025-12-07 for JSWSTEEL.NS
2025-12-07 18:02:07,279 - INFO - Skipping weekend date: 2025-12-06 for JPPOWER.NS
2025-12-07 18:02:07,280 - INFO - Skipping weekend date: 2025-12-07 for JPPOWER.NS
2025-12-07 18:02:07,281 - INFO - Skipping weekend date: 2025-12-06 for J&KBANK.NS
2025-12-07 18:02:07,281 - INFO - Skipping weekend date: 2025-12-07 for J&KBANK.NS
2025-12-07 18:02:07,282 - INFO - Skipping weekend date: 2025-12-06 for JINDALSAW.NS
2025-12-07 18:02:07,282 - INFO - Skipping weekend date: 2025-12-07 for JINDALSAW.NS
2025-12-07 18:02:07,283 - INFO - Skipping weekend date: 2025-12-06 for JSL.NS
2025-12-07 18:02:07,283 - INFO - Skipping weekend date: 2025-12-07 for JSL.NS
2025-12-07 18:02:07,284 - INFO - Skipping weekend date: 2025-12-06 for JINDALSTEL.NS
2025-12-07 18:02:07,284 - INFO - Skipping weekend date: 2025-12-07 for JINDALSTEL.NS
2025-12-07 18:02:07,285 - INFO - Skipping weekend date: 2025-12-06 for JIOFIN.NS
2025-12-07 18:02:07,285 - INFO - Skipping weekend date: 2025-12-07 for JIOFIN.NS
2025-12-07 18:02:07,286 - INFO - Skipping weekend date: 2025-12-06 for JUBLFOOD.NS
2025-12-07 18:02:07,286 - INFO - Skipping weekend date: 2025-12-07 for JUBLFOOD.NS
2025-12-07 18:02:07,288 - INFO - Skipping weekend date: 2025-12-06 for JUBLINGREA.NS
2025-12-07 18:02:07,288 - INFO - Skipping weekend date: 2025-12-07 for JUBLINGREA.NS
2025-12-07 18:02:07,290 - INFO - Skipping weekend date: 2025-12-06 for JUBLPHARMA.NS
2025-12-07 18:02:07,290 - INFO - Skipping weekend date: 2025-12-07 for JUBLPHARMA.NS
2025-12-07 18:02:07,291 - INFO - Skipping weekend date: 2025-12-06 for JWL.NS
2025-12-07 18:02:07,292 - INFO - Skipping weekend date: 2025-12-07 for JWL.NS
2025-12-07 18:02:07,293 - INFO - Skipping weekend date: 2025-12-06 for JYOTHYLAB.NS
2025-12-07 18:02:07,293 - INFO - Skipping weekend date: 2025-12-07 for JYOTHYLAB.NS
2025-12-07 18:02:07,294 - INFO - Skipping weekend date: 2025-12-06 for JYOTICNC.NS
2025-12-07 18:02:07,294 - INFO - Skipping weekend date: 2025-12-07 for JYOTICNC.NS
2025-12-07 18:02:07,295 - INFO - Skipping weekend date: 2025-12-06 for KPRMILL.NS
2025-12-07 18:02:07,295 - INFO - Skipping weekend date: 2025-12-07 for KPRMILL.NS
2025-12-07 18:02:07,296 - INFO - Skipping weekend date: 2025-12-06 for KEI.NS
2025-12-07 18:02:07,296 - INFO - Skipping weekend date: 2025-12-07 for KEI.NS
2025-12-07 18:02:07,297 - INFO - Skipping weekend date: 2025-12-06 for KPITTECH.NS
2025-12-07 18:02:07,297 - INFO - Skipping weekend date: 2025-12-07 for KPITTECH.NS
2025-12-07 18:02:07,298 - INFO - Skipping weekend date: 2025-12-06 for KSB.NS
2025-12-07 18:02:07,298 - INFO - Skipping weekend date: 2025-12-07 for KSB.NS
2025-12-07 18:02:07,299 - INFO - Skipping weekend date: 2025-12-06 for KAJARIACER.NS
2025-12-07 18:02:07,299 - INFO - Skipping weekend date: 2025-12-07 for KAJARIACER.NS
2025-12-07 18:02:07,300 - INFO - Skipping weekend date: 2025-12-06 for KPIL.NS
2025-12-07 18:02:07,301 - INFO - Skipping weekend date: 2025-12-07 for KPIL.NS
2025-12-07 18:02:07,301 - INFO - Skipping weekend date: 2025-12-06 for KALYANKJIL.NS
2025-12-07 18:02:07,302 - INFO - Skipping weekend date: 2025-12-07 for KALYANKJIL.NS
2025-12-07 18:02:07,303 - INFO - Skipping weekend date: 2025-12-06 for KARURVYSYA.NS
2025-12-07 18:02:07,303 - INFO - Skipping weekend date: 2025-12-07 for KARURVYSYA.NS
2025-12-07 18:02:07,304 - INFO - Skipping weekend date: 2025-12-06 for KAYNES.NS
2025-12-07 18:02:07,305 - INFO - Skipping weekend date: 2025-12-07 for KAYNES.NS
2025-12-07 18:02:07,306 - INFO - Skipping weekend date: 2025-12-06 for KEC.NS
2025-12-07 18:02:07,307 - INFO - Skipping weekend date: 2025-12-07 for KEC.NS
2025-12-07 18:02:07,308 - INFO - Skipping weekend date: 2025-12-06 for KFINTECH.NS
2025-12-07 18:02:07,308 - INFO - Skipping weekend date: 2025-12-07 for KFINTECH.NS
2025-12-07 18:02:07,309 - INFO - Skipping weekend date: 2025-12-06 for KIRLOSBROS.NS
2025-12-07 18:02:07,309 - INFO - Skipping weekend date: 2025-12-07 for KIRLOSBROS.NS
2025-12-07 18:02:07,310 - INFO - Skipping weekend date: 2025-12-06 for KIRLOSENG.NS
2025-12-07 18:02:07,310 - INFO - Skipping weekend date: 2025-12-07 for KIRLOSENG.NS
2025-12-07 18:02:07,311 - INFO - Skipping weekend date: 2025-12-06 for KOTAKBANK.NS
2025-12-07 18:02:07,312 - INFO - Skipping weekend date: 2025-12-07 for KOTAKBANK.NS
2025-12-07 18:02:07,312 - INFO - Skipping weekend date: 2025-12-06 for KIMS.NS
2025-12-07 18:02:07,313 - INFO - Skipping weekend date: 2025-12-07 for KIMS.NS
2025-12-07 18:02:07,314 - INFO - Skipping weekend date: 2025-12-06 for LTF.NS
2025-12-07 18:02:07,314 - INFO - Skipping weekend date: 2025-12-07 for LTF.NS
2025-12-07 18:02:07,315 - INFO - Skipping weekend date: 2025-12-06 for LTTS.NS
2025-12-07 18:02:07,315 - INFO - Skipping weekend date: 2025-12-07 for LTTS.NS
2025-12-07 18:02:07,316 - INFO - Skipping weekend date: 2025-12-06 for LICHSGFIN.NS
2025-12-07 18:02:07,316 - INFO - Skipping weekend date: 2025-12-07 for LICHSGFIN.NS
2025-12-07 18:02:07,317 - INFO - Skipping weekend date: 2025-12-06 for LTFOODS.NS
2025-12-07 18:02:07,317 - INFO - Skipping weekend date: 2025-12-07 for LTFOODS.NS
2025-12-07 18:02:07,318 - INFO - Skipping weekend date: 2025-12-06 for LTIM.NS
2025-12-07 18:02:07,318 - INFO - Skipping weekend date: 2025-12-07 for LTIM.NS
2025-12-07 18:02:07,319 - INFO - Skipping weekend date: 2025-12-06 for LT.NS
2025-12-07 18:02:07,319 - INFO - Skipping weekend date: 2025-12-07 for LT.NS
2025-12-07 18:02:07,323 - INFO - Skipping weekend date: 2025-12-06 for LATENTVIEW.NS
2025-12-07 18:02:07,323 - INFO - Skipping weekend date: 2025-12-07 for LATENTVIEW.NS
2025-12-07 18:02:07,327 - INFO - Skipping weekend date: 2025-12-06 for LAURUSLABS.NS
2025-12-07 18:02:07,327 - INFO - Skipping weekend date: 2025-12-07 for LAURUSLABS.NS
2025-12-07 18:02:07,329 - INFO - Skipping weekend date: 2025-12-06 for THELEELA.NS
2025-12-07 18:02:07,329 - INFO - Skipping weekend date: 2025-12-07 for THELEELA.NS
2025-12-07 18:02:07,330 - INFO - Skipping weekend date: 2025-12-06 for LEMONTREE.NS
2025-12-07 18:02:07,330 - INFO - Skipping weekend date: 2025-12-07 for LEMONTREE.NS
2025-12-07 18:02:07,331 - INFO - Skipping weekend date: 2025-12-06 for LICI.NS
2025-12-07 18:02:07,332 - INFO - Skipping weekend date: 2025-12-07 for LICI.NS
2025-12-07 18:02:07,333 - INFO - Skipping weekend date: 2025-12-06 for LINDEINDIA.NS
2025-12-07 18:02:07,333 - INFO - Skipping weekend date: 2025-12-07 for LINDEINDIA.NS
2025-12-07 18:02:07,334 - INFO - Skipping weekend date: 2025-12-06 for LLOYDSME.NS
2025-12-07 18:02:07,334 - INFO - Skipping weekend date: 2025-12-07 for LLOYDSME.NS
2025-12-07 18:02:07,335 - INFO - Skipping weekend date: 2025-12-06 for LODHA.NS
2025-12-07 18:02:07,335 - INFO - Skipping weekend date: 2025-12-07 for LODHA.NS
2025-12-07 18:02:07,336 - INFO - Skipping weekend date: 2025-12-06 for LUPIN.NS
2025-12-07 18:02:07,336 - INFO - Skipping weekend date: 2025-12-07 for LUPIN.NS
2025-12-07 18:02:07,339 - INFO - Skipping weekend date: 2025-12-06 for MMTC.NS
2025-12-07 18:02:07,339 - INFO - Skipping weekend date: 2025-12-07 for MMTC.NS
2025-12-07 18:02:07,340 - INFO - Skipping weekend date: 2025-12-06 for MRF.NS
2025-12-07 18:02:07,341 - INFO - Skipping weekend date: 2025-12-07 for MRF.NS
2025-12-07 18:02:07,342 - INFO - Skipping weekend date: 2025-12-06 for MGL.NS
2025-12-07 18:02:07,343 - INFO - Skipping weekend date: 2025-12-07 for MGL.NS
2025-12-07 18:02:07,344 - INFO - Skipping weekend date: 2025-12-06 for MAHSCOOTER.NS
2025-12-07 18:02:07,344 - INFO - Skipping weekend date: 2025-12-07 for MAHSCOOTER.NS
2025-12-07 18:02:07,345 - INFO - Skipping weekend date: 2025-12-06 for MAHSEAMLES.NS
2025-12-07 18:02:07,345 - INFO - Skipping weekend date: 2025-12-07 for MAHSEAMLES.NS
2025-12-07 18:02:07,346 - INFO - Skipping weekend date: 2025-12-06 for M&MFIN.NS
2025-12-07 18:02:07,346 - INFO - Skipping weekend date: 2025-12-07 for M&MFIN.NS
2025-12-07 18:02:07,347 - INFO - Skipping weekend date: 2025-12-06 for M&M.NS
2025-12-07 18:02:07,347 - INFO - Skipping weekend date: 2025-12-07 for M&M.NS
2025-12-07 18:02:07,348 - INFO - Skipping weekend date: 2025-12-06 for MANAPPURAM.NS
2025-12-07 18:02:07,348 - INFO - Skipping weekend date: 2025-12-07 for MANAPPURAM.NS
2025-12-07 18:02:07,349 - INFO - Skipping weekend date: 2025-12-06 for MRPL.NS
2025-12-07 18:02:07,350 - INFO - Skipping weekend date: 2025-12-07 for MRPL.NS
2025-12-07 18:02:07,351 - INFO - Skipping weekend date: 2025-12-06 for MANKIND.NS
2025-12-07 18:02:07,351 - INFO - Skipping weekend date: 2025-12-07 for MANKIND.NS
2025-12-07 18:02:07,352 - INFO - Skipping weekend date: 2025-12-06 for MARICO.NS
2025-12-07 18:02:07,352 - INFO - Skipping weekend date: 2025-12-07 for MARICO.NS
2025-12-07 18:02:07,355 - INFO - Skipping weekend date: 2025-12-06 for MARUTI.NS
2025-12-07 18:02:07,355 - INFO - Skipping weekend date: 2025-12-07 for MARUTI.NS
2025-12-07 18:02:07,358 - INFO - Skipping weekend date: 2025-12-06 for MFSL.NS
2025-12-07 18:02:07,358 - INFO - Skipping weekend date: 2025-12-07 for MFSL.NS
2025-12-07 18:02:07,359 - INFO - Skipping weekend date: 2025-12-06 for MAXHEALTH.NS
2025-12-07 18:02:07,359 - INFO - Skipping weekend date: 2025-12-07 for MAXHEALTH.NS
2025-12-07 18:02:07,360 - INFO - Skipping weekend date: 2025-12-06 for MAZDOCK.NS
2025-12-07 18:02:07,360 - INFO - Skipping weekend date: 2025-12-07 for MAZDOCK.NS
2025-12-07 18:02:07,361 - INFO - Skipping weekend date: 2025-12-06 for METROPOLIS.NS
2025-12-07 18:02:07,362 - INFO - Skipping weekend date: 2025-12-07 for METROPOLIS.NS
2025-12-07 18:02:07,362 - INFO - Skipping weekend date: 2025-12-06 for MINDACORP.NS
2025-12-07 18:02:07,363 - INFO - Skipping weekend date: 2025-12-07 for MINDACORP.NS
2025-12-07 18:02:07,364 - INFO - Skipping weekend date: 2025-12-06 for MSUMI.NS
2025-12-07 18:02:07,364 - INFO - Skipping weekend date: 2025-12-07 for MSUMI.NS
2025-12-07 18:02:07,365 - INFO - Skipping weekend date: 2025-12-06 for MOTILALOFS.NS
2025-12-07 18:02:07,365 - INFO - Skipping weekend date: 2025-12-07 for MOTILALOFS.NS
2025-12-07 18:02:07,366 - INFO - Skipping weekend date: 2025-12-06 for MPHASIS.NS
2025-12-07 18:02:07,366 - INFO - Skipping weekend date: 2025-12-07 for MPHASIS.NS
2025-12-07 18:02:07,367 - INFO - Skipping weekend date: 2025-12-06 for MCX.NS
2025-12-07 18:02:07,367 - INFO - Skipping weekend date: 2025-12-07 for MCX.NS
2025-12-07 18:02:07,368 - INFO - Skipping weekend date: 2025-12-06 for MUTHOOTFIN.NS
2025-12-07 18:02:07,369 - INFO - Skipping weekend date: 2025-12-07 for MUTHOOTFIN.NS
2025-12-07 18:02:07,370 - INFO - Skipping weekend date: 2025-12-06 for NATCOPHARM.NS
2025-12-07 18:02:07,370 - INFO - Skipping weekend date: 2025-12-07 for NATCOPHARM.NS
2025-12-07 18:02:07,372 - INFO - Skipping weekend date: 2025-12-06 for NBCC.NS
2025-12-07 18:02:07,372 - INFO - Skipping weekend date: 2025-12-07 for NBCC.NS
2025-12-07 18:02:07,374 - INFO - Skipping weekend date: 2025-12-06 for NCC.NS
2025-12-07 18:02:07,374 - INFO - Skipping weekend date: 2025-12-07 for NCC.NS
2025-12-07 18:02:07,375 - INFO - Skipping weekend date: 2025-12-06 for NHPC.NS
2025-12-07 18:02:07,375 - INFO - Skipping weekend date: 2025-12-07 for NHPC.NS
2025-12-07 18:02:07,376 - INFO - Skipping weekend date: 2025-12-06 for NLCINDIA.NS
2025-12-07 18:02:07,376 - INFO - Skipping weekend date: 2025-12-07 for NLCINDIA.NS
2025-12-07 18:02:07,377 - INFO - Skipping weekend date: 2025-12-06 for NMDC.NS
2025-12-07 18:02:07,377 - INFO - Skipping weekend date: 2025-12-07 for NMDC.NS
2025-12-07 18:02:07,378 - INFO - Skipping weekend date: 2025-12-06 for NSLNISP.NS
2025-12-07 18:02:07,379 - INFO - Skipping weekend date: 2025-12-07 for NSLNISP.NS
2025-12-07 18:02:07,379 - INFO - Skipping weekend date: 2025-12-06 for NTPCGREEN.NS
2025-12-07 18:02:07,380 - INFO - Skipping weekend date: 2025-12-07 for NTPCGREEN.NS
2025-12-07 18:02:07,380 - INFO - Skipping weekend date: 2025-12-06 for NTPC.NS
2025-12-07 18:02:07,381 - INFO - Skipping weekend date: 2025-12-07 for NTPC.NS
2025-12-07 18:02:07,381 - INFO - Skipping weekend date: 2025-12-06 for NH.NS
2025-12-07 18:02:07,382 - INFO - Skipping weekend date: 2025-12-07 for NH.NS
2025-12-07 18:02:07,382 - INFO - Skipping weekend date: 2025-12-06 for NATIONALUM.NS
2025-12-07 18:02:07,383 - INFO - Skipping weekend date: 2025-12-07 for NATIONALUM.NS
2025-12-07 18:02:07,384 - INFO - Skipping weekend date: 2025-12-06 for NAVA.NS
2025-12-07 18:02:07,384 - INFO - Skipping weekend date: 2025-12-07 for NAVA.NS
2025-12-07 18:02:07,385 - INFO - Skipping weekend date: 2025-12-06 for NAVINFLUOR.NS
2025-12-07 18:02:07,385 - INFO - Skipping weekend date: 2025-12-07 for NAVINFLUOR.NS
2025-12-07 18:02:07,386 - INFO - Skipping weekend date: 2025-12-06 for NESTLEIND.NS
2025-12-07 18:02:07,386 - INFO - Skipping weekend date: 2025-12-07 for NESTLEIND.NS
2025-12-07 18:02:07,388 - INFO - Skipping weekend date: 2025-12-06 for NETWEB.NS
2025-12-07 18:02:07,388 - INFO - Skipping weekend date: 2025-12-07 for NETWEB.NS
2025-12-07 18:02:07,390 - INFO - Skipping weekend date: 2025-12-06 for NEULANDLAB.NS
2025-12-07 18:02:07,390 - INFO - Skipping weekend date: 2025-12-07 for NEULANDLAB.NS
2025-12-07 18:02:07,391 - INFO - Skipping weekend date: 2025-12-06 for NEWGEN.NS
2025-12-07 18:02:07,391 - INFO - Skipping weekend date: 2025-12-07 for NEWGEN.NS
2025-12-07 18:02:07,392 - INFO - Skipping weekend date: 2025-12-06 for NAM-INDIA.NS
2025-12-07 18:02:07,393 - INFO - Skipping weekend date: 2025-12-07 for NAM-INDIA.NS
2025-12-07 18:02:07,393 - INFO - Skipping weekend date: 2025-12-06 for NIVABUPA.NS
2025-12-07 18:02:07,394 - INFO - Skipping weekend date: 2025-12-07 for NIVABUPA.NS
2025-12-07 18:02:07,395 - INFO - Skipping weekend date: 2025-12-06 for NUVAMA.NS
2025-12-07 18:02:07,395 - INFO - Skipping weekend date: 2025-12-07 for NUVAMA.NS
2025-12-07 18:02:07,396 - INFO - Skipping weekend date: 2025-12-06 for NUVOCO.NS
2025-12-07 18:02:07,396 - INFO - Skipping weekend date: 2025-12-07 for NUVOCO.NS
2025-12-07 18:02:07,397 - INFO - Skipping weekend date: 2025-12-06 for OBEROIRLTY.NS
2025-12-07 18:02:07,397 - INFO - Skipping weekend date: 2025-12-07 for OBEROIRLTY.NS
2025-12-07 18:02:07,398 - INFO - Skipping weekend date: 2025-12-06 for ONGC.NS
2025-12-07 18:02:07,398 - INFO - Skipping weekend date: 2025-12-07 for ONGC.NS
2025-12-07 18:02:07,399 - INFO - Skipping weekend date: 2025-12-06 for OIL.NS
2025-12-07 18:02:07,399 - INFO - Skipping weekend date: 2025-12-07 for OIL.NS
2025-12-07 18:02:07,400 - INFO - Skipping weekend date: 2025-12-06 for OLAELEC.NS
2025-12-07 18:02:07,401 - INFO - Skipping weekend date: 2025-12-07 for OLAELEC.NS
2025-12-07 18:02:07,402 - INFO - Skipping weekend date: 2025-12-06 for OLECTRA.NS
2025-12-07 18:02:07,403 - INFO - Skipping weekend date: 2025-12-07 for OLECTRA.NS
2025-12-07 18:02:07,406 - INFO - Skipping weekend date: 2025-12-06 for PAYTM.NS
2025-12-07 18:02:07,406 - INFO - Skipping weekend date: 2025-12-07 for PAYTM.NS
2025-12-07 18:02:07,408 - INFO - Skipping weekend date: 2025-12-06 for ONESOURCE.NS
2025-12-07 18:02:07,408 - INFO - Skipping weekend date: 2025-12-07 for ONESOURCE.NS
2025-12-07 18:02:07,409 - INFO - Skipping weekend date: 2025-12-06 for OFSS.NS
2025-12-07 18:02:07,409 - INFO - Skipping weekend date: 2025-12-07 for OFSS.NS
2025-12-07 18:02:07,410 - INFO - Skipping weekend date: 2025-12-06 for POLICYBZR.NS
2025-12-07 18:02:07,410 - INFO - Skipping weekend date: 2025-12-07 for POLICYBZR.NS
2025-12-07 18:02:07,411 - INFO - Skipping weekend date: 2025-12-06 for PCBL.NS
2025-12-07 18:02:07,411 - INFO - Skipping weekend date: 2025-12-07 for PCBL.NS
2025-12-07 18:02:07,412 - INFO - Skipping weekend date: 2025-12-06 for PGEL.NS
2025-12-07 18:02:07,412 - INFO - Skipping weekend date: 2025-12-07 for PGEL.NS
2025-12-07 18:02:07,413 - INFO - Skipping weekend date: 2025-12-06 for PIIND.NS
2025-12-07 18:02:07,413 - INFO - Skipping weekend date: 2025-12-07 for PIIND.NS
2025-12-07 18:02:07,414 - INFO - Skipping weekend date: 2025-12-06 for PNBHOUSING.NS
2025-12-07 18:02:07,415 - INFO - Skipping weekend date: 2025-12-07 for PNBHOUSING.NS
2025-12-07 18:02:07,416 - INFO - Skipping weekend date: 2025-12-06 for PTCIL.NS
2025-12-07 18:02:07,416 - INFO - Skipping weekend date: 2025-12-07 for PTCIL.NS
2025-12-07 18:02:07,417 - INFO - Skipping weekend date: 2025-12-06 for PVRINOX.NS
2025-12-07 18:02:07,417 - INFO - Skipping weekend date: 2025-12-07 for PVRINOX.NS
2025-12-07 18:02:07,418 - INFO - Skipping weekend date: 2025-12-06 for PAGEIND.NS
2025-12-07 18:02:07,418 - INFO - Skipping weekend date: 2025-12-07 for PAGEIND.NS
2025-12-07 18:02:07,419 - INFO - Skipping weekend date: 2025-12-06 for PATANJALI.NS
2025-12-07 18:02:07,419 - INFO - Skipping weekend date: 2025-12-07 for PATANJALI.NS
2025-12-07 18:02:07,421 - INFO - Skipping weekend date: 2025-12-06 for PERSISTENT.NS
2025-12-07 18:02:07,421 - INFO - Skipping weekend date: 2025-12-07 for PERSISTENT.NS
2025-12-07 18:02:07,423 - INFO - Skipping weekend date: 2025-12-06 for PETRONET.NS
2025-12-07 18:02:07,423 - INFO - Skipping weekend date: 2025-12-07 for PETRONET.NS
2025-12-07 18:02:07,424 - INFO - Skipping weekend date: 2025-12-06 for PFIZER.NS
2025-12-07 18:02:07,425 - INFO - Skipping weekend date: 2025-12-07 for PFIZER.NS
2025-12-07 18:02:07,426 - INFO - Skipping weekend date: 2025-12-06 for PHOENIXLTD.NS
2025-12-07 18:02:07,426 - INFO - Skipping weekend date: 2025-12-07 for PHOENIXLTD.NS
2025-12-07 18:02:07,427 - INFO - Skipping weekend date: 2025-12-06 for PIDILITIND.NS
2025-12-07 18:02:07,427 - INFO - Skipping weekend date: 2025-12-07 for PIDILITIND.NS
2025-12-07 18:02:07,428 - INFO - Skipping weekend date: 2025-12-06 for PPLPHARMA.NS
2025-12-07 18:02:07,428 - INFO - Skipping weekend date: 2025-12-07 for PPLPHARMA.NS
2025-12-07 18:02:07,429 - INFO - Skipping weekend date: 2025-12-06 for POLYMED.NS
2025-12-07 18:02:07,429 - INFO - Skipping weekend date: 2025-12-07 for POLYMED.NS
2025-12-07 18:02:07,431 - INFO - Skipping weekend date: 2025-12-06 for POLYCAB.NS
2025-12-07 18:02:07,431 - INFO - Skipping weekend date: 2025-12-07 for POLYCAB.NS
2025-12-07 18:02:07,432 - INFO - Skipping weekend date: 2025-12-06 for POONAWALLA.NS
2025-12-07 18:02:07,432 - INFO - Skipping weekend date: 2025-12-07 for POONAWALLA.NS
2025-12-07 18:02:07,433 - INFO - Skipping weekend date: 2025-12-06 for PFC.NS
2025-12-07 18:02:07,433 - INFO - Skipping weekend date: 2025-12-07 for PFC.NS
2025-12-07 18:02:07,434 - INFO - Skipping weekend date: 2025-12-06 for POWERGRID.NS
2025-12-07 18:02:07,435 - INFO - Skipping weekend date: 2025-12-07 for POWERGRID.NS
2025-12-07 18:02:07,436 - INFO - Skipping weekend date: 2025-12-06 for PRAJIND.NS
2025-12-07 18:02:07,436 - INFO - Skipping weekend date: 2025-12-07 for PRAJIND.NS
2025-12-07 18:02:07,437 - INFO - Skipping weekend date: 2025-12-06 for PREMIERENE.NS
2025-12-07 18:02:07,438 - INFO - Skipping weekend date: 2025-12-07 for PREMIERENE.NS
2025-12-07 18:02:07,439 - INFO - Skipping weekend date: 2025-12-06 for PRESTIGE.NS
2025-12-07 18:02:07,439 - INFO - Skipping weekend date: 2025-12-07 for PRESTIGE.NS
2025-12-07 18:02:07,440 - INFO - Skipping weekend date: 2025-12-06 for PGHH.NS
2025-12-07 18:02:07,440 - INFO - Skipping weekend date: 2025-12-07 for PGHH.NS
2025-12-07 18:02:07,442 - INFO - Skipping weekend date: 2025-12-06 for PNB.NS
2025-12-07 18:02:07,442 - INFO - Skipping weekend date: 2025-12-07 for PNB.NS
2025-12-07 18:02:07,443 - INFO - Skipping weekend date: 2025-12-06 for RRKABEL.NS
2025-12-07 18:02:07,443 - INFO - Skipping weekend date: 2025-12-07 for RRKABEL.NS
2025-12-07 18:02:07,444 - INFO - Skipping weekend date: 2025-12-06 for RBLBANK.NS
2025-12-07 18:02:07,444 - INFO - Skipping weekend date: 2025-12-07 for RBLBANK.NS
2025-12-07 18:02:07,445 - INFO - Skipping weekend date: 2025-12-06 for RECLTD.NS
2025-12-07 18:02:07,445 - INFO - Skipping weekend date: 2025-12-07 for RECLTD.NS
2025-12-07 18:02:07,446 - INFO - Skipping weekend date: 2025-12-06 for RHIM.NS
2025-12-07 18:02:07,446 - INFO - Skipping weekend date: 2025-12-07 for RHIM.NS
2025-12-07 18:02:07,447 - INFO - Skipping weekend date: 2025-12-06 for RITES.NS
2025-12-07 18:02:07,447 - INFO - Skipping weekend date: 2025-12-07 for RITES.NS
2025-12-07 18:02:07,448 - INFO - Skipping weekend date: 2025-12-06 for RADICO.NS
2025-12-07 18:02:07,449 - INFO - Skipping weekend date: 2025-12-07 for RADICO.NS
2025-12-07 18:02:07,450 - INFO - Skipping weekend date: 2025-12-06 for RVNL.NS
2025-12-07 18:02:07,450 - INFO - Skipping weekend date: 2025-12-07 for RVNL.NS
2025-12-07 18:02:07,451 - INFO - Skipping weekend date: 2025-12-06 for RAILTEL.NS
2025-12-07 18:02:07,451 - INFO - Skipping weekend date: 2025-12-07 for RAILTEL.NS
2025-12-07 18:02:07,452 - INFO - Skipping weekend date: 2025-12-06 for RAINBOW.NS
2025-12-07 18:02:07,452 - INFO - Skipping weekend date: 2025-12-07 for RAINBOW.NS
2025-12-07 18:02:07,453 - INFO - Skipping weekend date: 2025-12-06 for RKFORGE.NS
2025-12-07 18:02:07,453 - INFO - Skipping weekend date: 2025-12-07 for RKFORGE.NS
2025-12-07 18:02:07,455 - INFO - Skipping weekend date: 2025-12-06 for RCF.NS
2025-12-07 18:02:07,456 - INFO - Skipping weekend date: 2025-12-07 for RCF.NS
2025-12-07 18:02:07,457 - INFO - Skipping weekend date: 2025-12-06 for REDINGTON.NS
2025-12-07 18:02:07,457 - INFO - Skipping weekend date: 2025-12-07 for REDINGTON.NS
2025-12-07 18:02:07,458 - INFO - Skipping weekend date: 2025-12-06 for RELIANCE.NS
2025-12-07 18:02:07,458 - INFO - Skipping weekend date: 2025-12-07 for RELIANCE.NS
2025-12-07 18:02:07,459 - INFO - Skipping weekend date: 2025-12-06 for RELINFRA.NS
2025-12-07 18:02:07,459 - INFO - Skipping weekend date: 2025-12-07 for RELINFRA.NS
2025-12-07 18:02:07,460 - INFO - Skipping weekend date: 2025-12-06 for RPOWER.NS
2025-12-07 18:02:07,461 - INFO - Skipping weekend date: 2025-12-07 for RPOWER.NS
2025-12-07 18:02:07,462 - INFO - Skipping weekend date: 2025-12-06 for SBFC.NS
2025-12-07 18:02:07,462 - INFO - Skipping weekend date: 2025-12-07 for SBFC.NS
2025-12-07 18:02:07,463 - INFO - Skipping weekend date: 2025-12-06 for SBICARD.NS
2025-12-07 18:02:07,463 - INFO - Skipping weekend date: 2025-12-07 for SBICARD.NS
2025-12-07 18:02:07,464 - INFO - Skipping weekend date: 2025-12-06 for SBILIFE.NS
2025-12-07 18:02:07,464 - INFO - Skipping weekend date: 2025-12-07 for SBILIFE.NS
2025-12-07 18:02:07,465 - INFO - Skipping weekend date: 2025-12-06 for SJVN.NS
2025-12-07 18:02:07,465 - INFO - Skipping weekend date: 2025-12-07 for SJVN.NS
2025-12-07 18:02:07,466 - INFO - Skipping weekend date: 2025-12-06 for SKFINDUS.NS
2025-12-07 18:02:07,466 - INFO - Skipping weekend date: 2025-12-07 for SKFINDUS.NS
2025-12-07 18:02:07,467 - INFO - Skipping weekend date: 2025-12-06 for SKFINDIA.NS
2025-12-07 18:02:07,467 - INFO - Skipping weekend date: 2025-12-07 for SKFINDIA.NS
2025-12-07 18:02:07,468 - INFO - Skipping weekend date: 2025-12-06 for SRF.NS
2025-12-07 18:02:07,468 - INFO - Skipping weekend date: 2025-12-07 for SRF.NS
2025-12-07 18:02:07,469 - INFO - Skipping weekend date: 2025-12-06 for SAGILITY.NS
2025-12-07 18:02:07,469 - INFO - Skipping weekend date: 2025-12-07 for SAGILITY.NS
2025-12-07 18:02:07,472 - INFO - Skipping weekend date: 2025-12-06 for SAILIFE.NS
2025-12-07 18:02:07,472 - INFO - Skipping weekend date: 2025-12-07 for SAILIFE.NS
2025-12-07 18:02:07,474 - INFO - Skipping weekend date: 2025-12-06 for SAMMAANCAP.NS
2025-12-07 18:02:07,474 - INFO - Skipping weekend date: 2025-12-07 for SAMMAANCAP.NS
2025-12-07 18:02:07,476 - INFO - Skipping weekend date: 2025-12-06 for MOTHERSON.NS
2025-12-07 18:02:07,476 - INFO - Skipping weekend date: 2025-12-07 for MOTHERSON.NS
2025-12-07 18:02:07,478 - INFO - Skipping weekend date: 2025-12-06 for SAPPHIRE.NS
2025-12-07 18:02:07,478 - INFO - Skipping weekend date: 2025-12-07 for SAPPHIRE.NS
2025-12-07 18:02:07,481 - INFO - Skipping weekend date: 2025-12-06 for SARDAEN.NS
2025-12-07 18:02:07,481 - INFO - Skipping weekend date: 2025-12-07 for SARDAEN.NS
2025-12-07 18:02:07,482 - INFO - Skipping weekend date: 2025-12-06 for SAREGAMA.NS
2025-12-07 18:02:07,482 - INFO - Skipping weekend date: 2025-12-07 for SAREGAMA.NS
2025-12-07 18:02:07,483 - INFO - Skipping weekend date: 2025-12-06 for SCHAEFFLER.NS
2025-12-07 18:02:07,483 - INFO - Skipping weekend date: 2025-12-07 for SCHAEFFLER.NS
2025-12-07 18:02:07,485 - INFO - Skipping weekend date: 2025-12-06 for SCHNEIDER.NS
2025-12-07 18:02:07,485 - INFO - Skipping weekend date: 2025-12-07 for SCHNEIDER.NS
2025-12-07 18:02:07,486 - INFO - Skipping weekend date: 2025-12-06 for SCI.NS
2025-12-07 18:02:07,486 - INFO - Skipping weekend date: 2025-12-07 for SCI.NS
2025-12-07 18:02:07,488 - INFO - Skipping weekend date: 2025-12-06 for SHREECEM.NS
2025-12-07 18:02:07,489 - INFO - Skipping weekend date: 2025-12-07 for SHREECEM.NS
2025-12-07 18:02:07,490 - INFO - Skipping weekend date: 2025-12-06 for SHRIRAMFIN.NS
2025-12-07 18:02:07,490 - INFO - Skipping weekend date: 2025-12-07 for SHRIRAMFIN.NS
2025-12-07 18:02:07,492 - INFO - Skipping weekend date: 2025-12-06 for SHYAMMETL.NS
2025-12-07 18:02:07,492 - INFO - Skipping weekend date: 2025-12-07 for SHYAMMETL.NS
2025-12-07 18:02:07,493 - INFO - Skipping weekend date: 2025-12-06 for ENRIN.NS
2025-12-07 18:02:07,493 - INFO - Skipping weekend date: 2025-12-07 for ENRIN.NS
2025-12-07 18:02:07,494 - INFO - Skipping weekend date: 2025-12-06 for SIEMENS.NS
2025-12-07 18:02:07,495 - INFO - Skipping weekend date: 2025-12-07 for SIEMENS.NS
2025-12-07 18:02:07,496 - INFO - Skipping weekend date: 2025-12-06 for SIGNATURE.NS
2025-12-07 18:02:07,496 - INFO - Skipping weekend date: 2025-12-07 for SIGNATURE.NS
2025-12-07 18:02:07,497 - INFO - Skipping weekend date: 2025-12-06 for SOBHA.NS
2025-12-07 18:02:07,497 - INFO - Skipping weekend date: 2025-12-07 for SOBHA.NS
2025-12-07 18:02:07,498 - INFO - Skipping weekend date: 2025-12-06 for SOLARINDS.NS
2025-12-07 18:02:07,498 - INFO - Skipping weekend date: 2025-12-07 for SOLARINDS.NS
2025-12-07 18:02:07,499 - INFO - Skipping weekend date: 2025-12-06 for SONACOMS.NS
2025-12-07 18:02:07,499 - INFO - Skipping weekend date: 2025-12-07 for SONACOMS.NS
2025-12-07 18:02:07,500 - INFO - Skipping weekend date: 2025-12-06 for SONATSOFTW.NS
2025-12-07 18:02:07,500 - INFO - Skipping weekend date: 2025-12-07 for SONATSOFTW.NS
2025-12-07 18:02:07,502 - INFO - Skipping weekend date: 2025-12-06 for STARHEALTH.NS
2025-12-07 18:02:07,502 - INFO - Skipping weekend date: 2025-12-07 for STARHEALTH.NS
2025-12-07 18:02:07,503 - INFO - Skipping weekend date: 2025-12-06 for SBIN.NS
2025-12-07 18:02:07,503 - INFO - Skipping weekend date: 2025-12-07 for SBIN.NS
2025-12-07 18:02:07,505 - INFO - Skipping weekend date: 2025-12-06 for SAIL.NS
2025-12-07 18:02:07,505 - INFO - Skipping weekend date: 2025-12-07 for SAIL.NS
2025-12-07 18:02:07,507 - INFO - Skipping weekend date: 2025-12-06 for SUMICHEM.NS
2025-12-07 18:02:07,507 - INFO - Skipping weekend date: 2025-12-07 for SUMICHEM.NS
2025-12-07 18:02:07,508 - INFO - Skipping weekend date: 2025-12-06 for SUNPHARMA.NS
2025-12-07 18:02:07,509 - INFO - Skipping weekend date: 2025-12-07 for SUNPHARMA.NS
2025-12-07 18:02:07,510 - INFO - Skipping weekend date: 2025-12-06 for SUNTV.NS
2025-12-07 18:02:07,510 - INFO - Skipping weekend date: 2025-12-07 for SUNTV.NS
2025-12-07 18:02:07,511 - INFO - Skipping weekend date: 2025-12-06 for SUNDARMFIN.NS
2025-12-07 18:02:07,511 - INFO - Skipping weekend date: 2025-12-07 for SUNDARMFIN.NS
2025-12-07 18:02:07,512 - INFO - Skipping weekend date: 2025-12-06 for SUNDRMFAST.NS
2025-12-07 18:02:07,512 - INFO - Skipping weekend date: 2025-12-07 for SUNDRMFAST.NS
2025-12-07 18:02:07,513 - INFO - Skipping weekend date: 2025-12-06 for SUPREMEIND.NS
2025-12-07 18:02:07,513 - INFO - Skipping weekend date: 2025-12-07 for SUPREMEIND.NS
2025-12-07 18:02:07,514 - INFO - Skipping weekend date: 2025-12-06 for SUZLON.NS
2025-12-07 18:02:07,514 - INFO - Skipping weekend date: 2025-12-07 for SUZLON.NS
2025-12-07 18:02:07,515 - INFO - Skipping weekend date: 2025-12-06 for SWANCORP.NS
2025-12-07 18:02:07,515 - INFO - Skipping weekend date: 2025-12-07 for SWANCORP.NS
2025-12-07 18:02:07,516 - INFO - Skipping weekend date: 2025-12-06 for SWIGGY.NS
2025-12-07 18:02:07,516 - INFO - Skipping weekend date: 2025-12-07 for SWIGGY.NS
2025-12-07 18:02:07,517 - INFO - Skipping weekend date: 2025-12-06 for SYNGENE.NS
2025-12-07 18:02:07,517 - INFO - Skipping weekend date: 2025-12-07 for SYNGENE.NS
2025-12-07 18:02:07,518 - INFO - Skipping weekend date: 2025-12-06 for SYRMA.NS
2025-12-07 18:02:07,518 - INFO - Skipping weekend date: 2025-12-07 for SYRMA.NS
2025-12-07 18:02:07,519 - INFO - Skipping weekend date: 2025-12-06 for TBOTEK.NS
2025-12-07 18:02:07,519 - INFO - Skipping weekend date: 2025-12-07 for TBOTEK.NS
2025-12-07 18:02:07,521 - INFO - Skipping weekend date: 2025-12-06 for TVSMOTOR.NS
2025-12-07 18:02:07,521 - INFO - Skipping weekend date: 2025-12-07 for TVSMOTOR.NS
2025-12-07 18:02:07,522 - INFO - Skipping weekend date: 2025-12-06 for TATACHEM.NS
2025-12-07 18:02:07,522 - INFO - Skipping weekend date: 2025-12-07 for TATACHEM.NS
2025-12-07 18:02:07,524 - INFO - Skipping weekend date: 2025-12-06 for TATACOMM.NS
2025-12-07 18:02:07,524 - INFO - Skipping weekend date: 2025-12-07 for TATACOMM.NS
2025-12-07 18:02:07,525 - INFO - Skipping weekend date: 2025-12-06 for TCS.NS
2025-12-07 18:02:07,525 - INFO - Skipping weekend date: 2025-12-07 for TCS.NS
2025-12-07 18:02:07,526 - INFO - Skipping weekend date: 2025-12-06 for TATACONSUM.NS
2025-12-07 18:02:07,526 - INFO - Skipping weekend date: 2025-12-07 for TATACONSUM.NS
2025-12-07 18:02:07,527 - INFO - Skipping weekend date: 2025-12-06 for TATAELXSI.NS
2025-12-07 18:02:07,527 - INFO - Skipping weekend date: 2025-12-07 for TATAELXSI.NS
2025-12-07 18:02:07,528 - INFO - Skipping weekend date: 2025-12-06 for TATAINVEST.NS
2025-12-07 18:02:07,528 - INFO - Skipping weekend date: 2025-12-07 for TATAINVEST.NS
2025-12-07 18:02:07,529 - INFO - Skipping weekend date: 2025-12-06 for TMPV.NS
2025-12-07 18:02:07,529 - INFO - Skipping weekend date: 2025-12-07 for TMPV.NS
2025-12-07 18:02:07,530 - INFO - Skipping weekend date: 2025-12-06 for TATAPOWER.NS
2025-12-07 18:02:07,530 - INFO - Skipping weekend date: 2025-12-07 for TATAPOWER.NS
2025-12-07 18:02:07,531 - INFO - Skipping weekend date: 2025-12-06 for TATASTEEL.NS
2025-12-07 18:02:07,531 - INFO - Skipping weekend date: 2025-12-07 for TATASTEEL.NS
2025-12-07 18:02:07,532 - INFO - Skipping weekend date: 2025-12-06 for TATATECH.NS
2025-12-07 18:02:07,532 - INFO - Skipping weekend date: 2025-12-07 for TATATECH.NS
2025-12-07 18:02:07,533 - INFO - Skipping weekend date: 2025-12-06 for TTML.NS
2025-12-07 18:02:07,533 - INFO - Skipping weekend date: 2025-12-07 for TTML.NS
2025-12-07 18:02:07,534 - INFO - Skipping weekend date: 2025-12-06 for TECHM.NS
2025-12-07 18:02:07,534 - INFO - Skipping weekend date: 2025-12-07 for TECHM.NS
2025-12-07 18:02:07,535 - INFO - Skipping weekend date: 2025-12-06 for TECHNOE.NS
2025-12-07 18:02:07,535 - INFO - Skipping weekend date: 2025-12-07 for TECHNOE.NS
2025-12-07 18:02:07,536 - INFO - Skipping weekend date: 2025-12-06 for TEJASNET.NS
2025-12-07 18:02:07,536 - INFO - Skipping weekend date: 2025-12-07 for TEJASNET.NS
2025-12-07 18:02:07,538 - INFO - Skipping weekend date: 2025-12-06 for NIACL.NS
2025-12-07 18:02:07,539 - INFO - Skipping weekend date: 2025-12-07 for NIACL.NS
2025-12-07 18:02:07,540 - INFO - Skipping weekend date: 2025-12-06 for RAMCOCEM.NS
2025-12-07 18:02:07,540 - INFO - Skipping weekend date: 2025-12-07 for RAMCOCEM.NS
2025-12-07 18:02:07,541 - INFO - Skipping weekend date: 2025-12-06 for THERMAX.NS
2025-12-07 18:02:07,541 - INFO - Skipping weekend date: 2025-12-07 for THERMAX.NS
2025-12-07 18:02:07,542 - INFO - Skipping weekend date: 2025-12-06 for TIMKEN.NS
2025-12-07 18:02:07,542 - INFO - Skipping weekend date: 2025-12-07 for TIMKEN.NS
2025-12-07 18:02:07,543 - INFO - Skipping weekend date: 2025-12-06 for TITAGARH.NS
2025-12-07 18:02:07,543 - INFO - Skipping weekend date: 2025-12-07 for TITAGARH.NS
2025-12-07 18:02:07,544 - INFO - Skipping weekend date: 2025-12-06 for TITAN.NS
2025-12-07 18:02:07,544 - INFO - Skipping weekend date: 2025-12-07 for TITAN.NS
2025-12-07 18:02:07,545 - INFO - Skipping weekend date: 2025-12-06 for TORNTPHARM.NS
2025-12-07 18:02:07,545 - INFO - Skipping weekend date: 2025-12-07 for TORNTPHARM.NS
2025-12-07 18:02:07,546 - INFO - Skipping weekend date: 2025-12-06 for TORNTPOWER.NS
2025-12-07 18:02:07,546 - INFO - Skipping weekend date: 2025-12-07 for TORNTPOWER.NS
2025-12-07 18:02:07,547 - INFO - Skipping weekend date: 2025-12-06 for TARIL.NS
2025-12-07 18:02:07,547 - INFO - Skipping weekend date: 2025-12-07 for TARIL.NS
2025-12-07 18:02:07,548 - INFO - Skipping weekend date: 2025-12-06 for TRENT.NS
2025-12-07 18:02:07,548 - INFO - Skipping weekend date: 2025-12-07 for TRENT.NS
2025-12-07 18:02:07,549 - INFO - Skipping weekend date: 2025-12-06 for TRIDENT.NS
2025-12-07 18:02:07,549 - INFO - Skipping weekend date: 2025-12-07 for TRIDENT.NS
2025-12-07 18:02:07,550 - INFO - Skipping weekend date: 2025-12-06 for TRIVENI.NS
2025-12-07 18:02:07,550 - INFO - Skipping weekend date: 2025-12-07 for TRIVENI.NS
2025-12-07 18:02:07,551 - INFO - Skipping weekend date: 2025-12-06 for TRITURBINE.NS
2025-12-07 18:02:07,551 - INFO - Skipping weekend date: 2025-12-07 for TRITURBINE.NS
2025-12-07 18:02:07,552 - INFO - Skipping weekend date: 2025-12-06 for TIINDIA.NS
2025-12-07 18:02:07,552 - INFO - Skipping weekend date: 2025-12-07 for TIINDIA.NS
2025-12-07 18:02:07,556 - INFO - Skipping weekend date: 2025-12-06 for UCOBANK.NS
2025-12-07 18:02:07,556 - INFO - Skipping weekend date: 2025-12-07 for UCOBANK.NS
2025-12-07 18:02:07,559 - INFO - Skipping weekend date: 2025-12-06 for UNOMINDA.NS
2025-12-07 18:02:07,560 - INFO - Skipping weekend date: 2025-12-07 for UNOMINDA.NS
2025-12-07 18:02:07,561 - INFO - Skipping weekend date: 2025-12-06 for UPL.NS
2025-12-07 18:02:07,561 - INFO - Skipping weekend date: 2025-12-07 for UPL.NS
2025-12-07 18:02:07,562 - INFO - Skipping weekend date: 2025-12-06 for UTIAMC.NS
2025-12-07 18:02:07,562 - INFO - Skipping weekend date: 2025-12-07 for UTIAMC.NS
2025-12-07 18:02:07,563 - INFO - Skipping weekend date: 2025-12-06 for ULTRACEMCO.NS
2025-12-07 18:02:07,563 - INFO - Skipping weekend date: 2025-12-07 for ULTRACEMCO.NS
2025-12-07 18:02:07,564 - INFO - Skipping weekend date: 2025-12-06 for UNIONBANK.NS
2025-12-07 18:02:07,564 - INFO - Skipping weekend date: 2025-12-07 for UNIONBANK.NS
2025-12-07 18:02:07,565 - INFO - Skipping weekend date: 2025-12-06 for UBL.NS
2025-12-07 18:02:07,565 - INFO - Skipping weekend date: 2025-12-07 for UBL.NS
2025-12-07 18:02:07,566 - INFO - Skipping weekend date: 2025-12-06 for UNITDSPR.NS
2025-12-07 18:02:07,566 - INFO - Skipping weekend date: 2025-12-07 for UNITDSPR.NS
2025-12-07 18:02:07,567 - INFO - Skipping weekend date: 2025-12-06 for USHAMART.NS
2025-12-07 18:02:07,568 - INFO - Skipping weekend date: 2025-12-07 for USHAMART.NS
2025-12-07 18:02:07,568 - INFO - Skipping weekend date: 2025-12-06 for VGUARD.NS
2025-12-07 18:02:07,569 - INFO - Skipping weekend date: 2025-12-07 for VGUARD.NS
2025-12-07 18:02:07,570 - INFO - Skipping weekend date: 2025-12-06 for DBREALTY.NS
2025-12-07 18:02:07,571 - INFO - Skipping weekend date: 2025-12-07 for DBREALTY.NS
2025-12-07 18:02:07,572 - INFO - Skipping weekend date: 2025-12-06 for VTL.NS
2025-12-07 18:02:07,573 - INFO - Skipping weekend date: 2025-12-07 for VTL.NS
2025-12-07 18:02:07,574 - INFO - Skipping weekend date: 2025-12-06 for VBL.NS
2025-12-07 18:02:07,574 - INFO - Skipping weekend date: 2025-12-07 for VBL.NS
2025-12-07 18:02:07,576 - INFO - Skipping weekend date: 2025-12-06 for MANYAVAR.NS
2025-12-07 18:02:07,576 - INFO - Skipping weekend date: 2025-12-07 for MANYAVAR.NS
2025-12-07 18:02:07,577 - INFO - Skipping weekend date: 2025-12-06 for VEDL.NS
2025-12-07 18:02:07,577 - INFO - Skipping weekend date: 2025-12-07 for VEDL.NS
2025-12-07 18:02:07,578 - INFO - Skipping weekend date: 2025-12-06 for VENTIVE.NS
2025-12-07 18:02:07,578 - INFO - Skipping weekend date: 2025-12-07 for VENTIVE.NS
2025-12-07 18:02:07,579 - INFO - Skipping weekend date: 2025-12-06 for VIJAYA.NS
2025-12-07 18:02:07,579 - INFO - Skipping weekend date: 2025-12-07 for VIJAYA.NS
2025-12-07 18:02:07,580 - INFO - Skipping weekend date: 2025-12-06 for VMM.NS
2025-12-07 18:02:07,580 - INFO - Skipping weekend date: 2025-12-07 for VMM.NS
2025-12-07 18:02:07,581 - INFO - Skipping weekend date: 2025-12-06 for IDEA.NS
2025-12-07 18:02:07,581 - INFO - Skipping weekend date: 2025-12-07 for IDEA.NS
2025-12-07 18:02:07,582 - INFO - Skipping weekend date: 2025-12-06 for VOLTAS.NS
2025-12-07 18:02:07,582 - INFO - Skipping weekend date: 2025-12-07 for VOLTAS.NS
2025-12-07 18:02:07,583 - INFO - Skipping weekend date: 2025-12-06 for WAAREEENER.NS
2025-12-07 18:02:07,583 - INFO - Skipping weekend date: 2025-12-07 for WAAREEENER.NS
2025-12-07 18:02:07,584 - INFO - Skipping weekend date: 2025-12-06 for WELCORP.NS
2025-12-07 18:02:07,584 - INFO - Skipping weekend date: 2025-12-07 for WELCORP.NS
2025-12-07 18:02:07,585 - INFO - Skipping weekend date: 2025-12-06 for WELSPUNLIV.NS
2025-12-07 18:02:07,586 - INFO - Skipping weekend date: 2025-12-07 for WELSPUNLIV.NS
2025-12-07 18:02:07,587 - INFO - Skipping weekend date: 2025-12-06 for WHIRLPOOL.NS
2025-12-07 18:02:07,587 - INFO - Skipping weekend date: 2025-12-07 for WHIRLPOOL.NS
2025-12-07 18:02:07,588 - INFO - Skipping weekend date: 2025-12-06 for WIPRO.NS
2025-12-07 18:02:07,589 - INFO - Skipping weekend date: 2025-12-07 for WIPRO.NS
2025-12-07 18:02:07,590 - INFO - Skipping weekend date: 2025-12-06 for WOCKPHARMA.NS
2025-12-07 18:02:07,590 - INFO - Skipping weekend date: 2025-12-07 for WOCKPHARMA.NS
2025-12-07 18:02:07,591 - INFO - Skipping weekend date: 2025-12-06 for YESBANK.NS
2025-12-07 18:02:07,591 - INFO - Skipping weekend date: 2025-12-07 for YESBANK.NS
2025-12-07 18:02:07,592 - INFO - Skipping weekend date: 2025-12-06 for ZFCVINDIA.NS
2025-12-07 18:02:07,592 - INFO - Skipping weekend date: 2025-12-07 for ZFCVINDIA.NS
2025-12-07 18:02:07,593 - INFO - Skipping weekend date: 2025-12-06 for ZEEL.NS
2025-12-07 18:02:07,593 - INFO - Skipping weekend date: 2025-12-07 for ZEEL.NS
2025-12-07 18:02:07,594 - INFO - Skipping weekend date: 2025-12-06 for ZENTEC.NS
2025-12-07 18:02:07,594 - INFO - Skipping weekend date: 2025-12-07 for ZENTEC.NS
2025-12-07 18:02:07,595 - INFO - Skipping weekend date: 2025-12-06 for ZENSARTECH.NS
2025-12-07 18:02:07,595 - INFO - Skipping weekend date: 2025-12-07 for ZENSARTECH.NS
2025-12-07 18:02:07,596 - INFO - Skipping weekend date: 2025-12-06 for ZYDUSLIFE.NS
2025-12-07 18:02:07,596 - INFO - Skipping weekend date: 2025-12-07 for ZYDUSLIFE.NS
2025-12-07 18:02:07,597 - INFO - Skipping weekend date: 2025-12-06 for ECLERX.NS
2025-12-07 18:02:07,597 - INFO - Skipping weekend date: 2025-12-07 for ECLERX.NS
2025-12-07 18:02:07,597 - INFO - skipping 501 tickers (Data up-to-date).
2025-12-07 18:02:07,597 - INFO - Fetching data for 1 tickers starting from 1y...
2025-12-07 18:02:09,306 - INFO - Loading collected data from database...
2025-12-07 18:02:09,779 - WARNING - No data available in DB for DUMMYHDLVR.NS
2025-12-07 18:02:10,663 - INFO - Loaded 501 tickers for analysis.
2025-12-07 18:02:10,663 - INFO - Analyzing stocks...
2025-12-07 18:02:10,663 - INFO - Starting scan for 502 stocks...
2025-12-07 18:02:10,664 - INFO - Analyzed 0/502 stocks...
2025-12-07 18:02:11,393 - INFO - Analyzed 50/502 stocks...
2025-12-07 18:02:12,165 - INFO - Analyzed 100/502 stocks...
2025-12-07 18:02:12,944 - INFO - Analyzed 150/502 stocks...
2025-12-07 18:02:13,745 - INFO - Analyzed 200/502 stocks...
2025-12-07 18:02:14,469 - INFO - Analyzed 250/502 stocks...
2025-12-07 18:02:15,257 - INFO - Analyzed 300/502 stocks...
2025-12-07 18:02:16,040 - INFO - Analyzed 350/502 stocks...
2025-12-07 18:02:16,859 - INFO - Analyzed 400/502 stocks...
2025-12-07 18:02:17,594 - INFO - Analyzed 450/502 stocks...
2025-12-07 18:02:18,288 - INFO - Analyzed 500/502 stocks...
2025-12-07 18:02:18,327 - INFO - Found 25 winners.
2025-12-07 18:02:18,376 - INFO - 
Top 5 stocks with the highest momentum:
