2025-12-07 18:02:43,395 - INFO - Starting Stock Screener Application
2025-12-07 18:02:43,396 - INFO - Loading Nifty 500 tickers...
2025-12-07 18:02:43,532 - INFO - Initializing data fetch process...
2025-12-07 18:02:43,535 - INFO - Skipping weekend date: 2025-12-06 for 360ONE.NS
2025-12-07 18:02:43,535 - INFO - Skipping weekend date: 2025-12-07 for 360ONE.NS
2025-12-07 18:02:43,539 - INFO - Skipping weekend date: 2025-12-06 for 3MINDIA.NS
2025-12-07 18:02:43,539 - INFO - Skipping weekend date: 2025-12-07 for 3MINDIA.NS
2025-12-07 18:02:43,541 - INFO - Skipping weekend date: 2025-12-06 for ABB.NS
2025-12-07 18:02:43,541 - INFO - Skipping weekend date: 2025-12-07 for ABB.NS
2025-12-07 18:02:43,543 - INFO - Skipping weekend date: 2025-12-06 for ACC.NS
2025-12-07 18:02:43,544 - INFO - Skipping weekend date: 2025-12-07 for ACC.NS
2025-12-07 18:02:43,546 - INFO - Skipping weekend date: 2025-12-06 for ACMESOLAR.NS
2025-12-07 18:02:43,546 - INFO - Skipping weekend date: 2025-12-07 for ACMESOLAR.NS
2025-12-07 18:02:43,548 - INFO - Skipping weekend date: 2025-12-06 for AIAENG.NS
2025-12-07 18:02:43,548 - INFO - Skipping weekend date: 2025-12-07 for AIAENG.NS
2025-12-07 18:02:43,549 - INFO - Skipping weekend date: 2025-12-06 for APLAPOLLO.NS
2025-12-07 18:02:43,549 - INFO - Skipping weekend date: 2025-12-07 for APLAPOLLO.NS
2025-12-07 18:02:43,550 - INFO - Skipping weekend date: 2025-12-06 for AUBANK.NS
2025-12-07 18:02:43,551 - INFO - Skipping weekend date: 2025-12-07 for AUBANK.NS
2025-12-07 18:02:43,552 - INFO - Skipping weekend date: 2025-12-06 for AWL.NS
2025-12-07 18:02:43,553 - INFO - Skipping weekend date: 2025-12-07 for AWL.NS
2025-12-07 18:02:43,557 - INFO - Skipping weekend date: 2025-12-06 for AADHARHFC.NS
2025-12-07 18:02:43,557 - INFO - Skipping weekend date: 2025-12-07 for AADHARHFC.NS
2025-12-07 18:02:43,559 - INFO - Skipping weekend date: 2025-12-06 for AARTIIND.NS
2025-12-07 18:02:43,560 - INFO - Skipping weekend date: 2025-12-07 for AARTIIND.NS
2025-12-07 18:02:43,563 - INFO - Skipping weekend date: 2025-12-06 for AAVAS.NS
2025-12-07 18:02:43,563 - INFO - Skipping weekend date: 2025-12-07 for AAVAS.NS
2025-12-07 18:02:43,564 - INFO - Skipping weekend date: 2025-12-06 for ABBOTINDIA.NS
2025-12-07 18:02:43,565 - INFO - Skipping weekend date: 2025-12-07 for ABBOTINDIA.NS
2025-12-07 18:02:43,566 - INFO - Skipping weekend date: 2025-12-06 for ACE.NS
2025-12-07 18:02:43,566 - INFO - Skipping weekend date: 2025-12-07 for ACE.NS
2025-12-07 18:02:43,568 - INFO - Skipping weekend date: 2025-12-06 for ADANIENSOL.NS
2025-12-07 18:02:43,568 - INFO - Skipping weekend date: 2025-12-07 for ADANIENSOL.NS
2025-12-07 18:02:43,570 - INFO - Skipping weekend date: 2025-12-06 for ADANIENT.NS
2025-12-07 18:02:43,573 - INFO - Skipping weekend date: 2025-12-07 for ADANIENT.NS
2025-12-07 18:02:43,575 - INFO - Skipping weekend date: 2025-12-06 for ADANIGREEN.NS
2025-12-07 18:02:43,575 - INFO - Skipping weekend date: 2025-12-07 for ADANIGREEN.NS
2025-12-07 18:02:43,578 - INFO - Skipping weekend date: 2025-12-06 for ADANIPORTS.NS
2025-12-07 18:02:43,579 - INFO - Skipping weekend date: 2025-12-07 for ADANIPORTS.NS
2025-12-07 18:02:43,580 - INFO - Skipping weekend date: 2025-12-06 for ADANIPOWER.NS
2025-12-07 18:02:43,581 - INFO - Skipping weekend date: 2025-12-07 for ADANIPOWER.NS
2025-12-07 18:02:43,582 - INFO - Skipping weekend date: 2025-12-06 for ATGL.NS
2025-12-07 18:02:43,582 - INFO - Skipping weekend date: 2025-12-07 for ATGL.NS
2025-12-07 18:02:43,584 - INFO - Skipping weekend date: 2025-12-06 for ABCAPITAL.NS
2025-12-07 18:02:43,584 - INFO - Skipping weekend date: 2025-12-07 for ABCAPITAL.NS
2025-12-07 18:02:43,586 - INFO - Skipping weekend date: 2025-12-06 for ABFRL.NS
2025-12-07 18:02:43,587 - INFO - Skipping weekend date: 2025-12-07 for ABFRL.NS
2025-12-07 18:02:43,593 - INFO - Skipping weekend date: 2025-12-06 for ABLBL.NS
2025-12-07 18:02:43,594 - INFO - Skipping weekend date: 2025-12-07 for ABLBL.NS
2025-12-07 18:02:43,596 - INFO - Skipping weekend date: 2025-12-06 for ABREL.NS
2025-12-07 18:02:43,597 - INFO - Skipping weekend date: 2025-12-07 for ABREL.NS
2025-12-07 18:02:43,598 - INFO - Skipping weekend date: 2025-12-06 for ABSLAMC.NS
2025-12-07 18:02:43,598 - INFO - Skipping weekend date: 2025-12-07 for ABSLAMC.NS
2025-12-07 18:02:43,601 - INFO - Skipping weekend date: 2025-12-06 for AEGISLOG.NS
2025-12-07 18:02:43,602 - INFO - Skipping weekend date: 2025-12-07 for AEGISLOG.NS
2025-12-07 18:02:43,611 - INFO - Skipping weekend date: 2025-12-06 for AEGISVOPAK.NS
2025-12-07 18:02:43,611 - INFO - Skipping weekend date: 2025-12-07 for AEGISVOPAK.NS
2025-12-07 18:02:43,613 - INFO - Skipping weekend date: 2025-12-06 for AFCONS.NS
2025-12-07 18:02:43,613 - INFO - Skipping weekend date: 2025-12-07 for AFCONS.NS
2025-12-07 18:02:43,615 - INFO - Skipping weekend date: 2025-12-06 for AFFLE.NS
2025-12-07 18:02:43,615 - INFO - Skipping weekend date: 2025-12-07 for AFFLE.NS
2025-12-07 18:02:43,617 - INFO - Skipping weekend date: 2025-12-06 for AJANTPHARM.NS
2025-12-07 18:02:43,617 - INFO - Skipping weekend date: 2025-12-07 for AJANTPHARM.NS
2025-12-07 18:02:43,619 - INFO - Skipping weekend date: 2025-12-06 for AKUMS.NS
2025-12-07 18:02:43,622 - INFO - Skipping weekend date: 2025-12-07 for AKUMS.NS
2025-12-07 18:02:43,629 - INFO - Skipping weekend date: 2025-12-06 for AKZOINDIA.NS
2025-12-07 18:02:43,630 - INFO - Skipping weekend date: 2025-12-07 for AKZOINDIA.NS
2025-12-07 18:02:43,631 - INFO - Skipping weekend date: 2025-12-06 for APLLTD.NS
2025-12-07 18:02:43,631 - INFO - Skipping weekend date: 2025-12-07 for APLLTD.NS
2025-12-07 18:02:43,632 - INFO - Skipping weekend date: 2025-12-06 for ALKEM.NS
2025-12-07 18:02:43,633 - INFO - Skipping weekend date: 2025-12-07 for ALKEM.NS
2025-12-07 18:02:43,634 - INFO - Skipping weekend date: 2025-12-06 for ALKYLAMINE.NS
2025-12-07 18:02:43,634 - INFO - Skipping weekend date: 2025-12-07 for ALKYLAMINE.NS
2025-12-07 18:02:43,639 - INFO - Skipping weekend date: 2025-12-06 for ALOKINDS.NS
2025-12-07 18:02:43,640 - INFO - Skipping weekend date: 2025-12-07 for ALOKINDS.NS
2025-12-07 18:02:43,643 - INFO - Skipping weekend date: 2025-12-06 for ARE&M.NS
2025-12-07 18:02:43,643 - INFO - Skipping weekend date: 2025-12-07 for ARE&M.NS
2025-12-07 18:02:43,645 - INFO - Skipping weekend date: 2025-12-06 for AMBER.NS
2025-12-07 18:02:43,645 - INFO - Skipping weekend date: 2025-12-07 for AMBER.NS
2025-12-07 18:02:43,647 - INFO - Skipping weekend date: 2025-12-06 for AMBUJACEM.NS
2025-12-07 18:02:43,647 - INFO - Skipping weekend date: 2025-12-07 for AMBUJACEM.NS
2025-12-07 18:02:43,649 - INFO - Skipping weekend date: 2025-12-06 for ANANDRATHI.NS
2025-12-07 18:02:43,649 - INFO - Skipping weekend date: 2025-12-07 for ANANDRATHI.NS
2025-12-07 18:02:43,650 - INFO - Skipping weekend date: 2025-12-06 for ANANTRAJ.NS
2025-12-07 18:02:43,650 - INFO - Skipping weekend date: 2025-12-07 for ANANTRAJ.NS
2025-12-07 18:02:43,652 - INFO - Skipping weekend date: 2025-12-06 for ANGELONE.NS
2025-12-07 18:02:43,656 - INFO - Skipping weekend date: 2025-12-07 for ANGELONE.NS
2025-12-07 18:02:43,661 - INFO - Skipping weekend date: 2025-12-06 for APARINDS.NS
2025-12-07 18:02:43,661 - INFO - Skipping weekend date: 2025-12-07 for APARINDS.NS
2025-12-07 18:02:43,664 - INFO - Skipping weekend date: 2025-12-06 for APOLLOHOSP.NS
2025-12-07 18:02:43,664 - INFO - Skipping weekend date: 2025-12-07 for APOLLOHOSP.NS
2025-12-07 18:02:43,666 - INFO - Skipping weekend date: 2025-12-06 for APOLLOTYRE.NS
2025-12-07 18:02:43,666 - INFO - Skipping weekend date: 2025-12-07 for APOLLOTYRE.NS
2025-12-07 18:02:43,668 - INFO - Skipping weekend date: 2025-12-06 for APTUS.NS
2025-12-07 18:02:43,668 - INFO - Skipping weekend date: 2025-12-07 for APTUS.NS
2025-12-07 18:02:43,670 - INFO - Skipping weekend date: 2025-12-06 for ASAHIINDIA.NS
2025-12-07 18:02:43,672 - INFO - Skipping weekend date: 2025-12-07 for ASAHIINDIA.NS
2025-12-07 18:02:43,676 - INFO - Skipping weekend date: 2025-12-06 for ASHOKLEY.NS
2025-12-07 18:02:43,677 - INFO - Skipping weekend date: 2025-12-07 for ASHOKLEY.NS
2025-12-07 18:02:43,679 - INFO - Skipping weekend date: 2025-12-06 for ASIANPAINT.NS
2025-12-07 18:02:43,679 - INFO - Skipping weekend date: 2025-12-07 for ASIANPAINT.NS
2025-12-07 18:02:43,681 - INFO - Skipping weekend date: 2025-12-06 for ASTERDM.NS
2025-12-07 18:02:43,682 - INFO - Skipping weekend date: 2025-12-07 for ASTERDM.NS
2025-12-07 18:02:43,683 - INFO - Skipping weekend date: 2025-12-06 for ASTRAZEN.NS
2025-12-07 18:02:43,683 - INFO - Skipping weekend date: 2025-12-07 for ASTRAZEN.NS
2025-12-07 18:02:43,685 - INFO - Skipping weekend date: 2025-12-06 for ASTRAL.NS
2025-12-07 18:02:43,685 - INFO - Skipping weekend date: 2025-12-07 for ASTRAL.NS
2025-12-07 18:02:43,688 - INFO - Skipping weekend date: 2025-12-06 for ATHERENERG.NS
2025-12-07 18:02:43,689 - INFO - Skipping weekend date: 2025-12-07 for ATHERENERG.NS
2025-12-07 18:02:43,693 - INFO - Skipping weekend date: 2025-12-06 for ATUL.NS
2025-12-07 18:02:43,694 - INFO - Skipping weekend date: 2025-12-07 for ATUL.NS
2025-12-07 18:02:43,695 - INFO - Skipping weekend date: 2025-12-06 for AUROPHARMA.NS
2025-12-07 18:02:43,696 - INFO - Skipping weekend date: 2025-12-07 for AUROPHARMA.NS
2025-12-07 18:02:43,698 - INFO - Skipping weekend date: 2025-12-06 for AIIL.NS
2025-12-07 18:02:43,699 - INFO - Skipping weekend date: 2025-12-07 for AIIL.NS
2025-12-07 18:02:43,702 - INFO - Skipping weekend date: 2025-12-06 for DMART.NS
2025-12-07 18:02:43,705 - INFO - Skipping weekend date: 2025-12-07 for DMART.NS
2025-12-07 18:02:43,708 - INFO - Skipping weekend date: 2025-12-06 for AXISBANK.NS
2025-12-07 18:02:43,708 - INFO - Skipping weekend date: 2025-12-07 for AXISBANK.NS
2025-12-07 18:02:43,711 - INFO - Skipping weekend date: 2025-12-06 for BASF.NS
2025-12-07 18:02:43,712 - INFO - Skipping weekend date: 2025-12-07 for BASF.NS
2025-12-07 18:02:43,716 - INFO - Skipping weekend date: 2025-12-06 for BEML.NS
2025-12-07 18:02:43,716 - INFO - Skipping weekend date: 2025-12-07 for BEML.NS
2025-12-07 18:02:43,718 - INFO - Skipping weekend date: 2025-12-06 for BLS.NS
2025-12-07 18:02:43,722 - INFO - Skipping weekend date: 2025-12-07 for BLS.NS
2025-12-07 18:02:43,725 - INFO - Skipping weekend date: 2025-12-06 for BSE.NS
2025-12-07 18:02:43,726 - INFO - Skipping weekend date: 2025-12-07 for BSE.NS
2025-12-07 18:02:43,729 - INFO - Skipping weekend date: 2025-12-06 for BAJAJ-AUTO.NS
2025-12-07 18:02:43,730 - INFO - Skipping weekend date: 2025-12-07 for BAJAJ-AUTO.NS
2025-12-07 18:02:43,731 - INFO - Skipping weekend date: 2025-12-06 for BAJFINANCE.NS
2025-12-07 18:02:43,732 - INFO - Skipping weekend date: 2025-12-07 for BAJFINANCE.NS
2025-12-07 18:02:43,733 - INFO - Skipping weekend date: 2025-12-06 for BAJAJFINSV.NS
2025-12-07 18:02:43,733 - INFO - Skipping weekend date: 2025-12-07 for BAJAJFINSV.NS
2025-12-07 18:02:43,735 - INFO - Skipping weekend date: 2025-12-06 for BAJAJHLDNG.NS
2025-12-07 18:02:43,736 - INFO - Skipping weekend date: 2025-12-07 for BAJAJHLDNG.NS
2025-12-07 18:02:43,740 - INFO - Skipping weekend date: 2025-12-06 for BAJAJHFL.NS
2025-12-07 18:02:43,741 - INFO - Skipping weekend date: 2025-12-07 for BAJAJHFL.NS
2025-12-07 18:02:43,745 - INFO - Skipping weekend date: 2025-12-06 for BALKRISIND.NS
2025-12-07 18:02:43,745 - INFO - Skipping weekend date: 2025-12-07 for BALKRISIND.NS
2025-12-07 18:02:43,747 - INFO - Skipping weekend date: 2025-12-06 for BALRAMCHIN.NS
2025-12-07 18:02:43,748 - INFO - Skipping weekend date: 2025-12-07 for BALRAMCHIN.NS
2025-12-07 18:02:43,750 - INFO - Skipping weekend date: 2025-12-06 for BANDHANBNK.NS
2025-12-07 18:02:43,750 - INFO - Skipping weekend date: 2025-12-07 for BANDHANBNK.NS
2025-12-07 18:02:43,752 - INFO - Skipping weekend date: 2025-12-06 for BANKBARODA.NS
2025-12-07 18:02:43,754 - INFO - Skipping weekend date: 2025-12-07 for BANKBARODA.NS
2025-12-07 18:02:43,761 - INFO - Skipping weekend date: 2025-12-06 for BANKINDIA.NS
2025-12-07 18:02:43,761 - INFO - Skipping weekend date: 2025-12-07 for BANKINDIA.NS
2025-12-07 18:02:43,762 - INFO - Skipping weekend date: 2025-12-06 for MAHABANK.NS
2025-12-07 18:02:43,762 - INFO - Skipping weekend date: 2025-12-07 for MAHABANK.NS
2025-12-07 18:02:43,764 - INFO - Skipping weekend date: 2025-12-06 for BATAINDIA.NS
2025-12-07 18:02:43,764 - INFO - Skipping weekend date: 2025-12-07 for BATAINDIA.NS
2025-12-07 18:02:43,766 - INFO - Skipping weekend date: 2025-12-06 for BAYERCROP.NS
2025-12-07 18:02:43,766 - INFO - Skipping weekend date: 2025-12-07 for BAYERCROP.NS
2025-12-07 18:02:43,767 - INFO - Skipping weekend date: 2025-12-06 for BERGEPAINT.NS
2025-12-07 18:02:43,768 - INFO - Skipping weekend date: 2025-12-07 for BERGEPAINT.NS
2025-12-07 18:02:43,770 - INFO - Skipping weekend date: 2025-12-06 for BDL.NS
2025-12-07 18:02:43,772 - INFO - Skipping weekend date: 2025-12-07 for BDL.NS
2025-12-07 18:02:43,775 - INFO - Skipping weekend date: 2025-12-06 for BEL.NS
2025-12-07 18:02:43,775 - INFO - Skipping weekend date: 2025-12-07 for BEL.NS
2025-12-07 18:02:43,779 - INFO - Skipping weekend date: 2025-12-06 for BHARATFORG.NS
2025-12-07 18:02:43,780 - INFO - Skipping weekend date: 2025-12-07 for BHARATFORG.NS
2025-12-07 18:02:43,784 - INFO - Skipping weekend date: 2025-12-06 for BHEL.NS
2025-12-07 18:02:43,784 - INFO - Skipping weekend date: 2025-12-07 for BHEL.NS
2025-12-07 18:02:43,785 - INFO - Skipping weekend date: 2025-12-06 for BPCL.NS
2025-12-07 18:02:43,786 - INFO - Skipping weekend date: 2025-12-07 for BPCL.NS
2025-12-07 18:02:43,791 - INFO - Skipping weekend date: 2025-12-06 for BHARTIARTL.NS
2025-12-07 18:02:43,792 - INFO - Skipping weekend date: 2025-12-07 for BHARTIARTL.NS
2025-12-07 18:02:43,795 - INFO - Skipping weekend date: 2025-12-06 for BHARTIHEXA.NS
2025-12-07 18:02:43,795 - INFO - Skipping weekend date: 2025-12-07 for BHARTIHEXA.NS
2025-12-07 18:02:43,797 - INFO - Skipping weekend date: 2025-12-06 for BIKAJI.NS
2025-12-07 18:02:43,797 - INFO - Skipping weekend date: 2025-12-07 for BIKAJI.NS
2025-12-07 18:02:43,799 - INFO - Skipping weekend date: 2025-12-06 for BIOCON.NS
2025-12-07 18:02:43,799 - INFO - Skipping weekend date: 2025-12-07 for BIOCON.NS
2025-12-07 18:02:43,800 - INFO - Skipping weekend date: 2025-12-06 for BSOFT.NS
2025-12-07 18:02:43,800 - INFO - Skipping weekend date: 2025-12-07 for BSOFT.NS
2025-12-07 18:02:43,802 - INFO - Skipping weekend date: 2025-12-06 for BLUEDART.NS
2025-12-07 18:02:43,802 - INFO - Skipping weekend date: 2025-12-07 for BLUEDART.NS
2025-12-07 18:02:43,806 - INFO - Skipping weekend date: 2025-12-06 for BLUEJET.NS
2025-12-07 18:02:43,806 - INFO - Skipping weekend date: 2025-12-07 for BLUEJET.NS
2025-12-07 18:02:43,808 - INFO - Skipping weekend date: 2025-12-06 for BLUESTARCO.NS
2025-12-07 18:02:43,808 - INFO - Skipping weekend date: 2025-12-07 for BLUESTARCO.NS
2025-12-07 18:02:43,812 - INFO - Skipping weekend date: 2025-12-06 for BBTC.NS
2025-12-07 18:02:43,812 - INFO - Skipping weekend date: 2025-12-07 for BBTC.NS
2025-12-07 18:02:43,813 - INFO - Skipping weekend date: 2025-12-06 for BOSCHLTD.NS
2025-12-07 18:02:43,813 - INFO - Skipping weekend date: 2025-12-07 for BOSCHLTD.NS
2025-12-07 18:02:43,815 - INFO - Skipping weekend date: 2025-12-06 for FIRSTCRY.NS
2025-12-07 18:02:43,815 - INFO - Skipping weekend date: 2025-12-07 for FIRSTCRY.NS
2025-12-07 18:02:43,817 - INFO - Skipping weekend date: 2025-12-06 for BRIGADE.NS
2025-12-07 18:02:43,817 - INFO - Skipping weekend date: 2025-12-07 for BRIGADE.NS
2025-12-07 18:02:43,819 - INFO - Skipping weekend date: 2025-12-06 for BRITANNIA.NS
2025-12-07 18:02:43,821 - INFO - Skipping weekend date: 2025-12-07 for BRITANNIA.NS
2025-12-07 18:02:43,824 - INFO - Skipping weekend date: 2025-12-06 for MAPMYINDIA.NS
2025-12-07 18:02:43,825 - INFO - Skipping weekend date: 2025-12-07 for MAPMYINDIA.NS
2025-12-07 18:02:43,828 - INFO - Skipping weekend date: 2025-12-06 for CCL.NS
2025-12-07 18:02:43,828 - INFO - Skipping weekend date: 2025-12-07 for CCL.NS
2025-12-07 18:02:43,830 - INFO - Skipping weekend date: 2025-12-06 for CESC.NS
2025-12-07 18:02:43,830 - INFO - Skipping weekend date: 2025-12-07 for CESC.NS
2025-12-07 18:02:43,831 - INFO - Skipping weekend date: 2025-12-06 for CGPOWER.NS
2025-12-07 18:02:43,831 - INFO - Skipping weekend date: 2025-12-07 for CGPOWER.NS
2025-12-07 18:02:43,833 - INFO - Skipping weekend date: 2025-12-06 for CRISIL.NS
2025-12-07 18:02:43,833 - INFO - Skipping weekend date: 2025-12-07 for CRISIL.NS
2025-12-07 18:02:43,834 - INFO - Skipping weekend date: 2025-12-06 for CAMPUS.NS
2025-12-07 18:02:43,834 - INFO - Skipping weekend date: 2025-12-07 for CAMPUS.NS
2025-12-07 18:02:43,835 - INFO - Skipping weekend date: 2025-12-06 for CANFINHOME.NS
2025-12-07 18:02:43,836 - INFO - Skipping weekend date: 2025-12-07 for CANFINHOME.NS
2025-12-07 18:02:43,840 - INFO - Skipping weekend date: 2025-12-06 for CANBK.NS
2025-12-07 18:02:43,840 - INFO - Skipping weekend date: 2025-12-07 for CANBK.NS
2025-12-07 18:02:43,843 - INFO - Skipping weekend date: 2025-12-06 for CAPLIPOINT.NS
2025-12-07 18:02:43,843 - INFO - Skipping weekend date: 2025-12-07 for CAPLIPOINT.NS
2025-12-07 18:02:43,845 - INFO - Skipping weekend date: 2025-12-06 for CGCL.NS
2025-12-07 18:02:43,846 - INFO - Skipping weekend date: 2025-12-07 for CGCL.NS
2025-12-07 18:02:43,847 - INFO - Skipping weekend date: 2025-12-06 for CARBORUNIV.NS
2025-12-07 18:02:43,848 - INFO - Skipping weekend date: 2025-12-07 for CARBORUNIV.NS
2025-12-07 18:02:43,849 - INFO - Skipping weekend date: 2025-12-06 for CASTROLIND.NS
2025-12-07 18:02:43,849 - INFO - Skipping weekend date: 2025-12-07 for CASTROLIND.NS
2025-12-07 18:02:43,850 - INFO - Skipping weekend date: 2025-12-06 for CEATLTD.NS
2025-12-07 18:02:43,851 - INFO - Skipping weekend date: 2025-12-07 for CEATLTD.NS
2025-12-07 18:02:43,852 - INFO - Skipping weekend date: 2025-12-06 for CENTRALBK.NS
2025-12-07 18:02:43,855 - INFO - Skipping weekend date: 2025-12-07 for CENTRALBK.NS
2025-12-07 18:02:43,861 - INFO - Skipping weekend date: 2025-12-06 for CDSL.NS
2025-12-07 18:02:43,862 - INFO - Skipping weekend date: 2025-12-07 for CDSL.NS
2025-12-07 18:02:43,864 - INFO - Skipping weekend date: 2025-12-06 for CENTURYPLY.NS
2025-12-07 18:02:43,864 - INFO - Skipping weekend date: 2025-12-07 for CENTURYPLY.NS
2025-12-07 18:02:43,865 - INFO - Skipping weekend date: 2025-12-06 for CERA.NS
2025-12-07 18:02:43,865 - INFO - Skipping weekend date: 2025-12-07 for CERA.NS
2025-12-07 18:02:43,866 - INFO - Skipping weekend date: 2025-12-06 for CHALET.NS
2025-12-07 18:02:43,867 - INFO - Skipping weekend date: 2025-12-07 for CHALET.NS
2025-12-07 18:02:43,868 - INFO - Skipping weekend date: 2025-12-06 for CHAMBLFERT.NS
2025-12-07 18:02:43,868 - INFO - Skipping weekend date: 2025-12-07 for CHAMBLFERT.NS
2025-12-07 18:02:43,870 - INFO - Skipping weekend date: 2025-12-06 for CHENNPETRO.NS
2025-12-07 18:02:43,872 - INFO - Skipping weekend date: 2025-12-07 for CHENNPETRO.NS
2025-12-07 18:02:43,873 - INFO - Skipping weekend date: 2025-12-06 for CHOICEIN.NS
2025-12-07 18:02:43,873 - INFO - Skipping weekend date: 2025-12-07 for CHOICEIN.NS
2025-12-07 18:02:43,875 - INFO - Skipping weekend date: 2025-12-06 for CHOLAHLDNG.NS
2025-12-07 18:02:43,876 - INFO - Skipping weekend date: 2025-12-07 for CHOLAHLDNG.NS
2025-12-07 18:02:43,879 - INFO - Skipping weekend date: 2025-12-06 for CHOLAFIN.NS
2025-12-07 18:02:43,879 - INFO - Skipping weekend date: 2025-12-07 for CHOLAFIN.NS
2025-12-07 18:02:43,881 - INFO - Skipping weekend date: 2025-12-06 for CIPLA.NS
2025-12-07 18:02:43,881 - INFO - Skipping weekend date: 2025-12-07 for CIPLA.NS
2025-12-07 18:02:43,882 - INFO - Skipping weekend date: 2025-12-06 for CUB.NS
2025-12-07 18:02:43,882 - INFO - Skipping weekend date: 2025-12-07 for CUB.NS
2025-12-07 18:02:43,884 - INFO - Skipping weekend date: 2025-12-06 for CLEAN.NS
2025-12-07 18:02:43,884 - INFO - Skipping weekend date: 2025-12-07 for CLEAN.NS
2025-12-07 18:02:43,889 - INFO - Skipping weekend date: 2025-12-06 for COALINDIA.NS
2025-12-07 18:02:43,889 - INFO - Skipping weekend date: 2025-12-07 for COALINDIA.NS
2025-12-07 18:02:43,891 - INFO - Skipping weekend date: 2025-12-06 for COCHINSHIP.NS
2025-12-07 18:02:43,892 - INFO - Skipping weekend date: 2025-12-07 for COCHINSHIP.NS
2025-12-07 18:02:43,894 - INFO - Skipping weekend date: 2025-12-06 for COFORGE.NS
2025-12-07 18:02:43,894 - INFO - Skipping weekend date: 2025-12-07 for COFORGE.NS
2025-12-07 18:02:43,895 - INFO - Skipping weekend date: 2025-12-06 for COHANCE.NS
2025-12-07 18:02:43,896 - INFO - Skipping weekend date: 2025-12-07 for COHANCE.NS
2025-12-07 18:02:43,897 - INFO - Skipping weekend date: 2025-12-06 for COLPAL.NS
2025-12-07 18:02:43,897 - INFO - Skipping weekend date: 2025-12-07 for COLPAL.NS
2025-12-07 18:02:43,898 - INFO - Skipping weekend date: 2025-12-06 for CAMS.NS
2025-12-07 18:02:43,898 - INFO - Skipping weekend date: 2025-12-07 for CAMS.NS
2025-12-07 18:02:43,900 - INFO - Skipping weekend date: 2025-12-06 for CONCORDBIO.NS
2025-12-07 18:02:43,900 - INFO - Skipping weekend date: 2025-12-07 for CONCORDBIO.NS
2025-12-07 18:02:43,902 - INFO - Skipping weekend date: 2025-12-06 for CONCOR.NS
2025-12-07 18:02:43,902 - INFO - Skipping weekend date: 2025-12-07 for CONCOR.NS
2025-12-07 18:02:43,905 - INFO - Skipping weekend date: 2025-12-06 for COROMANDEL.NS
2025-12-07 18:02:43,906 - INFO - Skipping weekend date: 2025-12-07 for COROMANDEL.NS
2025-12-07 18:02:43,909 - INFO - Skipping weekend date: 2025-12-06 for CRAFTSMAN.NS
2025-12-07 18:02:43,909 - INFO - Skipping weekend date: 2025-12-07 for CRAFTSMAN.NS
2025-12-07 18:02:43,911 - INFO - Skipping weekend date: 2025-12-06 for CREDITACC.NS
2025-12-07 18:02:43,911 - INFO - Skipping weekend date: 2025-12-07 for CREDITACC.NS
2025-12-07 18:02:43,912 - INFO - Skipping weekend date: 2025-12-06 for CROMPTON.NS
2025-12-07 18:02:43,912 - INFO - Skipping weekend date: 2025-12-07 for CROMPTON.NS
2025-12-07 18:02:43,914 - INFO - Skipping weekend date: 2025-12-06 for CUMMINSIND.NS
2025-12-07 18:02:43,914 - INFO - Skipping weekend date: 2025-12-07 for CUMMINSIND.NS
2025-12-07 18:02:43,915 - INFO - Skipping weekend date: 2025-12-06 for CYIENT.NS
2025-12-07 18:02:43,915 - INFO - Skipping weekend date: 2025-12-07 for CYIENT.NS
2025-12-07 18:02:43,917 - INFO - Skipping weekend date: 2025-12-06 for DCMSHRIRAM.NS
2025-12-07 18:02:43,918 - INFO - Skipping weekend date: 2025-12-07 for DCMSHRIRAM.NS
2025-12-07 18:02:43,920 - INFO - Skipping weekend date: 2025-12-06 for DLF.NS
2025-12-07 18:02:43,920 - INFO - Skipping weekend date: 2025-12-07 for DLF.NS
2025-12-07 18:02:43,926 - INFO - Skipping weekend date: 2025-12-06 for DOMS.NS
2025-12-07 18:02:43,926 - INFO - Skipping weekend date: 2025-12-07 for DOMS.NS
2025-12-07 18:02:43,932 - INFO - Skipping weekend date: 2025-12-06 for DABUR.NS
2025-12-07 18:02:43,974 - INFO - Skipping weekend date: 2025-12-07 for DABUR.NS
2025-12-07 18:02:44,010 - INFO - Skipping weekend date: 2025-12-06 for DALBHARAT.NS
2025-12-07 18:02:44,010 - INFO - Skipping weekend date: 2025-12-07 for DALBHARAT.NS
2025-12-07 18:02:44,012 - INFO - Skipping weekend date: 2025-12-06 for DATAPATTNS.NS
2025-12-07 18:02:44,012 - INFO - Skipping weekend date: 2025-12-07 for DATAPATTNS.NS
2025-12-07 18:02:44,013 - INFO - Skipping weekend date: 2025-12-06 for DEEPAKFERT.NS
2025-12-07 18:02:44,014 - INFO - Skipping weekend date: 2025-12-07 for DEEPAKFERT.NS
2025-12-07 18:02:44,015 - INFO - Skipping weekend date: 2025-12-06 for DEEPAKNTR.NS
2025-12-07 18:02:44,015 - INFO - Skipping weekend date: 2025-12-07 for DEEPAKNTR.NS
2025-12-07 18:02:44,017 - INFO - Skipping weekend date: 2025-12-06 for DELHIVERY.NS
2025-12-07 18:02:44,017 - INFO - Skipping weekend date: 2025-12-07 for DELHIVERY.NS
2025-12-07 18:02:44,022 - INFO - Skipping weekend date: 2025-12-06 for DEVYANI.NS
2025-12-07 18:02:44,023 - INFO - Skipping weekend date: 2025-12-07 for DEVYANI.NS
2025-12-07 18:02:44,026 - INFO - Skipping weekend date: 2025-12-06 for DIVISLAB.NS
2025-12-07 18:02:44,026 - INFO - Skipping weekend date: 2025-12-07 for DIVISLAB.NS
2025-12-07 18:02:44,027 - INFO - Skipping weekend date: 2025-12-06 for DIXON.NS
2025-12-07 18:02:44,028 - INFO - Skipping weekend date: 2025-12-07 for DIXON.NS
2025-12-07 18:02:44,030 - INFO - Skipping weekend date: 2025-12-06 for AGARWALEYE.NS
2025-12-07 18:02:44,030 - INFO - Skipping weekend date: 2025-12-07 for AGARWALEYE.NS
2025-12-07 18:02:44,032 - INFO - Skipping weekend date: 2025-12-06 for LALPATHLAB.NS
2025-12-07 18:02:44,032 - INFO - Skipping weekend date: 2025-12-07 for LALPATHLAB.NS
2025-12-07 18:02:44,034 - INFO - Skipping weekend date: 2025-12-06 for DRREDDY.NS
2025-12-07 18:02:44,034 - INFO - Skipping weekend date: 2025-12-07 for DRREDDY.NS
2025-12-07 18:02:44,046 - INFO - Skipping weekend date: 2025-12-06 for EIDPARRY.NS
2025-12-07 18:02:44,058 - INFO - Skipping weekend date: 2025-12-07 for EIDPARRY.NS
2025-12-07 18:02:44,063 - INFO - Skipping weekend date: 2025-12-06 for EIHOTEL.NS
2025-12-07 18:02:44,063 - INFO - Skipping weekend date: 2025-12-07 for EIHOTEL.NS
2025-12-07 18:02:44,064 - INFO - Skipping weekend date: 2025-12-06 for EICHERMOT.NS
2025-12-07 18:02:44,065 - INFO - Skipping weekend date: 2025-12-07 for EICHERMOT.NS
2025-12-07 18:02:44,066 - INFO - Skipping weekend date: 2025-12-06 for ELECON.NS
2025-12-07 18:02:44,066 - INFO - Skipping weekend date: 2025-12-07 for ELECON.NS
2025-12-07 18:02:44,068 - INFO - Skipping weekend date: 2025-12-06 for ELGIEQUIP.NS
2025-12-07 18:02:44,068 - INFO - Skipping weekend date: 2025-12-07 for ELGIEQUIP.NS
2025-12-07 18:02:44,071 - INFO - Skipping weekend date: 2025-12-06 for EMAMILTD.NS
2025-12-07 18:02:44,074 - INFO - Skipping weekend date: 2025-12-07 for EMAMILTD.NS
2025-12-07 18:02:44,076 - INFO - Skipping weekend date: 2025-12-06 for EMCURE.NS
2025-12-07 18:02:44,076 - INFO - Skipping weekend date: 2025-12-07 for EMCURE.NS
2025-12-07 18:02:44,077 - INFO - Skipping weekend date: 2025-12-06 for ENDURANCE.NS
2025-12-07 18:02:44,078 - INFO - Skipping weekend date: 2025-12-07 for ENDURANCE.NS
2025-12-07 18:02:44,079 - INFO - Skipping weekend date: 2025-12-06 for ENGINERSIN.NS
2025-12-07 18:02:44,079 - INFO - Skipping weekend date: 2025-12-07 for ENGINERSIN.NS
2025-12-07 18:02:44,081 - INFO - Skipping weekend date: 2025-12-06 for ERIS.NS
2025-12-07 18:02:44,081 - INFO - Skipping weekend date: 2025-12-07 for ERIS.NS
2025-12-07 18:02:44,083 - INFO - Skipping weekend date: 2025-12-06 for ESCORTS.NS
2025-12-07 18:02:44,083 - INFO - Skipping weekend date: 2025-12-07 for ESCORTS.NS
2025-12-07 18:02:44,084 - INFO - Skipping weekend date: 2025-12-06 for ETERNAL.NS
2025-12-07 18:02:44,084 - INFO - Skipping weekend date: 2025-12-07 for ETERNAL.NS
2025-12-07 18:02:44,088 - INFO - Skipping weekend date: 2025-12-06 for EXIDEIND.NS
2025-12-07 18:02:44,090 - INFO - Skipping weekend date: 2025-12-07 for EXIDEIND.NS
2025-12-07 18:02:44,092 - INFO - Skipping weekend date: 2025-12-06 for NYKAA.NS
2025-12-07 18:02:44,092 - INFO - Skipping weekend date: 2025-12-07 for NYKAA.NS
2025-12-07 18:02:44,094 - INFO - Skipping weekend date: 2025-12-06 for FEDERALBNK.NS
2025-12-07 18:02:44,094 - INFO - Skipping weekend date: 2025-12-07 for FEDERALBNK.NS
2025-12-07 18:02:44,095 - INFO - Skipping weekend date: 2025-12-06 for FACT.NS
2025-12-07 18:02:44,096 - INFO - Skipping weekend date: 2025-12-07 for FACT.NS
2025-12-07 18:02:44,097 - INFO - Skipping weekend date: 2025-12-06 for FINCABLES.NS
2025-12-07 18:02:44,097 - INFO - Skipping weekend date: 2025-12-07 for FINCABLES.NS
2025-12-07 18:02:44,099 - INFO - Skipping weekend date: 2025-12-06 for FINPIPE.NS
2025-12-07 18:02:44,099 - INFO - Skipping weekend date: 2025-12-07 for FINPIPE.NS
2025-12-07 18:02:44,100 - INFO - Skipping weekend date: 2025-12-06 for FSL.NS
2025-12-07 18:02:44,101 - INFO - Skipping weekend date: 2025-12-07 for FSL.NS
2025-12-07 18:02:44,102 - INFO - Skipping weekend date: 2025-12-06 for FIVESTAR.NS
2025-12-07 18:02:44,103 - INFO - Skipping weekend date: 2025-12-07 for FIVESTAR.NS
2025-12-07 18:02:44,108 - INFO - Skipping weekend date: 2025-12-06 for FORCEMOT.NS
2025-12-07 18:02:44,109 - INFO - Skipping weekend date: 2025-12-07 for FORCEMOT.NS
2025-12-07 18:02:44,110 - INFO - Skipping weekend date: 2025-12-06 for FORTIS.NS
2025-12-07 18:02:44,110 - INFO - Skipping weekend date: 2025-12-07 for FORTIS.NS
2025-12-07 18:02:44,111 - INFO - Skipping weekend date: 2025-12-06 for GAIL.NS
2025-12-07 18:02:44,111 - INFO - Skipping weekend date: 2025-12-07 for GAIL.NS
2025-12-07 18:02:44,113 - INFO - Skipping weekend date: 2025-12-06 for GVT&D.NS
2025-12-07 18:02:44,113 - INFO - Skipping weekend date: 2025-12-07 for GVT&D.NS
2025-12-07 18:02:44,114 - INFO - Skipping weekend date: 2025-12-06 for GMRAIRPORT.NS
2025-12-07 18:02:44,114 - INFO - Skipping weekend date: 2025-12-07 for GMRAIRPORT.NS
2025-12-07 18:02:44,115 - INFO - Skipping weekend date: 2025-12-06 for GRSE.NS
2025-12-07 18:02:44,116 - INFO - Skipping weekend date: 2025-12-07 for GRSE.NS
2025-12-07 18:02:44,117 - INFO - Skipping weekend date: 2025-12-06 for GICRE.NS
2025-12-07 18:02:44,117 - INFO - Skipping weekend date: 2025-12-07 for GICRE.NS
2025-12-07 18:02:44,119 - INFO - Skipping weekend date: 2025-12-06 for GILLETTE.NS
2025-12-07 18:02:44,120 - INFO - Skipping weekend date: 2025-12-07 for GILLETTE.NS
2025-12-07 18:02:44,125 - INFO - Skipping weekend date: 2025-12-06 for GLAND.NS
2025-12-07 18:02:44,125 - INFO - Skipping weekend date: 2025-12-07 for GLAND.NS
2025-12-07 18:02:44,126 - INFO - Skipping weekend date: 2025-12-06 for GLAXO.NS
2025-12-07 18:02:44,126 - INFO - Skipping weekend date: 2025-12-07 for GLAXO.NS
2025-12-07 18:02:44,128 - INFO - Skipping weekend date: 2025-12-06 for GLENMARK.NS
2025-12-07 18:02:44,128 - INFO - Skipping weekend date: 2025-12-07 for GLENMARK.NS
2025-12-07 18:02:44,129 - INFO - Skipping weekend date: 2025-12-06 for MEDANTA.NS
2025-12-07 18:02:44,129 - INFO - Skipping weekend date: 2025-12-07 for MEDANTA.NS
2025-12-07 18:02:44,131 - INFO - Skipping weekend date: 2025-12-06 for GODIGIT.NS
2025-12-07 18:02:44,131 - INFO - Skipping weekend date: 2025-12-07 for GODIGIT.NS
2025-12-07 18:02:44,132 - INFO - Skipping weekend date: 2025-12-06 for GPIL.NS
2025-12-07 18:02:44,132 - INFO - Skipping weekend date: 2025-12-07 for GPIL.NS
2025-12-07 18:02:44,134 - INFO - Skipping weekend date: 2025-12-06 for GODFRYPHLP.NS
2025-12-07 18:02:44,134 - INFO - Skipping weekend date: 2025-12-07 for GODFRYPHLP.NS
2025-12-07 18:02:44,142 - INFO - Skipping weekend date: 2025-12-06 for GODREJAGRO.NS
2025-12-07 18:02:44,143 - INFO - Skipping weekend date: 2025-12-07 for GODREJAGRO.NS
2025-12-07 18:02:44,145 - INFO - Skipping weekend date: 2025-12-06 for GODREJCP.NS
2025-12-07 18:02:44,145 - INFO - Skipping weekend date: 2025-12-07 for GODREJCP.NS
2025-12-07 18:02:44,146 - INFO - Skipping weekend date: 2025-12-06 for GODREJIND.NS
2025-12-07 18:02:44,147 - INFO - Skipping weekend date: 2025-12-07 for GODREJIND.NS
2025-12-07 18:02:44,148 - INFO - Skipping weekend date: 2025-12-06 for GODREJPROP.NS
2025-12-07 18:02:44,149 - INFO - Skipping weekend date: 2025-12-07 for GODREJPROP.NS
2025-12-07 18:02:44,165 - INFO - Skipping weekend date: 2025-12-06 for GRANULES.NS
2025-12-07 18:02:44,166 - INFO - Skipping weekend date: 2025-12-07 for GRANULES.NS
2025-12-07 18:02:44,167 - INFO - Skipping weekend date: 2025-12-06 for GRAPHITE.NS
2025-12-07 18:02:44,167 - INFO - Skipping weekend date: 2025-12-07 for GRAPHITE.NS
2025-12-07 18:02:44,169 - INFO - Skipping weekend date: 2025-12-06 for GRASIM.NS
2025-12-07 18:02:44,169 - INFO - Skipping weekend date: 2025-12-07 for GRASIM.NS
2025-12-07 18:02:44,174 - INFO - Skipping weekend date: 2025-12-06 for GRAVITA.NS
2025-12-07 18:02:44,175 - INFO - Skipping weekend date: 2025-12-07 for GRAVITA.NS
2025-12-07 18:02:44,176 - INFO - Skipping weekend date: 2025-12-06 for GESHIP.NS
2025-12-07 18:02:44,176 - INFO - Skipping weekend date: 2025-12-07 for GESHIP.NS
2025-12-07 18:02:44,178 - INFO - Skipping weekend date: 2025-12-06 for FLUOROCHEM.NS
2025-12-07 18:02:44,178 - INFO - Skipping weekend date: 2025-12-07 for FLUOROCHEM.NS
2025-12-07 18:02:44,179 - INFO - Skipping weekend date: 2025-12-06 for GUJGASLTD.NS
2025-12-07 18:02:44,180 - INFO - Skipping weekend date: 2025-12-07 for GUJGASLTD.NS
2025-12-07 18:02:44,181 - INFO - Skipping weekend date: 2025-12-06 for GMDCLTD.NS
2025-12-07 18:02:44,182 - INFO - Skipping weekend date: 2025-12-07 for GMDCLTD.NS
2025-12-07 18:02:44,183 - INFO - Skipping weekend date: 2025-12-06 for GSPL.NS
2025-12-07 18:02:44,183 - INFO - Skipping weekend date: 2025-12-07 for GSPL.NS
2025-12-07 18:02:44,185 - INFO - Skipping weekend date: 2025-12-06 for HEG.NS
2025-12-07 18:02:44,185 - INFO - Skipping weekend date: 2025-12-07 for HEG.NS
2025-12-07 18:02:44,190 - INFO - Skipping weekend date: 2025-12-06 for HBLENGINE.NS
2025-12-07 18:02:44,191 - INFO - Skipping weekend date: 2025-12-07 for HBLENGINE.NS
2025-12-07 18:02:44,193 - INFO - Skipping weekend date: 2025-12-06 for HCLTECH.NS
2025-12-07 18:02:44,193 - INFO - Skipping weekend date: 2025-12-07 for HCLTECH.NS
2025-12-07 18:02:44,195 - INFO - Skipping weekend date: 2025-12-06 for HDFCAMC.NS
2025-12-07 18:02:44,195 - INFO - Skipping weekend date: 2025-12-07 for HDFCAMC.NS
2025-12-07 18:02:44,197 - INFO - Skipping weekend date: 2025-12-06 for HDFCBANK.NS
2025-12-07 18:02:44,197 - INFO - Skipping weekend date: 2025-12-07 for HDFCBANK.NS
2025-12-07 18:02:44,199 - INFO - Skipping weekend date: 2025-12-06 for HDFCLIFE.NS
2025-12-07 18:02:44,199 - INFO - Skipping weekend date: 2025-12-07 for HDFCLIFE.NS
2025-12-07 18:02:44,200 - INFO - Skipping weekend date: 2025-12-06 for HFCL.NS
2025-12-07 18:02:44,200 - INFO - Skipping weekend date: 2025-12-07 for HFCL.NS
2025-12-07 18:02:44,202 - INFO - Skipping weekend date: 2025-12-06 for HAPPSTMNDS.NS
2025-12-07 18:02:44,202 - INFO - Skipping weekend date: 2025-12-07 for HAPPSTMNDS.NS
2025-12-07 18:02:44,207 - INFO - Skipping weekend date: 2025-12-06 for HAVELLS.NS
2025-12-07 18:02:44,207 - INFO - Skipping weekend date: 2025-12-07 for HAVELLS.NS
2025-12-07 18:02:44,210 - INFO - Skipping weekend date: 2025-12-06 for HEROMOTOCO.NS
2025-12-07 18:02:44,210 - INFO - Skipping weekend date: 2025-12-07 for HEROMOTOCO.NS
2025-12-07 18:02:44,212 - INFO - Skipping weekend date: 2025-12-06 for HEXT.NS
2025-12-07 18:02:44,213 - INFO - Skipping weekend date: 2025-12-07 for HEXT.NS
2025-12-07 18:02:44,216 - INFO - Skipping weekend date: 2025-12-06 for HSCL.NS
2025-12-07 18:02:44,217 - INFO - Skipping weekend date: 2025-12-07 for HSCL.NS
2025-12-07 18:02:44,218 - INFO - Skipping weekend date: 2025-12-06 for HINDALCO.NS
2025-12-07 18:02:44,218 - INFO - Skipping weekend date: 2025-12-07 for HINDALCO.NS
2025-12-07 18:02:44,224 - INFO - Skipping weekend date: 2025-12-06 for HAL.NS
2025-12-07 18:02:44,225 - INFO - Skipping weekend date: 2025-12-07 for HAL.NS
2025-12-07 18:02:44,226 - INFO - Skipping weekend date: 2025-12-06 for HINDCOPPER.NS
2025-12-07 18:02:44,227 - INFO - Skipping weekend date: 2025-12-07 for HINDCOPPER.NS
2025-12-07 18:02:44,228 - INFO - Skipping weekend date: 2025-12-06 for HINDPETRO.NS
2025-12-07 18:02:44,229 - INFO - Skipping weekend date: 2025-12-07 for HINDPETRO.NS
2025-12-07 18:02:44,230 - INFO - Skipping weekend date: 2025-12-06 for HINDUNILVR.NS
2025-12-07 18:02:44,230 - INFO - Skipping weekend date: 2025-12-07 for HINDUNILVR.NS
2025-12-07 18:02:44,232 - INFO - Skipping weekend date: 2025-12-06 for HINDZINC.NS
2025-12-07 18:02:44,232 - INFO - Skipping weekend date: 2025-12-07 for HINDZINC.NS
2025-12-07 18:02:44,233 - INFO - Skipping weekend date: 2025-12-06 for POWERINDIA.NS
2025-12-07 18:02:44,234 - INFO - Skipping weekend date: 2025-12-07 for POWERINDIA.NS
2025-12-07 18:02:44,235 - INFO - Skipping weekend date: 2025-12-06 for HOMEFIRST.NS
2025-12-07 18:02:44,236 - INFO - Skipping weekend date: 2025-12-07 for HOMEFIRST.NS
2025-12-07 18:02:44,241 - INFO - Skipping weekend date: 2025-12-06 for HONASA.NS
2025-12-07 18:02:44,242 - INFO - Skipping weekend date: 2025-12-07 for HONASA.NS
2025-12-07 18:02:44,244 - INFO - Skipping weekend date: 2025-12-06 for HONAUT.NS
2025-12-07 18:02:44,244 - INFO - Skipping weekend date: 2025-12-07 for HONAUT.NS
2025-12-07 18:02:44,245 - INFO - Skipping weekend date: 2025-12-06 for HUDCO.NS
2025-12-07 18:02:44,246 - INFO - Skipping weekend date: 2025-12-07 for HUDCO.NS
2025-12-07 18:02:44,247 - INFO - Skipping weekend date: 2025-12-06 for HYUNDAI.NS
2025-12-07 18:02:44,247 - INFO - Skipping weekend date: 2025-12-07 for HYUNDAI.NS
2025-12-07 18:02:44,248 - INFO - Skipping weekend date: 2025-12-06 for ICICIBANK.NS
2025-12-07 18:02:44,249 - INFO - Skipping weekend date: 2025-12-07 for ICICIBANK.NS
2025-12-07 18:02:44,250 - INFO - Skipping weekend date: 2025-12-06 for ICICIGI.NS
2025-12-07 18:02:44,250 - INFO - Skipping weekend date: 2025-12-07 for ICICIGI.NS
2025-12-07 18:02:44,252 - INFO - Skipping weekend date: 2025-12-06 for ICICIPRULI.NS
2025-12-07 18:02:44,252 - INFO - Skipping weekend date: 2025-12-07 for ICICIPRULI.NS
2025-12-07 18:02:44,257 - INFO - Skipping weekend date: 2025-12-06 for IDBI.NS
2025-12-07 18:02:44,258 - INFO - Skipping weekend date: 2025-12-07 for IDBI.NS
2025-12-07 18:02:44,259 - INFO - Skipping weekend date: 2025-12-06 for IDFCFIRSTB.NS
2025-12-07 18:02:44,260 - INFO - Skipping weekend date: 2025-12-07 for IDFCFIRSTB.NS
2025-12-07 18:02:44,261 - INFO - Skipping weekend date: 2025-12-06 for IFCI.NS
2025-12-07 18:02:44,261 - INFO - Skipping weekend date: 2025-12-07 for IFCI.NS
2025-12-07 18:02:44,263 - INFO - Skipping weekend date: 2025-12-06 for IIFL.NS
2025-12-07 18:02:44,263 - INFO - Skipping weekend date: 2025-12-07 for IIFL.NS
2025-12-07 18:02:44,264 - INFO - Skipping weekend date: 2025-12-06 for INOXINDIA.NS
2025-12-07 18:02:44,264 - INFO - Skipping weekend date: 2025-12-07 for INOXINDIA.NS
2025-12-07 18:02:44,266 - INFO - Skipping weekend date: 2025-12-06 for IRB.NS
2025-12-07 18:02:44,266 - INFO - Skipping weekend date: 2025-12-07 for IRB.NS
2025-12-07 18:02:44,267 - INFO - Skipping weekend date: 2025-12-06 for IRCON.NS
2025-12-07 18:02:44,267 - INFO - Skipping weekend date: 2025-12-07 for IRCON.NS
2025-12-07 18:02:44,269 - INFO - Skipping weekend date: 2025-12-06 for ITCHOTELS.NS
2025-12-07 18:02:44,269 - INFO - Skipping weekend date: 2025-12-07 for ITCHOTELS.NS
2025-12-07 18:02:44,275 - INFO - Skipping weekend date: 2025-12-06 for ITC.NS
2025-12-07 18:02:44,275 - INFO - Skipping weekend date: 2025-12-07 for ITC.NS
2025-12-07 18:02:44,277 - INFO - Skipping weekend date: 2025-12-06 for ITI.NS
2025-12-07 18:02:44,277 - INFO - Skipping weekend date: 2025-12-07 for ITI.NS
2025-12-07 18:02:44,278 - INFO - Skipping weekend date: 2025-12-06 for INDGN.NS
2025-12-07 18:02:44,279 - INFO - Skipping weekend date: 2025-12-07 for INDGN.NS
2025-12-07 18:02:44,280 - INFO - Skipping weekend date: 2025-12-06 for INDIACEM.NS
2025-12-07 18:02:44,280 - INFO - Skipping weekend date: 2025-12-07 for INDIACEM.NS
2025-12-07 18:02:44,282 - INFO - Skipping weekend date: 2025-12-06 for INDIAMART.NS
2025-12-07 18:02:44,282 - INFO - Skipping weekend date: 2025-12-07 for INDIAMART.NS
2025-12-07 18:02:44,283 - INFO - Skipping weekend date: 2025-12-06 for INDIANB.NS
2025-12-07 18:02:44,283 - INFO - Skipping weekend date: 2025-12-07 for INDIANB.NS
2025-12-07 18:02:44,284 - INFO - Skipping weekend date: 2025-12-06 for IEX.NS
2025-12-07 18:02:44,285 - INFO - Skipping weekend date: 2025-12-07 for IEX.NS
2025-12-07 18:02:44,292 - INFO - Skipping weekend date: 2025-12-06 for INDHOTEL.NS
2025-12-07 18:02:44,292 - INFO - Skipping weekend date: 2025-12-07 for INDHOTEL.NS
2025-12-07 18:02:44,295 - INFO - Skipping weekend date: 2025-12-06 for IOC.NS
2025-12-07 18:02:44,296 - INFO - Skipping weekend date: 2025-12-07 for IOC.NS
2025-12-07 18:02:44,297 - INFO - Skipping weekend date: 2025-12-06 for IOB.NS
2025-12-07 18:02:44,298 - INFO - Skipping weekend date: 2025-12-07 for IOB.NS
2025-12-07 18:02:44,299 - INFO - Skipping weekend date: 2025-12-06 for IRCTC.NS
2025-12-07 18:02:44,299 - INFO - Skipping weekend date: 2025-12-07 for IRCTC.NS
2025-12-07 18:02:44,300 - INFO - Skipping weekend date: 2025-12-06 for IRFC.NS
2025-12-07 18:02:44,300 - INFO - Skipping weekend date: 2025-12-07 for IRFC.NS
2025-12-07 18:02:44,302 - INFO - Skipping weekend date: 2025-12-06 for IREDA.NS
2025-12-07 18:02:44,302 - INFO - Skipping weekend date: 2025-12-07 for IREDA.NS
2025-12-07 18:02:44,309 - INFO - Skipping weekend date: 2025-12-06 for IGL.NS
2025-12-07 18:02:44,310 - INFO - Skipping weekend date: 2025-12-07 for IGL.NS
2025-12-07 18:02:44,311 - INFO - Skipping weekend date: 2025-12-06 for INDUSTOWER.NS
2025-12-07 18:02:44,312 - INFO - Skipping weekend date: 2025-12-07 for INDUSTOWER.NS
2025-12-07 18:02:44,313 - INFO - Skipping weekend date: 2025-12-06 for INDUSINDBK.NS
2025-12-07 18:02:44,313 - INFO - Skipping weekend date: 2025-12-07 for INDUSINDBK.NS
2025-12-07 18:02:44,314 - INFO - Skipping weekend date: 2025-12-06 for NAUKRI.NS
2025-12-07 18:02:44,314 - INFO - Skipping weekend date: 2025-12-07 for NAUKRI.NS
2025-12-07 18:02:44,316 - INFO - Skipping weekend date: 2025-12-06 for INFY.NS
2025-12-07 18:02:44,316 - INFO - Skipping weekend date: 2025-12-07 for INFY.NS
2025-12-07 18:02:44,317 - INFO - Skipping weekend date: 2025-12-06 for INOXWIND.NS
2025-12-07 18:02:44,317 - INFO - Skipping weekend date: 2025-12-07 for INOXWIND.NS
2025-12-07 18:02:44,319 - INFO - Skipping weekend date: 2025-12-06 for INTELLECT.NS
2025-12-07 18:02:44,320 - INFO - Skipping weekend date: 2025-12-07 for INTELLECT.NS
2025-12-07 18:02:44,325 - INFO - Skipping weekend date: 2025-12-06 for INDIGO.NS
2025-12-07 18:02:44,325 - INFO - Skipping weekend date: 2025-12-07 for INDIGO.NS
2025-12-07 18:02:44,327 - INFO - Skipping weekend date: 2025-12-06 for IGIL.NS
2025-12-07 18:02:44,327 - INFO - Skipping weekend date: 2025-12-07 for IGIL.NS
2025-12-07 18:02:44,328 - INFO - Skipping weekend date: 2025-12-06 for IKS.NS
2025-12-07 18:02:44,329 - INFO - Skipping weekend date: 2025-12-07 for IKS.NS
2025-12-07 18:02:44,330 - INFO - Skipping weekend date: 2025-12-06 for IPCALAB.NS
2025-12-07 18:02:44,330 - INFO - Skipping weekend date: 2025-12-07 for IPCALAB.NS
2025-12-07 18:02:44,331 - INFO - Skipping weekend date: 2025-12-06 for JBCHEPHARM.NS
2025-12-07 18:02:44,331 - INFO - Skipping weekend date: 2025-12-07 for JBCHEPHARM.NS
2025-12-07 18:02:44,332 - INFO - Skipping weekend date: 2025-12-06 for JKCEMENT.NS
2025-12-07 18:02:44,333 - INFO - Skipping weekend date: 2025-12-07 for JKCEMENT.NS
2025-12-07 18:02:44,334 - INFO - Skipping weekend date: 2025-12-06 for JBMA.NS
2025-12-07 18:02:44,335 - INFO - Skipping weekend date: 2025-12-07 for JBMA.NS
2025-12-07 18:02:44,341 - INFO - Skipping weekend date: 2025-12-06 for JKTYRE.NS
2025-12-07 18:02:44,342 - INFO - Skipping weekend date: 2025-12-07 for JKTYRE.NS
2025-12-07 18:02:44,343 - INFO - Skipping weekend date: 2025-12-06 for JMFINANCIL.NS
2025-12-07 18:02:44,343 - INFO - Skipping weekend date: 2025-12-07 for JMFINANCIL.NS
2025-12-07 18:02:44,345 - INFO - Skipping weekend date: 2025-12-06 for JSWENERGY.NS
2025-12-07 18:02:44,345 - INFO - Skipping weekend date: 2025-12-07 for JSWENERGY.NS
2025-12-07 18:02:44,346 - INFO - Skipping weekend date: 2025-12-06 for JSWINFRA.NS
2025-12-07 18:02:44,346 - INFO - Skipping weekend date: 2025-12-07 for JSWINFRA.NS
2025-12-07 18:02:44,348 - INFO - Skipping weekend date: 2025-12-06 for JSWSTEEL.NS
2025-12-07 18:02:44,348 - INFO - Skipping weekend date: 2025-12-07 for JSWSTEEL.NS
2025-12-07 18:02:44,350 - INFO - Skipping weekend date: 2025-12-06 for JPPOWER.NS
2025-12-07 18:02:44,350 - INFO - Skipping weekend date: 2025-12-07 for JPPOWER.NS
2025-12-07 18:02:44,351 - INFO - Skipping weekend date: 2025-12-06 for J&KBANK.NS
2025-12-07 18:02:44,352 - INFO - Skipping weekend date: 2025-12-07 for J&KBANK.NS
2025-12-07 18:02:44,357 - INFO - Skipping weekend date: 2025-12-06 for JINDALSAW.NS
2025-12-07 18:02:44,358 - INFO - Skipping weekend date: 2025-12-07 for JINDALSAW.NS
2025-12-07 18:02:44,359 - INFO - Skipping weekend date: 2025-12-06 for JSL.NS
2025-12-07 18:02:44,360 - INFO - Skipping weekend date: 2025-12-07 for JSL.NS
2025-12-07 18:02:44,361 - INFO - Skipping weekend date: 2025-12-06 for JINDALSTEL.NS
2025-12-07 18:02:44,361 - INFO - Skipping weekend date: 2025-12-07 for JINDALSTEL.NS
2025-12-07 18:02:44,362 - INFO - Skipping weekend date: 2025-12-06 for JIOFIN.NS
2025-12-07 18:02:44,362 - INFO - Skipping weekend date: 2025-12-07 for JIOFIN.NS
2025-12-07 18:02:44,364 - INFO - Skipping weekend date: 2025-12-06 for JUBLFOOD.NS
2025-12-07 18:02:44,364 - INFO - Skipping weekend date: 2025-12-07 for JUBLFOOD.NS
2025-12-07 18:02:44,366 - INFO - Skipping weekend date: 2025-12-06 for JUBLINGREA.NS
2025-12-07 18:02:44,366 - INFO - Skipping weekend date: 2025-12-07 for JUBLINGREA.NS
2025-12-07 18:02:44,367 - INFO - Skipping weekend date: 2025-12-06 for JUBLPHARMA.NS
2025-12-07 18:02:44,368 - INFO - Skipping weekend date: 2025-12-07 for JUBLPHARMA.NS
2025-12-07 18:02:44,373 - INFO - Skipping weekend date: 2025-12-06 for JWL.NS
2025-12-07 18:02:44,374 - INFO - Skipping weekend date: 2025-12-07 for JWL.NS
2025-12-07 18:02:44,377 - INFO - Skipping weekend date: 2025-12-06 for JYOTHYLAB.NS
2025-12-07 18:02:44,378 - INFO - Skipping weekend date: 2025-12-07 for JYOTHYLAB.NS
2025-12-07 18:02:44,379 - INFO - Skipping weekend date: 2025-12-06 for JYOTICNC.NS
2025-12-07 18:02:44,379 - INFO - Skipping weekend date: 2025-12-07 for JYOTICNC.NS
2025-12-07 18:02:44,380 - INFO - Skipping weekend date: 2025-12-06 for KPRMILL.NS
2025-12-07 18:02:44,381 - INFO - Skipping weekend date: 2025-12-07 for KPRMILL.NS
2025-12-07 18:02:44,382 - INFO - Skipping weekend date: 2025-12-06 for KEI.NS
2025-12-07 18:02:44,382 - INFO - Skipping weekend date: 2025-12-07 for KEI.NS
2025-12-07 18:02:44,384 - INFO - Skipping weekend date: 2025-12-06 for KPITTECH.NS
2025-12-07 18:02:44,384 - INFO - Skipping weekend date: 2025-12-07 for KPITTECH.NS
2025-12-07 18:02:44,387 - INFO - Skipping weekend date: 2025-12-06 for KSB.NS
2025-12-07 18:02:44,388 - INFO - Skipping weekend date: 2025-12-07 for KSB.NS
2025-12-07 18:02:44,392 - INFO - Skipping weekend date: 2025-12-06 for KAJARIACER.NS
2025-12-07 18:02:44,392 - INFO - Skipping weekend date: 2025-12-07 for KAJARIACER.NS
2025-12-07 18:02:44,394 - INFO - Skipping weekend date: 2025-12-06 for KPIL.NS
2025-12-07 18:02:44,394 - INFO - Skipping weekend date: 2025-12-07 for KPIL.NS
2025-12-07 18:02:44,396 - INFO - Skipping weekend date: 2025-12-06 for KALYANKJIL.NS
2025-12-07 18:02:44,396 - INFO - Skipping weekend date: 2025-12-07 for KALYANKJIL.NS
2025-12-07 18:02:44,398 - INFO - Skipping weekend date: 2025-12-06 for KARURVYSYA.NS
2025-12-07 18:02:44,398 - INFO - Skipping weekend date: 2025-12-07 for KARURVYSYA.NS
2025-12-07 18:02:44,400 - INFO - Skipping weekend date: 2025-12-06 for KAYNES.NS
2025-12-07 18:02:44,400 - INFO - Skipping weekend date: 2025-12-07 for KAYNES.NS
2025-12-07 18:02:44,403 - INFO - Skipping weekend date: 2025-12-06 for KEC.NS
2025-12-07 18:02:44,405 - INFO - Skipping weekend date: 2025-12-07 for KEC.NS
2025-12-07 18:02:44,408 - INFO - Skipping weekend date: 2025-12-06 for KFINTECH.NS
2025-12-07 18:02:44,409 - INFO - Skipping weekend date: 2025-12-07 for KFINTECH.NS
2025-12-07 18:02:44,410 - INFO - Skipping weekend date: 2025-12-06 for KIRLOSBROS.NS
2025-12-07 18:02:44,410 - INFO - Skipping weekend date: 2025-12-07 for KIRLOSBROS.NS
2025-12-07 18:02:44,411 - INFO - Skipping weekend date: 2025-12-06 for KIRLOSENG.NS
2025-12-07 18:02:44,412 - INFO - Skipping weekend date: 2025-12-07 for KIRLOSENG.NS
2025-12-07 18:02:44,414 - INFO - Skipping weekend date: 2025-12-06 for KOTAKBANK.NS
2025-12-07 18:02:44,414 - INFO - Skipping weekend date: 2025-12-07 for KOTAKBANK.NS
2025-12-07 18:02:44,416 - INFO - Skipping weekend date: 2025-12-06 for KIMS.NS
2025-12-07 18:02:44,416 - INFO - Skipping weekend date: 2025-12-07 for KIMS.NS
2025-12-07 18:02:44,418 - INFO - Skipping weekend date: 2025-12-06 for LTF.NS
2025-12-07 18:02:44,418 - INFO - Skipping weekend date: 2025-12-07 for LTF.NS
2025-12-07 18:02:44,423 - INFO - Skipping weekend date: 2025-12-06 for LTTS.NS
2025-12-07 18:02:44,424 - INFO - Skipping weekend date: 2025-12-07 for LTTS.NS
2025-12-07 18:02:44,426 - INFO - Skipping weekend date: 2025-12-06 for LICHSGFIN.NS
2025-12-07 18:02:44,427 - INFO - Skipping weekend date: 2025-12-07 for LICHSGFIN.NS
2025-12-07 18:02:44,429 - INFO - Skipping weekend date: 2025-12-06 for LTFOODS.NS
2025-12-07 18:02:44,429 - INFO - Skipping weekend date: 2025-12-07 for LTFOODS.NS
2025-12-07 18:02:44,430 - INFO - Skipping weekend date: 2025-12-06 for LTIM.NS
2025-12-07 18:02:44,431 - INFO - Skipping weekend date: 2025-12-07 for LTIM.NS
2025-12-07 18:02:44,432 - INFO - Skipping weekend date: 2025-12-06 for LT.NS
2025-12-07 18:02:44,432 - INFO - Skipping weekend date: 2025-12-07 for LT.NS
2025-12-07 18:02:44,433 - INFO - Skipping weekend date: 2025-12-06 for LATENTVIEW.NS
2025-12-07 18:02:44,434 - INFO - Skipping weekend date: 2025-12-07 for LATENTVIEW.NS
2025-12-07 18:02:44,435 - INFO - Skipping weekend date: 2025-12-06 for LAURUSLABS.NS
2025-12-07 18:02:44,435 - INFO - Skipping weekend date: 2025-12-07 for LAURUSLABS.NS
2025-12-07 18:02:44,441 - INFO - Skipping weekend date: 2025-12-06 for THELEELA.NS
2025-12-07 18:02:44,441 - INFO - Skipping weekend date: 2025-12-07 for THELEELA.NS
2025-12-07 18:02:44,443 - INFO - Skipping weekend date: 2025-12-06 for LEMONTREE.NS
2025-12-07 18:02:44,443 - INFO - Skipping weekend date: 2025-12-07 for LEMONTREE.NS
2025-12-07 18:02:44,444 - INFO - Skipping weekend date: 2025-12-06 for LICI.NS
2025-12-07 18:02:44,445 - INFO - Skipping weekend date: 2025-12-07 for LICI.NS
2025-12-07 18:02:44,446 - INFO - Skipping weekend date: 2025-12-06 for LINDEINDIA.NS
2025-12-07 18:02:44,447 - INFO - Skipping weekend date: 2025-12-07 for LINDEINDIA.NS
2025-12-07 18:02:44,450 - INFO - Skipping weekend date: 2025-12-06 for LLOYDSME.NS
2025-12-07 18:02:44,451 - INFO - Skipping weekend date: 2025-12-07 for LLOYDSME.NS
2025-12-07 18:02:44,452 - INFO - Skipping weekend date: 2025-12-06 for LODHA.NS
2025-12-07 18:02:44,455 - INFO - Skipping weekend date: 2025-12-07 for LODHA.NS
2025-12-07 18:02:44,459 - INFO - Skipping weekend date: 2025-12-06 for LUPIN.NS
2025-12-07 18:02:44,459 - INFO - Skipping weekend date: 2025-12-07 for LUPIN.NS
2025-12-07 18:02:44,461 - INFO - Skipping weekend date: 2025-12-06 for MMTC.NS
2025-12-07 18:02:44,461 - INFO - Skipping weekend date: 2025-12-07 for MMTC.NS
2025-12-07 18:02:44,463 - INFO - Skipping weekend date: 2025-12-06 for MRF.NS
2025-12-07 18:02:44,463 - INFO - Skipping weekend date: 2025-12-07 for MRF.NS
2025-12-07 18:02:44,466 - INFO - Skipping weekend date: 2025-12-06 for MGL.NS
2025-12-07 18:02:44,466 - INFO - Skipping weekend date: 2025-12-07 for MGL.NS
2025-12-07 18:02:44,468 - INFO - Skipping weekend date: 2025-12-06 for MAHSCOOTER.NS
2025-12-07 18:02:44,468 - INFO - Skipping weekend date: 2025-12-07 for MAHSCOOTER.NS
2025-12-07 18:02:44,471 - INFO - Skipping weekend date: 2025-12-06 for MAHSEAMLES.NS
2025-12-07 18:02:44,472 - INFO - Skipping weekend date: 2025-12-07 for MAHSEAMLES.NS
2025-12-07 18:02:44,475 - INFO - Skipping weekend date: 2025-12-06 for M&MFIN.NS
2025-12-07 18:02:44,475 - INFO - Skipping weekend date: 2025-12-07 for M&MFIN.NS
2025-12-07 18:02:44,477 - INFO - Skipping weekend date: 2025-12-06 for M&M.NS
2025-12-07 18:02:44,477 - INFO - Skipping weekend date: 2025-12-07 for M&M.NS
2025-12-07 18:02:44,478 - INFO - Skipping weekend date: 2025-12-06 for MANAPPURAM.NS
2025-12-07 18:02:44,478 - INFO - Skipping weekend date: 2025-12-07 for MANAPPURAM.NS
2025-12-07 18:02:44,480 - INFO - Skipping weekend date: 2025-12-06 for MRPL.NS
2025-12-07 18:02:44,480 - INFO - Skipping weekend date: 2025-12-07 for MRPL.NS
2025-12-07 18:02:44,481 - INFO - Skipping weekend date: 2025-12-06 for MANKIND.NS
2025-12-07 18:02:44,481 - INFO - Skipping weekend date: 2025-12-07 for MANKIND.NS
2025-12-07 18:02:44,483 - INFO - Skipping weekend date: 2025-12-06 for MARICO.NS
2025-12-07 18:02:44,483 - INFO - Skipping weekend date: 2025-12-07 for MARICO.NS
2025-12-07 18:02:44,484 - INFO - Skipping weekend date: 2025-12-06 for MARUTI.NS
2025-12-07 18:02:44,484 - INFO - Skipping weekend date: 2025-12-07 for MARUTI.NS
2025-12-07 18:02:44,486 - INFO - Skipping weekend date: 2025-12-06 for MFSL.NS
2025-12-07 18:02:44,487 - INFO - Skipping weekend date: 2025-12-07 for MFSL.NS
2025-12-07 18:02:44,491 - INFO - Skipping weekend date: 2025-12-06 for MAXHEALTH.NS
2025-12-07 18:02:44,491 - INFO - Skipping weekend date: 2025-12-07 for MAXHEALTH.NS
2025-12-07 18:02:44,493 - INFO - Skipping weekend date: 2025-12-06 for MAZDOCK.NS
2025-12-07 18:02:44,493 - INFO - Skipping weekend date: 2025-12-07 for MAZDOCK.NS
2025-12-07 18:02:44,495 - INFO - Skipping weekend date: 2025-12-06 for METROPOLIS.NS
2025-12-07 18:02:44,495 - INFO - Skipping weekend date: 2025-12-07 for METROPOLIS.NS
2025-12-07 18:02:44,496 - INFO - Skipping weekend date: 2025-12-06 for MINDACORP.NS
2025-12-07 18:02:44,496 - INFO - Skipping weekend date: 2025-12-07 for MINDACORP.NS
2025-12-07 18:02:44,498 - INFO - Skipping weekend date: 2025-12-06 for MSUMI.NS
2025-12-07 18:02:44,498 - INFO - Skipping weekend date: 2025-12-07 for MSUMI.NS
2025-12-07 18:02:44,499 - INFO - Skipping weekend date: 2025-12-06 for MOTILALOFS.NS
2025-12-07 18:02:44,499 - INFO - Skipping weekend date: 2025-12-07 for MOTILALOFS.NS
2025-12-07 18:02:44,501 - INFO - Skipping weekend date: 2025-12-06 for MPHASIS.NS
2025-12-07 18:02:44,501 - INFO - Skipping weekend date: 2025-12-07 for MPHASIS.NS
2025-12-07 18:02:44,502 - INFO - Skipping weekend date: 2025-12-06 for MCX.NS
2025-12-07 18:02:44,503 - INFO - Skipping weekend date: 2025-12-07 for MCX.NS
2025-12-07 18:02:44,508 - INFO - Skipping weekend date: 2025-12-06 for MUTHOOTFIN.NS
2025-12-07 18:02:44,508 - INFO - Skipping weekend date: 2025-12-07 for MUTHOOTFIN.NS
2025-12-07 18:02:44,510 - INFO - Skipping weekend date: 2025-12-06 for NATCOPHARM.NS
2025-12-07 18:02:44,510 - INFO - Skipping weekend date: 2025-12-07 for NATCOPHARM.NS
2025-12-07 18:02:44,512 - INFO - Skipping weekend date: 2025-12-06 for NBCC.NS
2025-12-07 18:02:44,512 - INFO - Skipping weekend date: 2025-12-07 for NBCC.NS
2025-12-07 18:02:44,514 - INFO - Skipping weekend date: 2025-12-06 for NCC.NS
2025-12-07 18:02:44,514 - INFO - Skipping weekend date: 2025-12-07 for NCC.NS
2025-12-07 18:02:44,515 - INFO - Skipping weekend date: 2025-12-06 for NHPC.NS
2025-12-07 18:02:44,516 - INFO - Skipping weekend date: 2025-12-07 for NHPC.NS
2025-12-07 18:02:44,517 - INFO - Skipping weekend date: 2025-12-06 for NLCINDIA.NS
2025-12-07 18:02:44,517 - INFO - Skipping weekend date: 2025-12-07 for NLCINDIA.NS
2025-12-07 18:02:44,518 - INFO - Skipping weekend date: 2025-12-06 for NMDC.NS
2025-12-07 18:02:44,518 - INFO - Skipping weekend date: 2025-12-07 for NMDC.NS
2025-12-07 18:02:44,523 - INFO - Skipping weekend date: 2025-12-06 for NSLNISP.NS
2025-12-07 18:02:44,524 - INFO - Skipping weekend date: 2025-12-07 for NSLNISP.NS
2025-12-07 18:02:44,529 - INFO - Skipping weekend date: 2025-12-06 for NTPCGREEN.NS
2025-12-07 18:02:44,529 - INFO - Skipping weekend date: 2025-12-07 for NTPCGREEN.NS
2025-12-07 18:02:44,531 - INFO - Skipping weekend date: 2025-12-06 for NTPC.NS
2025-12-07 18:02:44,531 - INFO - Skipping weekend date: 2025-12-07 for NTPC.NS
2025-12-07 18:02:44,532 - INFO - Skipping weekend date: 2025-12-06 for NH.NS
2025-12-07 18:02:44,532 - INFO - Skipping weekend date: 2025-12-07 for NH.NS
2025-12-07 18:02:44,533 - INFO - Skipping weekend date: 2025-12-06 for NATIONALUM.NS
2025-12-07 18:02:44,533 - INFO - Skipping weekend date: 2025-12-07 for NATIONALUM.NS
2025-12-07 18:02:44,535 - INFO - Skipping weekend date: 2025-12-06 for NAVA.NS
2025-12-07 18:02:44,535 - INFO - Skipping weekend date: 2025-12-07 for NAVA.NS
2025-12-07 18:02:44,539 - INFO - Skipping weekend date: 2025-12-06 for NAVINFLUOR.NS
2025-12-07 18:02:44,541 - INFO - Skipping weekend date: 2025-12-07 for NAVINFLUOR.NS
2025-12-07 18:02:44,543 - INFO - Skipping weekend date: 2025-12-06 for NESTLEIND.NS
2025-12-07 18:02:44,543 - INFO - Skipping weekend date: 2025-12-07 for NESTLEIND.NS
2025-12-07 18:02:44,544 - INFO - Skipping weekend date: 2025-12-06 for NETWEB.NS
2025-12-07 18:02:44,545 - INFO - Skipping weekend date: 2025-12-07 for NETWEB.NS
2025-12-07 18:02:44,546 - INFO - Skipping weekend date: 2025-12-06 for NEULANDLAB.NS
2025-12-07 18:02:44,546 - INFO - Skipping weekend date: 2025-12-07 for NEULANDLAB.NS
2025-12-07 18:02:44,547 - INFO - Skipping weekend date: 2025-12-06 for NEWGEN.NS
2025-12-07 18:02:44,547 - INFO - Skipping weekend date: 2025-12-07 for NEWGEN.NS
2025-12-07 18:02:44,548 - INFO - Skipping weekend date: 2025-12-06 for NAM-INDIA.NS
2025-12-07 18:02:44,549 - INFO - Skipping weekend date: 2025-12-07 for NAM-INDIA.NS
2025-12-07 18:02:44,550 - INFO - Skipping weekend date: 2025-12-06 for NIVABUPA.NS
2025-12-07 18:02:44,550 - INFO - Skipping weekend date: 2025-12-07 for NIVABUPA.NS
2025-12-07 18:02:44,551 - INFO - Skipping weekend date: 2025-12-06 for NUVAMA.NS
2025-12-07 18:02:44,551 - INFO - Skipping weekend date: 2025-12-07 for NUVAMA.NS
2025-12-07 18:02:44,555 - INFO - Skipping weekend date: 2025-12-06 for NUVOCO.NS
2025-12-07 18:02:44,557 - INFO - Skipping weekend date: 2025-12-07 for NUVOCO.NS
2025-12-07 18:02:44,559 - INFO - Skipping weekend date: 2025-12-06 for OBEROIRLTY.NS
2025-12-07 18:02:44,559 - INFO - Skipping weekend date: 2025-12-07 for OBEROIRLTY.NS
2025-12-07 18:02:44,561 - INFO - Skipping weekend date: 2025-12-06 for ONGC.NS
2025-12-07 18:02:44,561 - INFO - Skipping weekend date: 2025-12-07 for ONGC.NS
2025-12-07 18:02:44,562 - INFO - Skipping weekend date: 2025-12-06 for OIL.NS
2025-12-07 18:02:44,562 - INFO - Skipping weekend date: 2025-12-07 for OIL.NS
2025-12-07 18:02:44,564 - INFO - Skipping weekend date: 2025-12-06 for OLAELEC.NS
2025-12-07 18:02:44,564 - INFO - Skipping weekend date: 2025-12-07 for OLAELEC.NS
2025-12-07 18:02:44,565 - INFO - Skipping weekend date: 2025-12-06 for OLECTRA.NS
2025-12-07 18:02:44,566 - INFO - Skipping weekend date: 2025-12-07 for OLECTRA.NS
2025-12-07 18:02:44,567 - INFO - Skipping weekend date: 2025-12-06 for PAYTM.NS
2025-12-07 18:02:44,567 - INFO - Skipping weekend date: 2025-12-07 for PAYTM.NS
2025-12-07 18:02:44,568 - INFO - Skipping weekend date: 2025-12-06 for ONESOURCE.NS
2025-12-07 18:02:44,568 - INFO - Skipping weekend date: 2025-12-07 for ONESOURCE.NS
2025-12-07 18:02:44,573 - INFO - Skipping weekend date: 2025-12-06 for OFSS.NS
2025-12-07 18:02:44,573 - INFO - Skipping weekend date: 2025-12-07 for OFSS.NS
2025-12-07 18:02:44,576 - INFO - Skipping weekend date: 2025-12-06 for POLICYBZR.NS
2025-12-07 18:02:44,576 - INFO - Skipping weekend date: 2025-12-07 for POLICYBZR.NS
2025-12-07 18:02:44,578 - INFO - Skipping weekend date: 2025-12-06 for PCBL.NS
2025-12-07 18:02:44,578 - INFO - Skipping weekend date: 2025-12-07 for PCBL.NS
2025-12-07 18:02:44,580 - INFO - Skipping weekend date: 2025-12-06 for PGEL.NS
2025-12-07 18:02:44,580 - INFO - Skipping weekend date: 2025-12-07 for PGEL.NS
2025-12-07 18:02:44,581 - INFO - Skipping weekend date: 2025-12-06 for PIIND.NS
2025-12-07 18:02:44,581 - INFO - Skipping weekend date: 2025-12-07 for PIIND.NS
2025-12-07 18:02:44,582 - INFO - Skipping weekend date: 2025-12-06 for PNBHOUSING.NS
2025-12-07 18:02:44,583 - INFO - Skipping weekend date: 2025-12-07 for PNBHOUSING.NS
2025-12-07 18:02:44,584 - INFO - Skipping weekend date: 2025-12-06 for PTCIL.NS
2025-12-07 18:02:44,584 - INFO - Skipping weekend date: 2025-12-07 for PTCIL.NS
2025-12-07 18:02:44,585 - INFO - Skipping weekend date: 2025-12-06 for PVRINOX.NS
2025-12-07 18:02:44,586 - INFO - Skipping weekend date: 2025-12-07 for PVRINOX.NS
2025-12-07 18:02:44,591 - INFO - Skipping weekend date: 2025-12-06 for PAGEIND.NS
2025-12-07 18:02:44,592 - INFO - Skipping weekend date: 2025-12-07 for PAGEIND.NS
2025-12-07 18:02:44,593 - INFO - Skipping weekend date: 2025-12-06 for PATANJALI.NS
2025-12-07 18:02:44,593 - INFO - Skipping weekend date: 2025-12-07 for PATANJALI.NS
2025-12-07 18:02:44,595 - INFO - Skipping weekend date: 2025-12-06 for PERSISTENT.NS
2025-12-07 18:02:44,595 - INFO - Skipping weekend date: 2025-12-07 for PERSISTENT.NS
2025-12-07 18:02:44,596 - INFO - Skipping weekend date: 2025-12-06 for PETRONET.NS
2025-12-07 18:02:44,596 - INFO - Skipping weekend date: 2025-12-07 for PETRONET.NS
2025-12-07 18:02:44,597 - INFO - Skipping weekend date: 2025-12-06 for PFIZER.NS
2025-12-07 18:02:44,597 - INFO - Skipping weekend date: 2025-12-07 for PFIZER.NS
2025-12-07 18:02:44,598 - INFO - Skipping weekend date: 2025-12-06 for PHOENIXLTD.NS
2025-12-07 18:02:44,599 - INFO - Skipping weekend date: 2025-12-07 for PHOENIXLTD.NS
2025-12-07 18:02:44,600 - INFO - Skipping weekend date: 2025-12-06 for PIDILITIND.NS
2025-12-07 18:02:44,600 - INFO - Skipping weekend date: 2025-12-07 for PIDILITIND.NS
2025-12-07 18:02:44,601 - INFO - Skipping weekend date: 2025-12-06 for PPLPHARMA.NS
2025-12-07 18:02:44,601 - INFO - Skipping weekend date: 2025-12-07 for PPLPHARMA.NS
2025-12-07 18:02:44,603 - INFO - Skipping weekend date: 2025-12-06 for POLYMED.NS
2025-12-07 18:02:44,603 - INFO - Skipping weekend date: 2025-12-07 for POLYMED.NS
2025-12-07 18:02:44,608 - INFO - Skipping weekend date: 2025-12-06 for POLYCAB.NS
2025-12-07 18:02:44,609 - INFO - Skipping weekend date: 2025-12-07 for POLYCAB.NS
2025-12-07 18:02:44,612 - INFO - Skipping weekend date: 2025-12-06 for POONAWALLA.NS
2025-12-07 18:02:44,612 - INFO - Skipping weekend date: 2025-12-07 for POONAWALLA.NS
2025-12-07 18:02:44,613 - INFO - Skipping weekend date: 2025-12-06 for PFC.NS
2025-12-07 18:02:44,614 - INFO - Skipping weekend date: 2025-12-07 for PFC.NS
2025-12-07 18:02:44,615 - INFO - Skipping weekend date: 2025-12-06 for POWERGRID.NS
2025-12-07 18:02:44,615 - INFO - Skipping weekend date: 2025-12-07 for POWERGRID.NS
2025-12-07 18:02:44,617 - INFO - Skipping weekend date: 2025-12-06 for PRAJIND.NS
2025-12-07 18:02:44,617 - INFO - Skipping weekend date: 2025-12-07 for PRAJIND.NS
2025-12-07 18:02:44,618 - INFO - Skipping weekend date: 2025-12-06 for PREMIERENE.NS
2025-12-07 18:02:44,618 - INFO - Skipping weekend date: 2025-12-07 for PREMIERENE.NS
2025-12-07 18:02:44,620 - INFO - Skipping weekend date: 2025-12-06 for PRESTIGE.NS
2025-12-07 18:02:44,621 - INFO - Skipping weekend date: 2025-12-07 for PRESTIGE.NS
2025-12-07 18:02:44,625 - INFO - Skipping weekend date: 2025-12-06 for PGHH.NS
2025-12-07 18:02:44,625 - INFO - Skipping weekend date: 2025-12-07 for PGHH.NS
2025-12-07 18:02:44,626 - INFO - Skipping weekend date: 2025-12-06 for PNB.NS
2025-12-07 18:02:44,626 - INFO - Skipping weekend date: 2025-12-07 for PNB.NS
2025-12-07 18:02:44,627 - INFO - Skipping weekend date: 2025-12-06 for RRKABEL.NS
2025-12-07 18:02:44,627 - INFO - Skipping weekend date: 2025-12-07 for RRKABEL.NS
2025-12-07 18:02:44,629 - INFO - Skipping weekend date: 2025-12-06 for RBLBANK.NS
2025-12-07 18:02:44,629 - INFO - Skipping weekend date: 2025-12-07 for RBLBANK.NS
2025-12-07 18:02:44,630 - INFO - Skipping weekend date: 2025-12-06 for RECLTD.NS
2025-12-07 18:02:44,630 - INFO - Skipping weekend date: 2025-12-07 for RECLTD.NS
2025-12-07 18:02:44,631 - INFO - Skipping weekend date: 2025-12-06 for RHIM.NS
2025-12-07 18:02:44,631 - INFO - Skipping weekend date: 2025-12-07 for RHIM.NS
2025-12-07 18:02:44,632 - INFO - Skipping weekend date: 2025-12-06 for RITES.NS
2025-12-07 18:02:44,633 - INFO - Skipping weekend date: 2025-12-07 for RITES.NS
2025-12-07 18:02:44,634 - INFO - Skipping weekend date: 2025-12-06 for RADICO.NS
2025-12-07 18:02:44,634 - INFO - Skipping weekend date: 2025-12-07 for RADICO.NS
2025-12-07 18:02:44,635 - INFO - Skipping weekend date: 2025-12-06 for RVNL.NS
2025-12-07 18:02:44,635 - INFO - Skipping weekend date: 2025-12-07 for RVNL.NS
2025-12-07 18:02:44,639 - INFO - Skipping weekend date: 2025-12-06 for RAILTEL.NS
2025-12-07 18:02:44,640 - INFO - Skipping weekend date: 2025-12-07 for RAILTEL.NS
2025-12-07 18:02:44,642 - INFO - Skipping weekend date: 2025-12-06 for RAINBOW.NS
2025-12-07 18:02:44,642 - INFO - Skipping weekend date: 2025-12-07 for RAINBOW.NS
2025-12-07 18:02:44,643 - INFO - Skipping weekend date: 2025-12-06 for RKFORGE.NS
2025-12-07 18:02:44,643 - INFO - Skipping weekend date: 2025-12-07 for RKFORGE.NS
2025-12-07 18:02:44,644 - INFO - Skipping weekend date: 2025-12-06 for RCF.NS
2025-12-07 18:02:44,644 - INFO - Skipping weekend date: 2025-12-07 for RCF.NS
2025-12-07 18:02:44,645 - INFO - Skipping weekend date: 2025-12-06 for REDINGTON.NS
2025-12-07 18:02:44,645 - INFO - Skipping weekend date: 2025-12-07 for REDINGTON.NS
2025-12-07 18:02:44,647 - INFO - Skipping weekend date: 2025-12-06 for RELIANCE.NS
2025-12-07 18:02:44,647 - INFO - Skipping weekend date: 2025-12-07 for RELIANCE.NS
2025-12-07 18:02:44,648 - INFO - Skipping weekend date: 2025-12-06 for RELINFRA.NS
2025-12-07 18:02:44,648 - INFO - Skipping weekend date: 2025-12-07 for RELINFRA.NS
2025-12-07 18:02:44,649 - INFO - Skipping weekend date: 2025-12-06 for RPOWER.NS
2025-12-07 18:02:44,649 - INFO - Skipping weekend date: 2025-12-07 for RPOWER.NS
2025-12-07 18:02:44,651 - INFO - Skipping weekend date: 2025-12-06 for SBFC.NS
2025-12-07 18:02:44,651 - INFO - Skipping weekend date: 2025-12-07 for SBFC.NS
2025-12-07 18:02:44,652 - INFO - Skipping weekend date: 2025-12-06 for SBICARD.NS
2025-12-07 18:02:44,652 - INFO - Skipping weekend date: 2025-12-07 for SBICARD.NS
2025-12-07 18:02:44,657 - INFO - Skipping weekend date: 2025-12-06 for SBILIFE.NS
2025-12-07 18:02:44,657 - INFO - Skipping weekend date: 2025-12-07 for SBILIFE.NS
2025-12-07 18:02:44,659 - INFO - Skipping weekend date: 2025-12-06 for SJVN.NS
2025-12-07 18:02:44,659 - INFO - Skipping weekend date: 2025-12-07 for SJVN.NS
2025-12-07 18:02:44,660 - INFO - Skipping weekend date: 2025-12-06 for SKFINDUS.NS
2025-12-07 18:02:44,660 - INFO - Skipping weekend date: 2025-12-07 for SKFINDUS.NS
2025-12-07 18:02:44,661 - INFO - Skipping weekend date: 2025-12-06 for SKFINDIA.NS
2025-12-07 18:02:44,661 - INFO - Skipping weekend date: 2025-12-07 for SKFINDIA.NS
2025-12-07 18:02:44,662 - INFO - Skipping weekend date: 2025-12-06 for SRF.NS
2025-12-07 18:02:44,663 - INFO - Skipping weekend date: 2025-12-07 for SRF.NS
2025-12-07 18:02:44,664 - INFO - Skipping weekend date: 2025-12-06 for SAGILITY.NS
2025-12-07 18:02:44,664 - INFO - Skipping weekend date: 2025-12-07 for SAGILITY.NS
2025-12-07 18:02:44,665 - INFO - Skipping weekend date: 2025-12-06 for SAILIFE.NS
2025-12-07 18:02:44,665 - INFO - Skipping weekend date: 2025-12-07 for SAILIFE.NS
2025-12-07 18:02:44,666 - INFO - Skipping weekend date: 2025-12-06 for SAMMAANCAP.NS
2025-12-07 18:02:44,667 - INFO - Skipping weekend date: 2025-12-07 for SAMMAANCAP.NS
2025-12-07 18:02:44,668 - INFO - Skipping weekend date: 2025-12-06 for MOTHERSON.NS
2025-12-07 18:02:44,668 - INFO - Skipping weekend date: 2025-12-07 for MOTHERSON.NS
2025-12-07 18:02:44,670 - INFO - Skipping weekend date: 2025-12-06 for SAPPHIRE.NS
2025-12-07 18:02:44,670 - INFO - Skipping weekend date: 2025-12-07 for SAPPHIRE.NS
2025-12-07 18:02:44,674 - INFO - Skipping weekend date: 2025-12-06 for SARDAEN.NS
2025-12-07 18:02:44,674 - INFO - Skipping weekend date: 2025-12-07 for SARDAEN.NS
2025-12-07 18:02:44,676 - INFO - Skipping weekend date: 2025-12-06 for SAREGAMA.NS
2025-12-07 18:02:44,676 - INFO - Skipping weekend date: 2025-12-07 for SAREGAMA.NS
2025-12-07 18:02:44,677 - INFO - Skipping weekend date: 2025-12-06 for SCHAEFFLER.NS
2025-12-07 18:02:44,677 - INFO - Skipping weekend date: 2025-12-07 for SCHAEFFLER.NS
2025-12-07 18:02:44,679 - INFO - Skipping weekend date: 2025-12-06 for SCHNEIDER.NS
2025-12-07 18:02:44,679 - INFO - Skipping weekend date: 2025-12-07 for SCHNEIDER.NS
2025-12-07 18:02:44,680 - INFO - Skipping weekend date: 2025-12-06 for SCI.NS
2025-12-07 18:02:44,680 - INFO - Skipping weekend date: 2025-12-07 for SCI.NS
2025-12-07 18:02:44,681 - INFO - Skipping weekend date: 2025-12-06 for SHREECEM.NS
2025-12-07 18:02:44,682 - INFO - Skipping weekend date: 2025-12-07 for SHREECEM.NS
2025-12-07 18:02:44,684 - INFO - Skipping weekend date: 2025-12-06 for SHRIRAMFIN.NS
2025-12-07 18:02:44,684 - INFO - Skipping weekend date: 2025-12-07 for SHRIRAMFIN.NS
2025-12-07 18:02:44,687 - INFO - Skipping weekend date: 2025-12-06 for SHYAMMETL.NS
2025-12-07 18:02:44,688 - INFO - Skipping weekend date: 2025-12-07 for SHYAMMETL.NS
2025-12-07 18:02:44,692 - INFO - Skipping weekend date: 2025-12-06 for ENRIN.NS
2025-12-07 18:02:44,692 - INFO - Skipping weekend date: 2025-12-07 for ENRIN.NS
2025-12-07 18:02:44,694 - INFO - Skipping weekend date: 2025-12-06 for SIEMENS.NS
2025-12-07 18:02:44,694 - INFO - Skipping weekend date: 2025-12-07 for SIEMENS.NS
2025-12-07 18:02:44,695 - INFO - Skipping weekend date: 2025-12-06 for SIGNATURE.NS
2025-12-07 18:02:44,695 - INFO - Skipping weekend date: 2025-12-07 for SIGNATURE.NS
2025-12-07 18:02:44,697 - INFO - Skipping weekend date: 2025-12-06 for SOBHA.NS
2025-12-07 18:02:44,697 - INFO - Skipping weekend date: 2025-12-07 for SOBHA.NS
2025-12-07 18:02:44,699 - INFO - Skipping weekend date: 2025-12-06 for SOLARINDS.NS
2025-12-07 18:02:44,699 - INFO - Skipping weekend date: 2025-12-07 for SOLARINDS.NS
2025-12-07 18:02:44,700 - INFO - Skipping weekend date: 2025-12-06 for SONACOMS.NS
2025-12-07 18:02:44,700 - INFO - Skipping weekend date: 2025-12-07 for SONACOMS.NS
2025-12-07 18:02:44,701 - INFO - Skipping weekend date: 2025-12-06 for SONATSOFTW.NS
2025-12-07 18:02:44,701 - INFO - Skipping weekend date: 2025-12-07 for SONATSOFTW.NS
2025-12-07 18:02:44,704 - INFO - Skipping weekend date: 2025-12-06 for STARHEALTH.NS
2025-12-07 18:02:44,705 - INFO - Skipping weekend date: 2025-12-07 for STARHEALTH.NS
2025-12-07 18:02:44,708 - INFO - Skipping weekend date: 2025-12-06 for SBIN.NS
2025-12-07 18:02:44,708 - INFO - Skipping weekend date: 2025-12-07 for SBIN.NS
2025-12-07 18:02:44,710 - INFO - Skipping weekend date: 2025-12-06 for SAIL.NS
2025-12-07 18:02:44,710 - INFO - Skipping weekend date: 2025-12-07 for SAIL.NS
2025-12-07 18:02:44,711 - INFO - Skipping weekend date: 2025-12-06 for SUMICHEM.NS
2025-12-07 18:02:44,711 - INFO - Skipping weekend date: 2025-12-07 for SUMICHEM.NS
2025-12-07 18:02:44,712 - INFO - Skipping weekend date: 2025-12-06 for SUNPHARMA.NS
2025-12-07 18:02:44,713 - INFO - Skipping weekend date: 2025-12-07 for SUNPHARMA.NS
2025-12-07 18:02:44,714 - INFO - Skipping weekend date: 2025-12-06 for SUNTV.NS
2025-12-07 18:02:44,714 - INFO - Skipping weekend date: 2025-12-07 for SUNTV.NS
2025-12-07 18:02:44,715 - INFO - Skipping weekend date: 2025-12-06 for SUNDARMFIN.NS
2025-12-07 18:02:44,715 - INFO - Skipping weekend date: 2025-12-07 for SUNDARMFIN.NS
2025-12-07 18:02:44,716 - INFO - Skipping weekend date: 2025-12-06 for SUNDRMFAST.NS
2025-12-07 18:02:44,717 - INFO - Skipping weekend date: 2025-12-07 for SUNDRMFAST.NS
2025-12-07 18:02:44,718 - INFO - Skipping weekend date: 2025-12-06 for SUPREMEIND.NS
2025-12-07 18:02:44,718 - INFO - Skipping weekend date: 2025-12-07 for SUPREMEIND.NS
2025-12-07 18:02:44,720 - INFO - Skipping weekend date: 2025-12-06 for SUZLON.NS
2025-12-07 18:02:44,720 - INFO - Skipping weekend date: 2025-12-07 for SUZLON.NS
2025-12-07 18:02:44,725 - INFO - Skipping weekend date: 2025-12-06 for SWANCORP.NS
2025-12-07 18:02:44,725 - INFO - Skipping weekend date: 2025-12-07 for SWANCORP.NS
2025-12-07 18:02:44,727 - INFO - Skipping weekend date: 2025-12-06 for SWIGGY.NS
2025-12-07 18:02:44,727 - INFO - Skipping weekend date: 2025-12-07 for SWIGGY.NS
2025-12-07 18:02:44,728 - INFO - Skipping weekend date: 2025-12-06 for SYNGENE.NS
2025-12-07 18:02:44,728 - INFO - Skipping weekend date: 2025-12-07 for SYNGENE.NS
2025-12-07 18:02:44,730 - INFO - Skipping weekend date: 2025-12-06 for SYRMA.NS
2025-12-07 18:02:44,730 - INFO - Skipping weekend date: 2025-12-07 for SYRMA.NS
2025-12-07 18:02:44,731 - INFO - Skipping weekend date: 2025-12-06 for TBOTEK.NS
2025-12-07 18:02:44,731 - INFO - Skipping weekend date: 2025-12-07 for TBOTEK.NS
2025-12-07 18:02:44,732 - INFO - Skipping weekend date: 2025-12-06 for TVSMOTOR.NS
2025-12-07 18:02:44,732 - INFO - Skipping weekend date: 2025-12-07 for TVSMOTOR.NS
2025-12-07 18:02:44,733 - INFO - Skipping weekend date: 2025-12-06 for TATACHEM.NS
2025-12-07 18:02:44,734 - INFO - Skipping weekend date: 2025-12-07 for TATACHEM.NS
2025-12-07 18:02:44,735 - INFO - Skipping weekend date: 2025-12-06 for TATACOMM.NS
2025-12-07 18:02:44,735 - INFO - Skipping weekend date: 2025-12-07 for TATACOMM.NS
2025-12-07 18:02:44,738 - INFO - Skipping weekend date: 2025-12-06 for TCS.NS
2025-12-07 18:02:44,740 - INFO - Skipping weekend date: 2025-12-07 for TCS.NS
2025-12-07 18:02:44,742 - INFO - Skipping weekend date: 2025-12-06 for TATACONSUM.NS
2025-12-07 18:02:44,742 - INFO - Skipping weekend date: 2025-12-07 for TATACONSUM.NS
2025-12-07 18:02:44,743 - INFO - Skipping weekend date: 2025-12-06 for TATAELXSI.NS
2025-12-07 18:02:44,743 - INFO - Skipping weekend date: 2025-12-07 for TATAELXSI.NS
2025-12-07 18:02:44,745 - INFO - Skipping weekend date: 2025-12-06 for TATAINVEST.NS
2025-12-07 18:02:44,745 - INFO - Skipping weekend date: 2025-12-07 for TATAINVEST.NS
2025-12-07 18:02:44,746 - INFO - Skipping weekend date: 2025-12-06 for TMPV.NS
2025-12-07 18:02:44,746 - INFO - Skipping weekend date: 2025-12-07 for TMPV.NS
2025-12-07 18:02:44,747 - INFO - Skipping weekend date: 2025-12-06 for TATAPOWER.NS
2025-12-07 18:02:44,748 - INFO - Skipping weekend date: 2025-12-07 for TATAPOWER.NS
2025-12-07 18:02:44,748 - INFO - Skipping weekend date: 2025-12-06 for TATASTEEL.NS
2025-12-07 18:02:44,749 - INFO - Skipping weekend date: 2025-12-07 for TATASTEEL.NS
2025-12-07 18:02:44,750 - INFO - Skipping weekend date: 2025-12-06 for TATATECH.NS
2025-12-07 18:02:44,750 - INFO - Skipping weekend date: 2025-12-07 for TATATECH.NS
2025-12-07 18:02:44,751 - INFO - Skipping weekend date: 2025-12-06 for TTML.NS
2025-12-07 18:02:44,751 - INFO - Skipping weekend date: 2025-12-07 for TTML.NS
2025-12-07 18:02:44,752 - INFO - Skipping weekend date: 2025-12-06 for TECHM.NS
2025-12-07 18:02:44,752 - INFO - Skipping weekend date: 2025-12-07 for TECHM.NS
2025-12-07 18:02:44,757 - INFO - Skipping weekend date: 2025-12-06 for TECHNOE.NS
2025-12-07 18:02:44,758 - INFO - Skipping weekend date: 2025-12-07 for TECHNOE.NS
2025-12-07 18:02:44,759 - INFO - Skipping weekend date: 2025-12-06 for TEJASNET.NS
2025-12-07 18:02:44,760 - INFO - Skipping weekend date: 2025-12-07 for TEJASNET.NS
2025-12-07 18:02:44,762 - INFO - Skipping weekend date: 2025-12-06 for NIACL.NS
2025-12-07 18:02:44,762 - INFO - Skipping weekend date: 2025-12-07 for NIACL.NS
2025-12-07 18:02:44,763 - INFO - Skipping weekend date: 2025-12-06 for RAMCOCEM.NS
2025-12-07 18:02:44,764 - INFO - Skipping weekend date: 2025-12-07 for RAMCOCEM.NS
2025-12-07 18:02:44,765 - INFO - Skipping weekend date: 2025-12-06 for THERMAX.NS
2025-12-07 18:02:44,765 - INFO - Skipping weekend date: 2025-12-07 for THERMAX.NS
2025-12-07 18:02:44,766 - INFO - Skipping weekend date: 2025-12-06 for TIMKEN.NS
2025-12-07 18:02:44,766 - INFO - Skipping weekend date: 2025-12-07 for TIMKEN.NS
2025-12-07 18:02:44,767 - INFO - Skipping weekend date: 2025-12-06 for TITAGARH.NS
2025-12-07 18:02:44,767 - INFO - Skipping weekend date: 2025-12-07 for TITAGARH.NS
2025-12-07 18:02:44,769 - INFO - Skipping weekend date: 2025-12-06 for TITAN.NS
2025-12-07 18:02:44,769 - INFO - Skipping weekend date: 2025-12-07 for TITAN.NS
2025-12-07 18:02:44,773 - INFO - Skipping weekend date: 2025-12-06 for TORNTPHARM.NS
2025-12-07 18:02:44,774 - INFO - Skipping weekend date: 2025-12-07 for TORNTPHARM.NS
2025-12-07 18:02:44,776 - INFO - Skipping weekend date: 2025-12-06 for TORNTPOWER.NS
2025-12-07 18:02:44,776 - INFO - Skipping weekend date: 2025-12-07 for TORNTPOWER.NS
2025-12-07 18:02:44,777 - INFO - Skipping weekend date: 2025-12-06 for TARIL.NS
2025-12-07 18:02:44,777 - INFO - Skipping weekend date: 2025-12-07 for TARIL.NS
2025-12-07 18:02:44,778 - INFO - Skipping weekend date: 2025-12-06 for TRENT.NS
2025-12-07 18:02:44,778 - INFO - Skipping weekend date: 2025-12-07 for TRENT.NS
2025-12-07 18:02:44,779 - INFO - Skipping weekend date: 2025-12-06 for TRIDENT.NS
2025-12-07 18:02:44,779 - INFO - Skipping weekend date: 2025-12-07 for TRIDENT.NS
2025-12-07 18:02:44,780 - INFO - Skipping weekend date: 2025-12-06 for TRIVENI.NS
2025-12-07 18:02:44,781 - INFO - Skipping weekend date: 2025-12-07 for TRIVENI.NS
2025-12-07 18:02:44,782 - INFO - Skipping weekend date: 2025-12-06 for TRITURBINE.NS
2025-12-07 18:02:44,782 - INFO - Skipping weekend date: 2025-12-07 for TRITURBINE.NS
2025-12-07 18:02:44,783 - INFO - Skipping weekend date: 2025-12-06 for TIINDIA.NS
2025-12-07 18:02:44,783 - INFO - Skipping weekend date: 2025-12-07 for TIINDIA.NS
2025-12-07 18:02:44,784 - INFO - Skipping weekend date: 2025-12-06 for UCOBANK.NS
2025-12-07 18:02:44,784 - INFO - Skipping weekend date: 2025-12-07 for UCOBANK.NS
2025-12-07 18:02:44,785 - INFO - Skipping weekend date: 2025-12-06 for UNOMINDA.NS
2025-12-07 18:02:44,786 - INFO - Skipping weekend date: 2025-12-07 for UNOMINDA.NS
2025-12-07 18:02:44,790 - INFO - Skipping weekend date: 2025-12-06 for UPL.NS
2025-12-07 18:02:44,790 - INFO - Skipping weekend date: 2025-12-07 for UPL.NS
2025-12-07 18:02:44,792 - INFO - Skipping weekend date: 2025-12-06 for UTIAMC.NS
2025-12-07 18:02:44,792 - INFO - Skipping weekend date: 2025-12-07 for UTIAMC.NS
2025-12-07 18:02:44,793 - INFO - Skipping weekend date: 2025-12-06 for ULTRACEMCO.NS
2025-12-07 18:02:44,793 - INFO - Skipping weekend date: 2025-12-07 for ULTRACEMCO.NS
2025-12-07 18:02:44,794 - INFO - Skipping weekend date: 2025-12-06 for UNIONBANK.NS
2025-12-07 18:02:44,794 - INFO - Skipping weekend date: 2025-12-07 for UNIONBANK.NS
2025-12-07 18:02:44,795 - INFO - Skipping weekend date: 2025-12-06 for UBL.NS
2025-12-07 18:02:44,796 - INFO - Skipping weekend date: 2025-12-07 for UBL.NS
2025-12-07 18:02:44,797 - INFO - Skipping weekend date: 2025-12-06 for UNITDSPR.NS
2025-12-07 18:02:44,797 - INFO - Skipping weekend date: 2025-12-07 for UNITDSPR.NS
2025-12-07 18:02:44,798 - INFO - Skipping weekend date: 2025-12-06 for USHAMART.NS
2025-12-07 18:02:44,798 - INFO - Skipping weekend date: 2025-12-07 for USHAMART.NS
2025-12-07 18:02:44,799 - INFO - Skipping weekend date: 2025-12-06 for VGUARD.NS
2025-12-07 18:02:44,799 - INFO - Skipping weekend date: 2025-12-07 for VGUARD.NS
2025-12-07 18:02:44,800 - INFO - Skipping weekend date: 2025-12-06 for DBREALTY.NS
2025-12-07 18:02:44,800 - INFO - Skipping weekend date: 2025-12-07 for DBREALTY.NS
2025-12-07 18:02:44,801 - INFO - Skipping weekend date: 2025-12-06 for VTL.NS
2025-12-07 18:02:44,802 - INFO - Skipping weekend date: 2025-12-07 for VTL.NS
2025-12-07 18:02:44,804 - INFO - Skipping weekend date: 2025-12-06 for VBL.NS
2025-12-07 18:02:44,804 - INFO - Skipping weekend date: 2025-12-07 for VBL.NS
2025-12-07 18:02:44,808 - INFO - Skipping weekend date: 2025-12-06 for MANYAVAR.NS
2025-12-07 18:02:44,808 - INFO - Skipping weekend date: 2025-12-07 for MANYAVAR.NS
2025-12-07 18:02:44,809 - INFO - Skipping weekend date: 2025-12-06 for VEDL.NS
2025-12-07 18:02:44,810 - INFO - Skipping weekend date: 2025-12-07 for VEDL.NS
2025-12-07 18:02:44,811 - INFO - Skipping weekend date: 2025-12-06 for VENTIVE.NS
2025-12-07 18:02:44,811 - INFO - Skipping weekend date: 2025-12-07 for VENTIVE.NS
2025-12-07 18:02:44,812 - INFO - Skipping weekend date: 2025-12-06 for VIJAYA.NS
2025-12-07 18:02:44,812 - INFO - Skipping weekend date: 2025-12-07 for VIJAYA.NS
2025-12-07 18:02:44,813 - INFO - Skipping weekend date: 2025-12-06 for VMM.NS
2025-12-07 18:02:44,813 - INFO - Skipping weekend date: 2025-12-07 for VMM.NS
2025-12-07 18:02:44,814 - INFO - Skipping weekend date: 2025-12-06 for IDEA.NS
2025-12-07 18:02:44,814 - INFO - Skipping weekend date: 2025-12-07 for IDEA.NS
2025-12-07 18:02:44,815 - INFO - Skipping weekend date: 2025-12-06 for VOLTAS.NS
2025-12-07 18:02:44,816 - INFO - Skipping weekend date: 2025-12-07 for VOLTAS.NS
2025-12-07 18:02:44,817 - INFO - Skipping weekend date: 2025-12-06 for WAAREEENER.NS
2025-12-07 18:02:44,817 - INFO - Skipping weekend date: 2025-12-07 for WAAREEENER.NS
2025-12-07 18:02:44,818 - INFO - Skipping weekend date: 2025-12-06 for WELCORP.NS
2025-12-07 18:02:44,818 - INFO - Skipping weekend date: 2025-12-07 for WELCORP.NS
2025-12-07 18:02:44,820 - INFO - Skipping weekend date: 2025-12-06 for WELSPUNLIV.NS
2025-12-07 18:02:44,820 - INFO - Skipping weekend date: 2025-12-07 for WELSPUNLIV.NS
2025-12-07 18:02:44,825 - INFO - Skipping weekend date: 2025-12-06 for WHIRLPOOL.NS
2025-12-07 18:02:44,825 - INFO - Skipping weekend date: 2025-12-07 for WHIRLPOOL.NS
2025-12-07 18:02:44,826 - INFO - Skipping weekend date: 2025-12-06 for WIPRO.NS
2025-12-07 18:02:44,827 - INFO - Skipping weekend date: 2025-12-07 for WIPRO.NS
2025-12-07 18:02:44,828 - INFO - Skipping weekend date: 2025-12-06 for WOCKPHARMA.NS
2025-12-07 18:02:44,828 - INFO - Skipping weekend date: 2025-12-07 for WOCKPHARMA.NS
2025-12-07 18:02:44,829 - INFO - Skipping weekend date: 2025-12-06 for YESBANK.NS
2025-12-07 18:02:44,829 - INFO - Skipping weekend date: 2025-12-07 for YESBANK.NS
2025-12-07 18:02:44,830 - INFO - Skipping weekend date: 2025-12-06 for ZFCVINDIA.NS
2025-12-07 18:02:44,831 - INFO - Skipping weekend date: 2025-12-07 for ZFCVINDIA.NS
2025-12-07 18:02:44,832 - INFO - Skipping weekend date: 2025-12-06 for ZEEL.NS
2025-12-07 18:02:44,832 - INFO - Skipping weekend date: 2025-12-07 for ZEEL.NS
2025-12-07 18:02:44,833 - INFO - Skipping weekend date: 2025-12-06 for ZENTEC.NS
2025-12-07 18:02:44,833 - INFO - Skipping weekend date: 2025-12-07 for ZENTEC.NS
2025-12-07 18:02:44,834 - INFO - Skipping weekend date: 2025-12-06 for ZENSARTECH.NS
2025-12-07 18:02:44,835 - INFO - Skipping weekend date: 2025-12-07 for ZENSARTECH.NS
2025-12-07 18:02:44,837 - INFO - Skipping weekend date: 2025-12-06 for ZYDUSLIFE.NS
2025-12-07 18:02:44,838 - INFO - Skipping weekend date: 2025-12-07 for ZYDUSLIFE.NS
2025-12-07 18:02:44,842 - INFO - Skipping weekend date: 2025-12-06 for ECLERX.NS
2025-12-07 18:02:44,843 - INFO - Skipping weekend date: 2025-12-07 for ECLERX.NS
2025-12-07 18:02:44,843 - INFO - skipping 501 tickers (Data up-to-date).
2025-12-07 18:02:44,843 - INFO - Fetching data for 1 tickers starting from 1y...
2025-12-07 18:02:46,509 - INFO - Loading collected data from database...
2025-12-07 18:02:46,919 - WARNING - No data available in DB for DUMMYHDLVR.NS
2025-12-07 18:02:47,882 - INFO - Loaded 501 tickers for analysis.
2025-12-07 18:02:47,882 - INFO - Analyzing stocks...
2025-12-07 18:02:47,883 - INFO - Starting scan for 502 stocks...
2025-12-07 18:02:47,883 - INFO - Analyzed 0/502 stocks...
2025-12-07 18:02:48,620 - INFO - Analyzed 50/502 stocks...
2025-12-07 18:02:49,419 - INFO - Analyzed 100/502 stocks...
2025-12-07 18:02:50,179 - INFO - Analyzed 150/502 stocks...
2025-12-07 18:02:50,979 - INFO - Analyzed 200/502 stocks...
2025-12-07 18:02:51,683 - INFO - Analyzed 250/502 stocks...
2025-12-07 18:02:52,426 - INFO - Analyzed 300/502 stocks...
2025-12-07 18:02:53,130 - INFO - Analyzed 350/502 stocks...
2025-12-07 18:02:53,910 - INFO - Analyzed 400/502 stocks...
2025-12-07 18:02:54,594 - INFO - Analyzed 450/502 stocks...
2025-12-07 18:02:55,429 - INFO - Analyzed 500/502 stocks...
2025-12-07 18:02:55,476 - INFO - Found 25 winners.
2025-12-07 18:02:55,518 - INFO - 
Top 5 stocks with the highest momentum:
