2025-12-07 17:55:02,315 - INFO - Starting Stock Screener Application
2025-12-07 17:55:02,315 - INFO - Loading Nifty 500 tickers...
2025-12-07 17:55:02,464 - INFO - Initializing data fetch process...
2025-12-07 17:55:03,149 - INFO - Fetching data for 501 tickers starting from 2025-12-06...
2025-12-07 17:55:22,815 - INFO - Fetching data for 1 tickers starting from 1y...
2025-12-07 17:55:24,244 - INFO - Loading collected data from database...
2025-12-07 17:55:25,014 - WARNING - No data available in DB for DUMMYHDLVR.NS
2025-12-07 17:55:27,209 - INFO - Loaded 501 tickers for analysis.
2025-12-07 17:55:27,209 - INFO - Analyzing stocks...
2025-12-07 17:55:27,210 - INFO - Starting scan for 502 stocks...
2025-12-07 17:55:27,210 - INFO - Analyzed 0/502 stocks...
2025-12-07 17:55:28,555 - INFO - Analyzed 50/502 stocks...
2025-12-07 17:55:29,385 - INFO - Analyzed 100/502 stocks...
2025-12-07 17:55:30,136 - INFO - Analyzed 150/502 stocks...
2025-12-07 17:55:31,115 - INFO - Analyzed 200/502 stocks...
2025-12-07 17:55:31,956 - INFO - Analyzed 250/502 stocks...
2025-12-07 17:55:32,709 - INFO - Analyzed 300/502 stocks...
2025-12-07 17:55:33,482 - INFO - Analyzed 350/502 stocks...
2025-12-07 17:55:34,255 - INFO - Analyzed 400/502 stocks...
2025-12-07 17:55:35,006 - INFO - Analyzed 450/502 stocks...
2025-12-07 17:55:35,884 - INFO - Analyzed 500/502 stocks...
2025-12-07 17:55:35,923 - INFO - Found 25 winners.
2025-12-07 17:55:35,974 - INFO - 
Top 5 stocks with the highest momentum:
