2025-12-07 17:52:11,626 - INFO - Starting Stock Screener Application
2025-12-07 17:52:11,627 - INFO - Loading Nifty 500 tickers...
2025-12-07 17:52:11,801 - INFO - Initializing data fetch process...
2025-12-07 17:52:12,352 - INFO - Fetching data for 501 tickers starting from 2025-12-06...
2025-12-07 17:52:35,425 - INFO - Fetching data for 1 tickers starting from 1y...
2025-12-07 17:52:36,900 - INFO - Loading collected data from database...
2025-12-07 17:52:37,278 - WARNING - No data available in DB for DUMMYHDLVR.NS
2025-12-07 17:52:38,184 - INFO - Loaded 501 tickers for analysis.
2025-12-07 17:52:38,185 - INFO - Analyzing stocks...
2025-12-07 17:52:38,185 - INFO - Starting scan for 502 stocks...
2025-12-07 17:52:38,185 - INFO - Analyzed 0/502 stocks...
2025-12-07 17:52:38,892 - INFO - Analyzed 50/502 stocks...
2025-12-07 17:52:39,595 - INFO - Analyzed 100/502 stocks...
2025-12-07 17:52:40,319 - INFO - Analyzed 150/502 stocks...
2025-12-07 17:52:41,340 - INFO - Analyzed 200/502 stocks...
2025-12-07 17:52:42,015 - INFO - Analyzed 250/502 stocks...
2025-12-07 17:52:42,855 - INFO - Analyzed 300/502 stocks...
2025-12-07 17:52:43,625 - INFO - Analyzed 350/502 stocks...
2025-12-07 17:52:44,451 - INFO - Analyzed 400/502 stocks...
2025-12-07 17:52:45,247 - INFO - Analyzed 450/502 stocks...
2025-12-07 17:52:46,189 - INFO - Analyzed 500/502 stocks...
2025-12-07 17:52:46,245 - INFO - Found 25 winners.
2025-12-07 17:52:46,300 - INFO - 
Top 5 stocks with the highest momentum:
